0
REACTOME_DOWNSTREAM_SIGNAL_TRANSDUCTION
结果为： (22, 913)
REACTOME_SIGNALING_BY_PDGF
结果为： (27, 891)
REACTOME_NEGATIVE_REGULATION_OF_THE_PI3K_AKT_NETWORK
结果为： (32, 896)
REACTOME_PI3K_AKT_SIGNALING_IN_CANCER
结果为： (31, 888)
REACTOME_CONSTITUTIVE_SIGNALING_BY_ABERRANT_PI3K_IN_CANCER
结果为： (35, 853)
REACTOME_DISEASES_OF_SIGNAL_TRANSDUCTION_BY_GROWTH_FACTOR_RECEPTORS_AND_SECOND_MESSENGERS
结果为： (25, 1014)
REACTOME_MAPK_FAMILY_SIGNALING_CASCADES
结果为： (18, 8)
REACTOME_INTRACELLULAR_SIGNALING_BY_SECOND_MESSENGERS
结果为： (25, 986)
REACTOME_SIGNALING_BY_RECEPTOR_TYROSINE_KINASES
结果为： (30, 1013)
WP_FOCAL_ADHESION
结果为： (33, 950)
WP_IMATINIB_AND_CHRONIC_MYELOID_LEUKEMIA
结果为： (27, 801)
WP_PDGFRBETA_PATHWAY
结果为： (25, 922)
WP_EGFR_TYROSINE_KINASE_INHIBITOR_RESISTANCE
结果为： (26, 910)
WP_RAS_SIGNALING
结果为： (32, 941)
WP_CLEAR_CELL_RENAL_CELL_CARCINOMA_PATHWAYS
结果为： (18, 6)
WP_GLIOBLASTOMA_SIGNALING_PATHWAYS
结果为： (18, 6)
WP_HIPPO_SIGNALING_REGULATION_PATHWAYS
结果为： (30, 896)
WP_MIRNA_REGULATION_OF_PROSTATE_CANCER_SIGNALING_PATHWAYS
结果为： (18, 8)
WP_REGULATION_OF_ACTIN_CYTOSKELETON
结果为： (30, 938)
WP_BURN_WOUND_HEALING
结果为： (18, 8)
WP_MAPK_SIGNALING_PATHWAY
结果为： (18, 7)
WP_FOCAL_ADHESION_PI3KAKTMTORSIGNALING_PATHWAY
结果为： (18, 2)
WP_REGULATORY_CIRCUITS_OF_THE_STAT3_SIGNALING_PATHWAY
结果为： (29, 876)
WP_GENES_CONTROLLING_NEPHROGENESIS
结果为： (34, 810)
WP_MARKERS_OF_KIDNEY_CELL_LINEAGE
结果为： (32, 790)
WP_HIPPOMERLIN_SIGNALING_DYSREGULATION
结果为： (31, 905)
WP_OSTEOBLAST_SIGNALING
结果为： (28, 630)
WP_PDGF_PATHWAY
结果为： (23, 922)
WP_MALIGNANT_PLEURAL_MESOTHELIOMA
结果为： (18, 7)
WP_PI3KAKT_SIGNALING_PATHWAY
结果为： (18, 1)
WP_EMBRYONIC_STEM_CELL_PLURIPOTENCY_PATHWAYS
结果为： (29, 873)
KEGG_CALCIUM_SIGNALING_PATHWAY
结果为： (35, 850)
KEGG_CYTOKINE_CYTOKINE_RECEPTOR_INTERACTION
结果为： (18, 8)
KEGG_MAPK_SIGNALING_PATHWAY
结果为： (31, 941)
KEGG_FOCAL_ADHESION
结果为： (33, 951)
KEGG_GAP_JUNCTION
结果为： (29, 913)
KEGG_REGULATION_OF_ACTIN_CYTOSKELETON
结果为： (32, 955)
KEGG_PATHWAYS_IN_CANCER
结果为： (30, 984)
KEGG_PROSTATE_CANCER
结果为： (23, 925)
KEGG_GLIOMA
结果为： (24, 889)
KEGG_MELANOMA
结果为： (28, 855)
PID_INTEGRIN3_PATHWAY
结果为： (32, 791)
PID_S1P_S1P3_PATHWAY
结果为： (27, 889)
PID_PTP1B_PATHWAY
结果为： (32, 888)
PID_NECTIN_PATHWAY
结果为： (20, 879)
PID_TCPTP_PATHWAY
结果为： (27, 907)
PID_SHP2_PATHWAY
结果为： (31, 905)
PID_S1P_S1P1_PATHWAY
结果为： (26, 872)
PID_UPA_UPAR_PATHWAY
结果为： (31, 821)
PID_PDGFRB_PATHWAY
结果为： (27, 978)
PID_MYC_REPRESS_PATHWAY
结果为： (23, 873)
REACTOME_IRS_MEDIATED_SIGNALLING
结果为： (23, 814)
REACTOME_SIGNALING_BY_FGFR_IN_DISEASE
结果为： (21, 879)
REACTOME_DEVELOPMENTAL_BIOLOGY
结果为： (18, 8)
REACTOME_FGFR1_MUTANT_RECEPTOR_ACTIVATION
结果为： (25, 830)
REACTOME_SIGNALING_BY_FGFR
结果为： (19, 899)
REACTOME_SIGNALING_BY_TYPE_1_INSULIN_LIKE_GROWTH_FACTOR_1_RECEPTOR_IGF1R
结果为： (24, 816)
REACTOME_L1CAM_INTERACTIONS
结果为： (25, 877)
REACTOME_NCAM_SIGNALING_FOR_NEURITE_OUT_GROWTH
结果为： (30, 857)
REACTOME_SIGNAL_TRANSDUCTION_BY_L1
结果为： (21, 872)
REACTOME_SIGNALING_BY_FGFR1_IN_DISEASE
结果为： (22, 864)
REACTOME_NEGATIVE_REGULATION_OF_FGFR1_SIGNALING
结果为： (21, 827)
REACTOME_SIGNALING_BY_FGFR1
结果为： (20, 869)
REACTOME_DOWNSTREAM_SIGNALING_OF_ACTIVATED_FGFR1
结果为： (23, 800)
REACTOME_FRS_MEDIATED_FGFR1_SIGNALING
结果为： (23, 761)
REACTOME_SHC_MEDIATED_CASCADE_FGFR1
结果为： (24, 729)
REACTOME_PI_3K_CASCADE_FGFR1
结果为： (26, 743)
REACTOME_SIGNALING_BY_INSULIN_RECEPTOR
结果为： (22, 854)
REACTOME_INSULIN_RECEPTOR_SIGNALLING_CASCADE
结果为： (23, 829)
REACTOME_NERVOUS_SYSTEM_DEVELOPMENT
结果为： (26, 987)
REACTOME_FORMATION_OF_PARAXIAL_MESODERM
结果为： (20, 818)
REACTOME_GASTRULATION
结果为： (25, 835)
WP_NEURAL_CREST_DIFFERENTIATION
结果为： (29, 839)
WP_THERMOGENESIS
结果为： (21, 899)
WP_BREAST_CANCER_PATHWAY
结果为： (25, 906)
WP_OSTEOBLAST_DIFFERENTIATION_AND_RELATED_DISEASES
结果为： (32, 874)
WP_THYROID_HORMONES_PRODUCTION_AND_PERIPHERAL_DOWNSTREAM_SIGNALING_EFFECTS
结果为： (20, 855)
WP_MESODERMAL_COMMITMENT_PATHWAY
结果为： (18, 8)
WP_PRION_DISEASE_PATHWAY
结果为： (29, 908)
WP_ENDOCHONDRAL_OSSIFICATION_WITH_SKELETAL_DYSPLASIAS
结果为： (34, 819)
WP_KALLMANN_SYNDROME
结果为： (22, 806)
WP_22Q112_COPY_NUMBER_VARIATION_SYNDROME
结果为： (18, 8)
WP_HEAD_AND_NECK_SQUAMOUS_CELL_CARCINOMA
结果为： (19, 907)
WP_ENDOCHONDRAL_OSSIFICATION
结果为： (34, 819)
WP_ENDOMETRIAL_CANCER
结果为： (22, 899)
KEGG_ADHERENS_JUNCTION
结果为： (25, 920)
PID_GLYPICAN_1PATHWAY
结果为： (37, 837)
PID_SYNDECAN_4_PATHWAY
结果为： (30, 837)
PID_FGF_PATHWAY
结果为： (28, 868)
PID_NCADHERIN_PATHWAY
结果为： (20, 891)
REACTOME_SIGNALING_BY_VEGF
结果为： (27, 944)
REACTOME_SIGNALING_BY_NOTCH4
结果为： (12, 894)
REACTOME_NOTCH4_INTRACELLULAR_DOMAIN_REGULATES_TRANSCRIPTION
结果为： (20, 847)
WP_NEOVASCULARISATION_PROCESSES
结果为： (29, 884)
BIOCARTA_VEGF_PATHWAY
结果为： (18, 882)
BIOCARTA_NO1_PATHWAY
结果为： (25, 773)
PID_LYMPH_ANGIOGENESIS_PATHWAY
结果为： (26, 900)
REACTOME_SPRY_REGULATION_OF_FGF_SIGNALING
结果为： (10, 888)
REACTOME_SIGNALING_BY_NTRKS
结果为： (25, 931)
REACTOME_PROLONGED_ERK_ACTIVATION_EVENTS
结果为： (18, 904)
REACTOME_ARMS_MEDIATED_ACTIVATION
结果为： (23, 848)
REACTOME_SIGNALLING_TO_ERKS
结果为： (17, 895)
REACTOME_SIGNALING_BY_NOTCH
结果为： (18, 8)
REACTOME_SIGNALING_BY_FGFR3
结果为： (17, 864)
REACTOME_SIGNALING_BY_FGFR4
结果为： (16, 852)
REACTOME_NEGATIVE_REGULATION_OF_FGFR2_SIGNALING
结果为： (22, 816)
REACTOME_SIGNALING_BY_FGFR2
结果为： (17, 896)
REACTOME_NEGATIVE_REGULATION_OF_FGFR4_SIGNALING
结果为： (16, 807)
REACTOME_NEGATIVE_REGULATION_OF_FGFR3_SIGNALING
结果为： (17, 820)
REACTOME_RAF_ACTIVATION
结果为： (16, 883)
REACTOME_MAP2K_AND_MAPK_ACTIVATION
结果为： (21, 879)
REACTOME_NEGATIVE_REGULATION_OF_MAPK_PATHWAY
结果为： (17, 877)
REACTOME_SIGNALING_BY_MODERATE_KINASE_ACTIVITY_BRAF_MUTANTS
结果为： (21, 878)
REACTOME_SIGNALING_BY_BRAF_AND_RAF1_FUSIONS
结果为： (21, 899)
REACTOME_ONCOGENIC_MAPK_SIGNALING
结果为： (20, 906)
WP_ALZHEIMERS_DISEASE
结果为： (24, 944)
WP_CHROMOSOMAL_AND_MICROSATELLITE_INSTABILITY_IN_COLORECTAL_CANCER
结果为： (23, 918)
WP_HEPATITIS_B_INFECTION
结果为： (18, 0)
WP_FRAGILE_X_SYNDROME
结果为： (23, 911)
WP_MELANOMA
结果为： (23, 914)
WP_ERBB_SIGNALING_PATHWAY
结果为： (18, 6)
WP_BLADDER_CANCER
结果为： (20, 836)
WP_THYROID_STIMULATING_HORMONE_TSH_SIGNALING_PATHWAY
结果为： (23, 919)
WP_TCA_CYCLE_IN_SENESCENCE
结果为： (13, 708)
WP_RELATIONSHIP_BETWEEN_INFLAMMATION_COX2_AND_EGFR
结果为： (26, 858)
WP_ALZHEIMERS_DISEASE_AND_MIRNA_EFFECTS
结果为： (18, 8)
WP_ESTROGEN_SIGNALING_PATHWAY
结果为： (18, 869)
WP_INHIBITION_OF_EXOSOME_BIOGENESIS_AND_SECRETION_BY_MANUMYCIN_A_IN_CRPC_CELLS
结果为： (11, 869)
WP_CORTICOTROPINRELEASING_HORMONE_SIGNALING_PATHWAY
结果为： (25, 882)
WP_CHEMOKINE_SIGNALING_PATHWAY
结果为： (18, 6)
WP_BDNFTRKB_SIGNALING
结果为： (19, 879)
WP_RETT_SYNDROME_CAUSING_GENES
结果为： (21, 853)
WP_MAPK_CASCADE
结果为： (18, 896)
WP_B_CELL_RECEPTOR_SIGNALING_PATHWAY
结果为： (29, 946)
WP_MAPK_PATHWAY_IN_CONGENITAL_THYROID_CANCER
结果为： (18, 835)
WP_EGFEGFR_SIGNALING_PATHWAY
结果为： (26, 984)
WP_PANCREATIC_ADENOCARCINOMA_PATHWAY
结果为： (24, 939)
WP_REGUCALCIN_IN_PROXIMAL_TUBULE_EPITHELIAL_KIDNEY_CELLS
结果为： (17, 816)
WP_NONSMALL_CELL_LUNG_CANCER
结果为： (23, 912)
WP_SEROTONIN_HTR1_GROUP_AND_FOS_PATHWAY
结果为： (24, 878)
WP_SEROTONIN_RECEPTOR_467_AND_NR3C_SIGNALING
结果为： (19, 879)
KEGG_ERBB_SIGNALING_PATHWAY
结果为： (25, 917)
KEGG_CHEMOKINE_SIGNALING_PATHWAY
结果为： (18, 6)
KEGG_MTOR_SIGNALING_PATHWAY
结果为： (23, 893)
KEGG_VASCULAR_SMOOTH_MUSCLE_CONTRACTION
结果为： (31, 893)
KEGG_NATURAL_KILLER_CELL_MEDIATED_CYTOTOXICITY
结果为： (18, 1)
KEGG_LONG_TERM_POTENTIATION
结果为： (25, 877)
KEGG_NEUROTROPHIN_SIGNALING_PATHWAY
结果为： (26, 963)
KEGG_LONG_TERM_DEPRESSION
结果为： (28, 858)
KEGG_INSULIN_SIGNALING_PATHWAY
结果为： (22, 916)
KEGG_PROGESTERONE_MEDIATED_OOCYTE_MATURATION
结果为： (22, 912)
KEGG_RENAL_CELL_CARCINOMA
结果为： (26, 945)
KEGG_COLORECTAL_CANCER
结果为： (25, 932)
KEGG_ENDOMETRIAL_CANCER
结果为： (22, 903)
KEGG_PANCREATIC_CANCER
结果为： (26, 943)
KEGG_CHRONIC_MYELOID_LEUKEMIA
结果为： (23, 944)
KEGG_BLADDER_CANCER
结果为： (20, 853)
KEGG_ACUTE_MYELOID_LEUKEMIA
结果为： (26, 912)
KEGG_THYROID_CANCER
结果为： (15, 844)
KEGG_NON_SMALL_CELL_LUNG_CANCER
结果为： (22, 908)
PID_CDC42_PATHWAY
结果为： (21, 928)
PID_MTOR_4PATHWAY
结果为： (14, 906)
PID_TCR_RAS_PATHWAY
结果为： (23, 896)
PID_ERBB1_DOWNSTREAM_PATHWAY
结果为： (22, 965)
PID_MAPK_TRK_PATHWAY
结果为： (18, 881)
PID_CD8_TCR_DOWNSTREAM_PATHWAY
结果为： (18, 1)
PID_FAK_PATHWAY
结果为： (25, 952)
PID_VEGFR1_2_PATHWAY
结果为： (25, 941)
REACTOME_HEMOSTASIS
结果为： (18, 8)
REACTOME_ADAPTIVE_IMMUNE_SYSTEM
结果为： (18, 7)
REACTOME_INNATE_IMMUNE_SYSTEM
结果为： (18, 8)
REACTOME_STIMULI_SENSING_CHANNELS
结果为： (25, 789)
REACTOME_TRANSPORT_OF_SMALL_MOLECULES
结果为： (18, 6)
REACTOME_GP1B_IX_V_ACTIVATION_SIGNALLING
结果为： (18, 5)
REACTOME_RAP1_SIGNALLING
结果为： (28, 821)
REACTOME_C_TYPE_LECTIN_RECEPTORS_CLRS
结果为： (21, 917)
REACTOME_CD209_DC_SIGN_SIGNALING
结果为： (26, 872)
REACTOME_PLATELET_ACTIVATION_SIGNALING_AND_AGGREGATION
结果为： (18, 5)
WP_INTERLEUKIN11_SIGNALING_PATHWAY
结果为： (22, 919)
REACTOME_ION_CHANNEL_TRANSPORT
结果为： (26, 843)
WP_KISSPEPTINKISSPEPTIN_RECEPTOR_SYSTEM_IN_THE_OVARY
结果为： (27, 858)
WP_ERK_PATHWAY_IN_HUNTINGTONS_DISEASE
结果为： (19, 859)
WP_PATHWAYS_AFFECTED_IN_ADENOID_CYSTIC_CARCINOMA
结果为： (17, 902)
WP_TGFBETA_SIGNALING_PATHWAY
结果为： (24, 955)
WP_4HYDROXYTAMOXIFEN_DEXAMETHASONE_AND_RETINOIC_ACIDS_REGULATION_OF_P27_EXPRESSION
结果为： (13, 838)
WP_ONCOSTATIN_M_SIGNALING_PATHWAY
结果为： (25, 926)
WP_SEROTONIN_RECEPTOR_2_AND_ELKSRFGATA4_SIGNALING
结果为： (22, 862)
WP_EXTRACELLULAR_VESICLEMEDIATED_SIGNALING_IN_RECIPIENT_CELLS
结果为： (26, 856)
WP_CAMKK2_PATHWAY
结果为： (19, 869)
WP_COMMON_PATHWAYS_UNDERLYING_DRUG_ADDICTION
结果为： (26, 827)
WP_FGFR3_SIGNALING_IN_CHONDROCYTE_PROLIFERATION_AND_TERMINAL_DIFFERENTIATION
结果为： (18, 810)
WP_ANGIOTENSIN_II_RECEPTOR_TYPE_1_PATHWAY
结果为： (22, 815)
WP_IL3_SIGNALING_PATHWAY
结果为： (31, 932)
WP_EPITHELIAL_TO_MESENCHYMAL_TRANSITION_IN_COLORECTAL_CANCER
结果为： (18, 8)
WP_TCELL_RECEPTOR_SIGNALING_PATHWAY
结果为： (33, 941)
WP_MICRORNAS_IN_CARDIOMYOCYTE_HYPERTROPHY
结果为： (18, 8)
WP_NANOPARTICLEMEDIATED_ACTIVATION_OF_RECEPTOR_SIGNALING
结果为： (23, 905)
WP_ARYL_HYDROCARBON_RECEPTOR_PATHWAY_WP2586
结果为： (15, 827)
WP_IL5_SIGNALING_PATHWAY
结果为： (27, 916)
WP_ENDOTHELIN_PATHWAYS
结果为： (24, 783)
WP_FOLLICLE_STIMULATING_HORMONE_FSH_SIGNALING_PATHWAY
结果为： (16, 815)
WP_RETINOBLASTOMA_GENE_IN_CANCER
结果为： (18, 8)
WP_TCELL_ANTIGEN_RECEPTOR_TCR_PATHWAY_DURING_STAPHYLOCOCCUS_AUREUS_INFECTION
结果为： (33, 916)
WP_BRAINDERIVED_NEUROTROPHIC_FACTOR_BDNF_SIGNALING_PATHWAY
结果为： (26, 951)
WP_MAPK_AND_NFKB_SIGNALING_PATHWAYS_INHIBITED_BY_YERSINIA_YOPJ
结果为： (18, 838)
WP_INSULIN_SIGNALING
结果为： (25, 954)
WP_HEPATOCYTE_GROWTH_FACTOR_RECEPTOR_SIGNALING
结果为： (21, 911)
WP_IL2_SIGNALING_PATHWAY
结果为： (29, 907)
WP_LEPTIN_SIGNALING_PATHWAY
结果为： (17, 927)
WP_GASTRIN_SIGNALING_PATHWAY
结果为： (24, 943)
WP_PROLACTIN_SIGNALING_PATHWAY
结果为： (25, 938)
WP_EPO_RECEPTOR_SIGNALING
结果为： (24, 860)
WP_PHYSICOCHEMICAL_FEATURES_AND_TOXICITYASSOCIATED_PATHWAYS
结果为： (23, 871)
WP_CARDIAC_HYPERTROPHIC_RESPONSE
结果为： (24, 894)
WP_AGERAGE_PATHWAY
结果为： (27, 929)
WP_KIT_RECEPTOR_SIGNALING_PATHWAY
结果为： (29, 935)
WP_TNFRELATED_WEAK_INDUCER_OF_APOPTOSIS_TWEAK_SIGNALING_PATHWAY
结果为： (24, 910)
WP_HOSTPATHOGEN_INTERACTION_OF_HUMAN_CORONAVIRUSES_MAPK_SIGNALING
结果为： (20, 832)
WP_TNFALPHA_SIGNALING_PATHWAY
结果为： (18, 8)
WP_TCELL_ACTIVATION_SARSCOV2
结果为： (34, 916)
WP_ANGIOPOIETINLIKE_PROTEIN_8_REGULATORY_PATHWAY
结果为： (22, 928)
WP_VEGFAVEGFR2_SIGNALING
结果为： (26, 996)
BIOCARTA_SPPA_PATHWAY
结果为： (28, 877)
BIOCARTA_BIOPEPTIDES_PATHWAY
结果为： (24, 886)
BIOCARTA_CDMAC_PATHWAY
结果为： (22, 848)
BIOCARTA_CCR3_PATHWAY
结果为： (23, 862)
BIOCARTA_BCR_PATHWAY
结果为： (27, 909)
BIOCARTA_EGF_PATHWAY
结果为： (22, 910)
BIOCARTA_EPO_PATHWAY
结果为： (23, 889)
BIOCARTA_ERK_PATHWAY
结果为： (18, 850)
BIOCARTA_ECM_PATHWAY
结果为： (20, 887)
BIOCARTA_CERAMIDE_PATHWAY
结果为： (17, 883)
BIOCARTA_CXCR4_PATHWAY
结果为： (23, 899)
BIOCARTA_GH_PATHWAY
结果为： (23, 879)
BIOCARTA_FCER1_PATHWAY
结果为： (27, 917)
BIOCARTA_FMLP_PATHWAY
结果为： (23, 888)
BIOCARTA_IGF1_PATHWAY
结果为： (14, 873)
BIOCARTA_IL2_PATHWAY
结果为： (29, 906)
BIOCARTA_IL3_PATHWAY
结果为： (26, 864)
BIOCARTA_PYK2_PATHWAY
结果为： (20, 907)
BIOCARTA_MAPK_PATHWAY
结果为： (24, 946)
BIOCARTA_IGF1R_PATHWAY
结果为： (16, 868)
BIOCARTA_NGF_PATHWAY
结果为： (16, 845)
BIOCARTA_NFAT_PATHWAY
结果为： (25, 865)
BIOCARTA_IL2RB_PATHWAY
结果为： (27, 922)
BIOCARTA_GLEEVEC_PATHWAY
结果为： (21, 887)
BIOCARTA_IL6_PATHWAY
结果为： (23, 877)
BIOCARTA_RACCYCD_PATHWAY
结果为： (12, 873)
BIOCARTA_INSULIN_PATHWAY
结果为： (14, 868)
BIOCARTA_INTEGRIN_PATHWAY
结果为： (23, 922)
BIOCARTA_KERATINOCYTE_PATHWAY
结果为： (26, 889)
BIOCARTA_BARRESTIN_SRC_PATHWAY
结果为： (28, 858)
BIOCARTA_GPCR_PATHWAY
结果为： (22, 876)
BIOCARTA_BARR_MAPK_PATHWAY
结果为： (25, 837)
BIOCARTA_MET_PATHWAY
结果为： (22, 896)
BIOCARTA_HER2_PATHWAY
结果为： (16, 855)
BIOCARTA_MAL_PATHWAY
结果为： (16, 892)
BIOCARTA_TPO_PATHWAY
结果为： (24, 888)
WP_NETRINUNC5B_SIGNALING_PATHWAY
结果为： (28, 892)
WP_THYROXINE_THYROID_HORMONE_PRODUCTION
结果为： (17, 790)
BIOCARTA_RAS_PATHWAY
结果为： (15, 890)
BIOCARTA_CDK5_PATHWAY
结果为： (14, 790)
BIOCARTA_PDGF_PATHWAY
结果为： (23, 911)
BIOCARTA_AT1R_PATHWAY
结果为： (20, 892)
BIOCARTA_SPRY_PATHWAY
结果为： (16, 861)
BIOCARTA_TCR_PATHWAY
结果为： (30, 929)
KEGG_VEGF_SIGNALING_PATHWAY
结果为： (28, 879)
KEGG_T_CELL_RECEPTOR_SIGNALING_PATHWAY
结果为： (33, 949)
KEGG_B_CELL_RECEPTOR_SIGNALING_PATHWAY
结果为： (30, 905)
KEGG_FC_EPSILON_RI_SIGNALING_PATHWAY
结果为： (31, 888)
KEGG_FC_GAMMA_R_MEDIATED_PHAGOCYTOSIS
结果为： (29, 941)
KEGG_GNRH_SIGNALING_PATHWAY
结果为： (30, 903)
KEGG_MELANOGENESIS
结果为： (29, 870)
PID_FCER1_PATHWAY
结果为： (29, 927)
PID_ENDOTHELIN_PATHWAY
结果为： (32, 909)
PID_MET_PATHWAY
结果为： (21, 951)
PID_BCR_5PATHWAY
结果为： (29, 936)
PID_GMCSF_PATHWAY
结果为： (26, 892)
PID_IL2_1PATHWAY
结果为： (29, 921)
PID_IGF1_PATHWAY
结果为： (13, 896)
PID_CERAMIDE_PATHWAY
结果为： (19, 869)
PID_ERBB2_ERBB3_PATHWAY
结果为： (24, 916)
PID_AR_NONGENOMIC_PATHWAY
结果为： (21, 918)
PID_P38_MK2_PATHWAY
结果为： (17, 890)
PID_ERBB1_INTERNALIZATION_PATHWAY
结果为： (22, 930)
PID_RB_1PATHWAY
结果为： (21, 895)
SIG_IL4RECEPTOR_IN_B_LYPHOCYTES
结果为： (24, 924)
SIG_INSULIN_RECEPTOR_PATHWAY_IN_CARDIAC_MYOCYTES
结果为： (20, 914)
SIG_BCR_SIGNALING_PATHWAY
结果为： (28, 911)
PID_CXCR3_PATHWAY
结果为： (26, 883)
PID_KIT_PATHWAY
结果为： (29, 934)
PID_PI3KCI_AKT_PATHWAY
结果为： (13, 866)
REACTOME_CYTOKINE_SIGNALING_IN_IMMUNE_SYSTEM
结果为： (18, 8)
REACTOME_FLT3_SIGNALING_IN_DISEASE
结果为： (17, 884)
REACTOME_STAT5_ACTIVATION_DOWNSTREAM_OF_FLT3_ITD_MUTANTS
结果为： (23, 772)
REACTOME_SIGNALING_BY_FLT3_ITD_AND_TKD_MUTANTS
结果为： (19, 838)
REACTOME_FLT3_SIGNALING
结果为： (27, 911)
REACTOME_STAT5_ACTIVATION
结果为： (24, 807)
REACTOME_NEGATIVE_REGULATION_OF_FLT3
结果为： (24, 831)
REACTOME_FLT3_SIGNALING_THROUGH_SRC_FAMILY_KINASES
结果为： (52, 713)
WP_HEMATOPOIETIC_STEM_CELL_GENE_REGULATION_BY_GABP_ALPHABETA_COMPLEX
结果为： (20, 884)
WP_WNTBETACATENIN_SIGNALING_PATHWAY_IN_LEUKEMIA
结果为： (24, 825)
BIOCARTA_ERYTH_PATHWAY
结果为： (36, 645)
KEGG_HEMATOPOIETIC_CELL_LINEAGE
结果为： (18, 5)
BIOCARTA_MELANOCYTE_PATHWAY
结果为： (25, 842)
PID_CMYB_PATHWAY
结果为： (24, 873)
REACTOME_REGULATION_OF_KIT_SIGNALING
结果为： (32, 878)
REACTOME_SIGNALING_BY_SCF_KIT
结果为： (30, 910)
REACTOME_RNA_POLYMERASE_II_TRANSCRIPTION
结果为： (18, 8)
REACTOME_TRANSCRIPTIONAL_REGULATION_BY_THE_AP_2_TFAP2_FAMILY_OF_TRANSCRIPTION_FACTORS
结果为： (18, 801)
REACTOME_TFAP2_AP_2_FAMILY_REGULATES_TRANSCRIPTION_OF_GROWTH_FACTORS_AND_THEIR_RECEPTORS
结果为： (24, 720)
REACTOME_SIGNALING_BY_KIT_IN_DISEASE
结果为： (28, 891)
WP_CARDIAC_PROGENITOR_DIFFERENTIATION
结果为： (30, 741)
WP_PLURIPOTENT_STEM_CELL_DIFFERENTIATION_PATHWAY
结果为： (35, 705)
BIOCARTA_BAD_PATHWAY
结果为： (23, 835)
KEGG_ENDOCYTOSIS
结果为： (26, 939)
REACTOME_EXTRACELLULAR_MATRIX_ORGANIZATION
结果为： (18, 7)
REACTOME_INTEGRIN_CELL_SURFACE_INTERACTIONS
结果为： (18, 7)
REACTOME_VEGFR2_MEDIATED_CELL_PROLIFERATION
结果为： (21, 866)
REACTOME_SIGNALING_BY_PDGFR_IN_DISEASE
结果为： (23, 912)
WP_ANGIOGENESIS
结果为： (24, 838)
WP_ROBO4_AND_VEGF_SIGNALING_PATHWAYS_CROSSTALK
结果为： (27, 772)
WP_EXTRACELLULAR_VESICLES_IN_THE_CROSSTALK_OF_CARDIAC_CELLS
结果为： (18, 8)
WP_CELL_INTERACTIONS_OF_THE_PANCREATIC_CANCER_MICROENVIRONMENT
结果为： (45, 782)
WP_NRP1TRIGGERED_SIGNALING_PATHWAYS_IN_PANCREATIC_CANCER
结果为： (23, 883)
WP_16P112_DISTAL_DELETION_SYNDROME
结果为： (18, 8)
PID_HIF2PATHWAY
结果为： (20, 851)
PID_AVB3_INTEGRIN_PATHWAY
结果为： (32, 914)
PID_HES_HEY_PATHWAY
结果为： (21, 873)
PID_VEGFR1_PATHWAY
结果为： (25, 906)
REACTOME_RET_SIGNALING
结果为： (28, 845)
REACTOME_TRANSCRIPTIONAL_REGULATION_BY_NPAS4
结果为： (20, 827)
REACTOME_NPAS4_REGULATES_EXPRESSION_OF_TARGET_GENES
结果为： (21, 773)
WP_DEVELOPMENT_OF_URETERIC_COLLECTION_SYSTEM
结果为： (29, 794)
WP_SUDDEN_INFANT_DEATH_SYNDROME_SIDS_SUSCEPTIBILITY_PATHWAYS
结果为： (18, 8)
WP_NEUROGENESIS_REGULATION_IN_THE_OLFACTORY_EPITHELIUM
结果为： (30, 845)
WP_DOPAMINERGIC_NEUROGENESIS
结果为： (29, 626)
WP_GDNFRET_SIGNALING_AXIS
结果为： (27, 701)
PID_RET_PATHWAY
结果为： (19, 896)
PID_AJDISS_2PATHWAY
结果为： (24, 880)
BIOCARTA_EGFR_SMRTE_PATHWAY
结果为： (16, 774)
REACTOME_MAPK3_ERK1_ACTIVATION
结果为： (21, 850)
REACTOME_RAF_INDEPENDENT_MAPK1_3_ACTIVATION
结果为： (20, 818)
REACTOME_DEVELOPMENTAL_BIOLOGY
结果为： (18, 8)
REACTOME_CYTOKINE_SIGNALING_IN_IMMUNE_SYSTEM
结果为： (18, 8)
REACTOME_MYD88_INDEPENDENT_TLR4_CASCADE
结果为： (18, 922)
REACTOME_SIGNALING_BY_NTRKS
结果为： (25, 931)
REACTOME_TOLL_LIKE_RECEPTOR_9_TLR9_CASCADE
结果为： (19, 920)
REACTOME_TOLL_LIKE_RECEPTOR_TLR1_TLR2_CASCADE
结果为： (21, 903)
REACTOME_INNATE_IMMUNE_SYSTEM
结果为： (18, 8)
REACTOME_TOLL_LIKE_RECEPTOR_CASCADES
结果为： (24, 924)
REACTOME_PROLONGED_ERK_ACTIVATION_EVENTS
结果为： (18, 904)
REACTOME_SIGNALLING_TO_ERKS
结果为： (17, 895)
REACTOME_L1CAM_INTERACTIONS
结果为： (25, 877)
REACTOME_SIGNAL_TRANSDUCTION_BY_L1
结果为： (21, 872)
REACTOME_INTERLEUKIN_1_FAMILY_SIGNALING
结果为： (19, 898)
REACTOME_INTERLEUKIN_17_SIGNALING
结果为： (17, 894)
REACTOME_SIGNALING_BY_INTERLEUKINS
结果为： (18, 7)
REACTOME_UPTAKE_AND_ACTIONS_OF_BACTERIAL_TOXINS
结果为： (21, 756)
REACTOME_DISEASES_OF_SIGNAL_TRANSDUCTION_BY_GROWTH_FACTOR_RECEPTORS_AND_SECOND_MESSENGERS
结果为： (25, 1014)
REACTOME_INFECTIOUS_DISEASE
结果为： (18, 8)
REACTOME_RAF_ACTIVATION
结果为： (16, 883)
REACTOME_MAP2K_AND_MAPK_ACTIVATION
结果为： (21, 879)
REACTOME_NEGATIVE_REGULATION_OF_MAPK_PATHWAY
结果为： (17, 877)
REACTOME_MAPK_FAMILY_SIGNALING_CASCADES
结果为： (18, 8)
REACTOME_MAP3K8_TPL2_DEPENDENT_MAPK1_3_ACTIVATION
结果为： (10, 825)
REACTOME_SIGNALING_BY_MODERATE_KINASE_ACTIVITY_BRAF_MUTANTS
结果为： (21, 878)
REACTOME_SIGNALING_BY_BRAF_AND_RAF1_FUSIONS
结果为： (21, 899)
REACTOME_ONCOGENIC_MAPK_SIGNALING
结果为： (20, 906)
REACTOME_SIGNALING_BY_RECEPTOR_TYROSINE_KINASES
结果为： (30, 1013)
REACTOME_INTERLEUKIN_1_SIGNALING
结果为： (14, 890)
REACTOME_NERVOUS_SYSTEM_DEVELOPMENT
结果为： (26, 987)
WP_FOCAL_ADHESION
结果为： (33, 950)
WP_INTERLEUKIN11_SIGNALING_PATHWAY
结果为： (22, 919)
WP_KISSPEPTINKISSPEPTIN_RECEPTOR_SYSTEM_IN_THE_OVARY
结果为： (27, 858)
WP_MET_IN_TYPE_1_PAPILLARY_RENAL_CELL_CARCINOMA
结果为： (25, 942)
WP_INTEGRINMEDIATED_CELL_ADHESION
结果为： (18, 8)
WP_TGFBETA_SIGNALING_PATHWAY
结果为： (24, 955)
WP_ALZHEIMERS_DISEASE
结果为： (24, 944)
WP_4HYDROXYTAMOXIFEN_DEXAMETHASONE_AND_RETINOIC_ACIDS_REGULATION_OF_P27_EXPRESSION
结果为： (13, 838)
WP_CHROMOSOMAL_AND_MICROSATELLITE_INSTABILITY_IN_COLORECTAL_CANCER
结果为： (23, 918)
WP_HEPATITIS_B_INFECTION
结果为： (18, 0)
WP_ONCOSTATIN_M_SIGNALING_PATHWAY
结果为： (25, 926)
WP_PDGFRBETA_PATHWAY
结果为： (25, 922)
WP_BREAST_CANCER_PATHWAY
结果为： (25, 906)
WP_SEROTONIN_RECEPTOR_2_AND_ELKSRFGATA4_SIGNALING
结果为： (22, 862)
WP_FRAGILE_X_SYNDROME
结果为： (23, 911)
WP_EGFR_TYROSINE_KINASE_INHIBITOR_RESISTANCE
结果为： (26, 910)
WP_IL6_SIGNALING_PATHWAY
结果为： (25, 896)
WP_MELANOMA
结果为： (23, 914)
WP_ERBB_SIGNALING_PATHWAY
结果为： (18, 6)
WP_BLADDER_CANCER
结果为： (20, 836)
WP_RAS_SIGNALING
结果为： (32, 941)
WP_THYROID_STIMULATING_HORMONE_TSH_SIGNALING_PATHWAY
结果为： (23, 919)
WP_IL1_SIGNALING_PATHWAY
结果为： (18, 882)
WP_GLIOBLASTOMA_SIGNALING_PATHWAYS
结果为： (18, 6)
WP_COMMON_PATHWAYS_UNDERLYING_DRUG_ADDICTION
结果为： (26, 827)
WP_FGFR3_SIGNALING_IN_CHONDROCYTE_PROLIFERATION_AND_TERMINAL_DIFFERENTIATION
结果为： (18, 810)
WP_THYROID_HORMONES_PRODUCTION_AND_PERIPHERAL_DOWNSTREAM_SIGNALING_EFFECTS
结果为： (20, 855)
WP_IL3_SIGNALING_PATHWAY
结果为： (31, 932)
WP_MIRNA_REGULATION_OF_PROSTATE_CANCER_SIGNALING_PATHWAYS
结果为： (18, 8)
WP_ALZHEIMERS_DISEASE_AND_MIRNA_EFFECTS
结果为： (18, 8)
WP_EPITHELIAL_TO_MESENCHYMAL_TRANSITION_IN_COLORECTAL_CANCER
结果为： (18, 8)
WP_TCELL_RECEPTOR_SIGNALING_PATHWAY
结果为： (33, 941)
WP_MICRORNAS_IN_CARDIOMYOCYTE_HYPERTROPHY
结果为： (18, 8)
WP_ESTROGEN_SIGNALING_PATHWAY
结果为： (18, 869)
WP_NANOPARTICLEMEDIATED_ACTIVATION_OF_RECEPTOR_SIGNALING
结果为： (23, 905)
WP_ARYL_HYDROCARBON_RECEPTOR_PATHWAY_WP2586
结果为： (15, 827)
WP_REGULATION_OF_ACTIN_CYTOSKELETON
结果为： (30, 938)
WP_CORTICOTROPINRELEASING_HORMONE_SIGNALING_PATHWAY
结果为： (25, 882)
WP_IL5_SIGNALING_PATHWAY
结果为： (27, 916)
WP_ENDOTHELIN_PATHWAYS
结果为： (24, 783)
WP_CHEMOKINE_SIGNALING_PATHWAY
结果为： (18, 6)
WP_ETHANOL_METABOLISM_PRODUCTION_OF_ROS_BY_CYP2E1
结果为： (13, 794)
WP_MAPK_SIGNALING_PATHWAY
结果为： (18, 7)
WP_FOCAL_ADHESION_PI3KAKTMTORSIGNALING_PATHWAY
结果为： (18, 2)
WP_TOLLLIKE_RECEPTOR_SIGNALING_PATHWAY
结果为： (18, 0)
WP_TCELL_ANTIGEN_RECEPTOR_TCR_PATHWAY_DURING_STAPHYLOCOCCUS_AUREUS_INFECTION
结果为： (33, 916)
WP_BRAINDERIVED_NEUROTROPHIC_FACTOR_BDNF_SIGNALING_PATHWAY
结果为： (26, 951)
WP_INSULIN_SIGNALING
结果为： (25, 954)
WP_BDNFTRKB_SIGNALING
结果为： (19, 879)
WP_HEPATOCYTE_GROWTH_FACTOR_RECEPTOR_SIGNALING
结果为： (21, 911)
WP_IL2_SIGNALING_PATHWAY
结果为： (29, 907)
WP_LEPTIN_SIGNALING_PATHWAY
结果为： (17, 927)
WP_MAPK_CASCADE
结果为： (18, 896)
WP_B_CELL_RECEPTOR_SIGNALING_PATHWAY
结果为： (29, 946)
WP_ENVELOPE_PROTEINS_AND_THEIR_POTENTIAL_ROLES_IN_EDMD_PHYSIOPATHOLOGY
结果为： (23, 924)
WP_GASTRIN_SIGNALING_PATHWAY
结果为： (24, 943)
WP_MAPK_PATHWAY_IN_CONGENITAL_THYROID_CANCER
结果为： (18, 835)
WP_EGFEGFR_SIGNALING_PATHWAY
结果为： (26, 984)
WP_PROLACTIN_SIGNALING_PATHWAY
结果为： (25, 938)
WP_NRP1TRIGGERED_SIGNALING_PATHWAYS_IN_PANCREATIC_CANCER
结果为： (23, 883)
WP_THYMIC_STROMAL_LYMPHOPOIETIN_TSLP_SIGNALING_PATHWAY
结果为： (29, 888)
WP_EPO_RECEPTOR_SIGNALING
结果为： (24, 860)
WP_PHYSICOCHEMICAL_FEATURES_AND_TOXICITYASSOCIATED_PATHWAYS
结果为： (23, 871)
WP_INTERLEUKIN1_IL1_STRUCTURAL_PATHWAY
结果为： (17, 878)
WP_PANCREATIC_ADENOCARCINOMA_PATHWAY
结果为： (24, 939)
WP_RANKLRANK_SIGNALING_PATHWAY
结果为： (25, 904)
WP_NONSMALL_CELL_LUNG_CANCER
结果为： (23, 912)
WP_CARDIAC_HYPERTROPHIC_RESPONSE
结果为： (24, 894)
WP_OSTEOPONTIN_SIGNALING
结果为： (23, 860)
WP_IL9_SIGNALING_PATHWAY
结果为： (25, 866)
WP_PDGF_PATHWAY
结果为： (23, 922)
WP_TRANSLATION_INHIBITORS_IN_CHRONICALLY_ACTIVATED_PDGFRA_CELLS
结果为： (20, 891)
WP_AGERAGE_PATHWAY
结果为： (27, 929)
WP_KIT_RECEPTOR_SIGNALING_PATHWAY
结果为： (29, 935)
WP_ENDOMETRIAL_CANCER
结果为： (22, 899)
WP_IL7_SIGNALING_PATHWAY
结果为： (29, 869)
WP_HOSTPATHOGEN_INTERACTION_OF_HUMAN_CORONAVIRUSES_MAPK_SIGNALING
结果为： (20, 832)
WP_SEROTONIN_HTR1_GROUP_AND_FOS_PATHWAY
结果为： (24, 878)
WP_MALIGNANT_PLEURAL_MESOTHELIOMA
结果为： (18, 7)
WP_TCELL_ACTIVATION_SARSCOV2
结果为： (34, 916)
WP_ANGIOPOIETINLIKE_PROTEIN_8_REGULATORY_PATHWAY
结果为： (22, 928)
WP_PI3KAKT_SIGNALING_PATHWAY
结果为： (18, 1)
WP_SEROTONIN_RECEPTOR_467_AND_NR3C_SIGNALING
结果为： (19, 879)
WP_VEGFAVEGFR2_SIGNALING
结果为： (26, 996)
BIOCARTA_SPPA_PATHWAY
结果为： (28, 877)
BIOCARTA_BIOPEPTIDES_PATHWAY
结果为： (24, 886)
BIOCARTA_CDMAC_PATHWAY
结果为： (22, 848)
BIOCARTA_CCR3_PATHWAY
结果为： (23, 862)
BIOCARTA_BCR_PATHWAY
结果为： (27, 909)
BIOCARTA_EGF_PATHWAY
结果为： (22, 910)
BIOCARTA_EPO_PATHWAY
结果为： (23, 889)
BIOCARTA_ERK_PATHWAY
结果为： (18, 850)
BIOCARTA_ECM_PATHWAY
结果为： (20, 887)
BIOCARTA_CERAMIDE_PATHWAY
结果为： (17, 883)
BIOCARTA_CXCR4_PATHWAY
结果为： (23, 899)
BIOCARTA_GH_PATHWAY
结果为： (23, 879)
BIOCARTA_FCER1_PATHWAY
结果为： (27, 917)
BIOCARTA_FMLP_PATHWAY
结果为： (23, 888)
BIOCARTA_HCMV_PATHWAY
结果为： (16, 888)
BIOCARTA_IGF1_PATHWAY
结果为： (14, 873)
BIOCARTA_IL2_PATHWAY
结果为： (29, 906)
BIOCARTA_IL3_PATHWAY
结果为： (26, 864)
BIOCARTA_PYK2_PATHWAY
结果为： (20, 907)
BIOCARTA_MAPK_PATHWAY
结果为： (24, 946)
BIOCARTA_IGF1R_PATHWAY
结果为： (16, 868)
BIOCARTA_NGF_PATHWAY
结果为： (16, 845)
BIOCARTA_NFAT_PATHWAY
结果为： (25, 865)
BIOCARTA_GLEEVEC_PATHWAY
结果为： (21, 887)
BIOCARTA_IL6_PATHWAY
结果为： (23, 877)
BIOCARTA_INSULIN_PATHWAY
结果为： (14, 868)
BIOCARTA_INTEGRIN_PATHWAY
结果为： (23, 922)
BIOCARTA_KERATINOCYTE_PATHWAY
结果为： (26, 889)
BIOCARTA_BARRESTIN_SRC_PATHWAY
结果为： (28, 858)
BIOCARTA_GPCR_PATHWAY
结果为： (22, 876)
BIOCARTA_BARR_MAPK_PATHWAY
结果为： (25, 837)
BIOCARTA_MET_PATHWAY
结果为： (22, 896)
BIOCARTA_HER2_PATHWAY
结果为： (16, 855)
BIOCARTA_MAL_PATHWAY
结果为： (16, 892)
BIOCARTA_TPO_PATHWAY
结果为： (24, 888)
WP_NETRINUNC5B_SIGNALING_PATHWAY
结果为： (28, 892)
WP_EMBRYONIC_STEM_CELL_PLURIPOTENCY_PATHWAYS
结果为： (29, 873)
WP_THYROXINE_THYROID_HORMONE_PRODUCTION
结果为： (17, 790)
BIOCARTA_RAS_PATHWAY
结果为： (15, 890)
BIOCARTA_NKCELLS_PATHWAY
结果为： (32, 841)
BIOCARTA_CDK5_PATHWAY
结果为： (14, 790)
BIOCARTA_PDGF_PATHWAY
结果为： (23, 911)
BIOCARTA_AT1R_PATHWAY
结果为： (20, 892)
BIOCARTA_SPRY_PATHWAY
结果为： (16, 861)
BIOCARTA_TCR_PATHWAY
结果为： (30, 929)
BIOCARTA_TGFB_PATHWAY
结果为： (20, 908)
KEGG_ERBB_SIGNALING_PATHWAY
结果为： (25, 917)
KEGG_CHEMOKINE_SIGNALING_PATHWAY
结果为： (18, 6)
KEGG_MAPK_SIGNALING_PATHWAY
结果为： (31, 941)
KEGG_OOCYTE_MEIOSIS
结果为： (17, 899)
KEGG_DORSO_VENTRAL_AXIS_FORMATION
结果为： (25, 842)
KEGG_VASCULAR_SMOOTH_MUSCLE_CONTRACTION
结果为： (31, 893)
KEGG_VEGF_SIGNALING_PATHWAY
结果为： (28, 879)
KEGG_FOCAL_ADHESION
结果为： (33, 951)
KEGG_GAP_JUNCTION
结果为： (29, 913)
KEGG_NATURAL_KILLER_CELL_MEDIATED_CYTOTOXICITY
结果为： (18, 1)
KEGG_TOLL_LIKE_RECEPTOR_SIGNALING_PATHWAY
结果为： (18, 0)
KEGG_T_CELL_RECEPTOR_SIGNALING_PATHWAY
结果为： (33, 949)
KEGG_B_CELL_RECEPTOR_SIGNALING_PATHWAY
结果为： (30, 905)
KEGG_LONG_TERM_POTENTIATION
结果为： (25, 877)
KEGG_NEUROTROPHIN_SIGNALING_PATHWAY
结果为： (26, 963)
KEGG_LONG_TERM_DEPRESSION
结果为： (28, 858)
KEGG_FC_EPSILON_RI_SIGNALING_PATHWAY
结果为： (31, 888)
KEGG_FC_GAMMA_R_MEDIATED_PHAGOCYTOSIS
结果为： (29, 941)
KEGG_INSULIN_SIGNALING_PATHWAY
结果为： (22, 916)
KEGG_REGULATION_OF_ACTIN_CYTOSKELETON
结果为： (32, 955)
KEGG_PROGESTERONE_MEDIATED_OOCYTE_MATURATION
结果为： (22, 912)
KEGG_GNRH_SIGNALING_PATHWAY
结果为： (30, 903)
KEGG_MELANOGENESIS
结果为： (29, 870)
KEGG_PATHWAYS_IN_CANCER
结果为： (30, 984)
KEGG_RENAL_CELL_CARCINOMA
结果为： (26, 945)
KEGG_COLORECTAL_CANCER
结果为： (25, 932)
KEGG_ENDOMETRIAL_CANCER
结果为： (22, 903)
KEGG_PANCREATIC_CANCER
结果为： (26, 943)
KEGG_PROSTATE_CANCER
结果为： (23, 925)
KEGG_GLIOMA
结果为： (24, 889)
KEGG_PRION_DISEASES
结果为： (28, 842)
KEGG_CHRONIC_MYELOID_LEUKEMIA
结果为： (23, 944)
KEGG_BLADDER_CANCER
结果为： (20, 853)
KEGG_ACUTE_MYELOID_LEUKEMIA
结果为： (26, 912)
KEGG_THYROID_CANCER
结果为： (15, 844)
KEGG_MELANOMA
结果为： (28, 855)
KEGG_NON_SMALL_CELL_LUNG_CANCER
结果为： (22, 908)
PID_FCER1_PATHWAY
结果为： (29, 927)
PID_ENDOTHELIN_PATHWAY
结果为： (32, 909)
PID_MET_PATHWAY
结果为： (21, 951)
PID_EPHB_FWD_PATHWAY
结果为： (19, 897)
PID_BCR_5PATHWAY
结果为： (29, 936)
PID_GMCSF_PATHWAY
结果为： (26, 892)
PID_SHP2_PATHWAY
结果为： (31, 905)
PID_NETRIN_PATHWAY
结果为： (26, 903)
PID_MTOR_4PATHWAY
结果为： (14, 906)
PID_IL2_1PATHWAY
结果为： (29, 921)
PID_TCR_RAS_PATHWAY
结果为： (23, 896)
PID_CERAMIDE_PATHWAY
结果为： (19, 869)
PID_IFNG_PATHWAY
结果为： (24, 902)
PID_ERBB1_DOWNSTREAM_PATHWAY
结果为： (22, 965)
PID_ERBB2_ERBB3_PATHWAY
结果为： (24, 916)
PID_FOXM1_PATHWAY
结果为： (16, 889)
PID_PDGFRB_PATHWAY
结果为： (27, 978)
PID_TRKR_PATHWAY
结果为： (23, 902)
PID_AR_NONGENOMIC_PATHWAY
结果为： (21, 918)
PID_HEDGEHOG_GLI_PATHWAY
结果为： (21, 910)
PID_ANTHRAX_PATHWAY
结果为： (18, 8)
PID_MAPK_TRK_PATHWAY
结果为： (18, 881)
PID_CD8_TCR_DOWNSTREAM_PATHWAY
结果为： (18, 1)
PID_FAK_PATHWAY
结果为： (25, 952)
SA_B_CELL_RECEPTOR_COMPLEXES
结果为： (23, 891)
SA_TRKA_RECEPTOR
结果为： (26, 880)
PID_CXCR3_PATHWAY
结果为： (26, 883)
PID_KIT_PATHWAY
结果为： (29, 934)
PID_VEGFR1_2_PATHWAY
结果为： (25, 941)
WP_PATHWAYS_AFFECTED_IN_ADENOID_CYSTIC_CARCINOMA
结果为： (17, 902)
WP_AMYOTROPHIC_LATERAL_SCLEROSIS_ALS
结果为： (18, 7)
WP_KALLMANN_SYNDROME
结果为： (22, 806)
REACTOME_DOWNSTREAM_SIGNAL_TRANSDUCTION
结果为： (22, 202)
REACTOME_SIGNALING_BY_PDGF
结果为： (27, 262)
REACTOME_NEGATIVE_REGULATION_OF_THE_PI3K_AKT_NETWORK
结果为： (32, 265)
REACTOME_PI3K_AKT_SIGNALING_IN_CANCER
结果为： (31, 279)
REACTOME_CONSTITUTIVE_SIGNALING_BY_ABERRANT_PI3K_IN_CANCER
结果为： (35, 358)
REACTOME_DISEASES_OF_SIGNAL_TRANSDUCTION_BY_GROWTH_FACTOR_RECEPTORS_AND_SECOND_MESSENGERS
结果为： (25, 16)
REACTOME_MAPK_FAMILY_SIGNALING_CASCADES
结果为： (18, 1943)
REACTOME_INTRACELLULAR_SIGNALING_BY_SECOND_MESSENGERS
结果为： (25, 70)
REACTOME_SIGNALING_BY_RECEPTOR_TYROSINE_KINASES
结果为： (30, 36)
WP_FOCAL_ADHESION
结果为： (33, 164)
WP_IMATINIB_AND_CHRONIC_MYELOID_LEUKEMIA
结果为： (27, 436)
WP_PDGFRBETA_PATHWAY
结果为： (25, 194)
WP_EGFR_TYROSINE_KINASE_INHIBITOR_RESISTANCE
结果为： (26, 221)
WP_RAS_SIGNALING
结果为： (32, 179)
WP_CLEAR_CELL_RENAL_CELL_CARCINOMA_PATHWAYS
结果为： (18, 1945)
WP_GLIOBLASTOMA_SIGNALING_PATHWAYS
结果为： (18, 1946)
WP_HIPPO_SIGNALING_REGULATION_PATHWAYS
结果为： (30, 260)
WP_MIRNA_REGULATION_OF_PROSTATE_CANCER_SIGNALING_PATHWAYS
结果为： (18, 1943)
WP_REGULATION_OF_ACTIN_CYTOSKELETON
结果为： (30, 180)
WP_BURN_WOUND_HEALING
结果为： (18, 1943)
WP_MAPK_SIGNALING_PATHWAY
结果为： (18, 1944)
WP_FOCAL_ADHESION_PI3KAKTMTORSIGNALING_PATHWAY
结果为： (18, 1953)
WP_REGULATORY_CIRCUITS_OF_THE_STAT3_SIGNALING_PATHWAY
结果为： (29, 296)
WP_GENES_CONTROLLING_NEPHROGENESIS
结果为： (34, 437)
WP_MARKERS_OF_KIDNEY_CELL_LINEAGE
结果为： (32, 471)
WP_HIPPOMERLIN_SIGNALING_DYSREGULATION
结果为： (31, 245)
WP_OSTEOBLAST_SIGNALING
结果为： (28, 770)
WP_PDGF_PATHWAY
结果为： (23, 189)
WP_MALIGNANT_PLEURAL_MESOTHELIOMA
结果为： (18, 1944)
WP_PI3KAKT_SIGNALING_PATHWAY
结果为： (18, 1954)
WP_EMBRYONIC_STEM_CELL_PLURIPOTENCY_PATHWAYS
结果为： (29, 301)
KEGG_CALCIUM_SIGNALING_PATHWAY
结果为： (35, 362)
KEGG_CYTOKINE_CYTOKINE_RECEPTOR_INTERACTION
结果为： (18, 1943)
KEGG_MAPK_SIGNALING_PATHWAY
结果为： (31, 176)
KEGG_FOCAL_ADHESION
结果为： (33, 163)
KEGG_GAP_JUNCTION
结果为： (29, 226)
KEGG_REGULATION_OF_ACTIN_CYTOSKELETON
结果为： (32, 150)
KEGG_PATHWAYS_IN_CANCER
结果为： (30, 90)
KEGG_PROSTATE_CANCER
结果为： (23, 183)
KEGG_GLIOMA
结果为： (24, 255)
KEGG_MELANOMA
结果为： (28, 333)
PID_INTEGRIN3_PATHWAY
结果为： (32, 469)
PID_S1P_S1P3_PATHWAY
结果为： (27, 265)
PID_PTP1B_PATHWAY
结果为： (32, 281)
PID_NECTIN_PATHWAY
结果为： (20, 264)
PID_TCPTP_PATHWAY
结果为： (27, 230)
PID_SHP2_PATHWAY
结果为： (31, 246)
PID_S1P_S1P1_PATHWAY
结果为： (26, 296)
PID_UPA_UPAR_PATHWAY
结果为： (31, 407)
PID_PDGFRB_PATHWAY
结果为： (27, 94)
PID_MYC_REPRESS_PATHWAY
结果为： (23, 286)
REACTOME_IRS_MEDIATED_SIGNALLING
结果为： (23, 400)
REACTOME_SIGNALING_BY_FGFR_IN_DISEASE
结果为： (21, 266)
REACTOME_DEVELOPMENTAL_BIOLOGY
结果为： (18, 1943)
REACTOME_FGFR1_MUTANT_RECEPTOR_ACTIVATION
结果为： (25, 371)
REACTOME_SIGNALING_BY_FGFR
结果为： (19, 221)
REACTOME_SIGNALING_BY_TYPE_1_INSULIN_LIKE_GROWTH_FACTOR_1_RECEPTOR_IGF1R
结果为： (24, 398)
REACTOME_L1CAM_INTERACTIONS
结果为： (25, 284)
REACTOME_NCAM_SIGNALING_FOR_NEURITE_OUT_GROWTH
结果为： (30, 334)
REACTOME_SIGNAL_TRANSDUCTION_BY_L1
结果为： (21, 280)
REACTOME_SIGNALING_BY_FGFR1_IN_DISEASE
结果为： (22, 299)
REACTOME_NEGATIVE_REGULATION_OF_FGFR1_SIGNALING
结果为： (21, 366)
REACTOME_SIGNALING_BY_FGFR1
结果为： (20, 284)
REACTOME_DOWNSTREAM_SIGNALING_OF_ACTIVATED_FGFR1
结果为： (23, 426)
REACTOME_FRS_MEDIATED_FGFR1_SIGNALING
结果为： (23, 501)
REACTOME_SHC_MEDIATED_CASCADE_FGFR1
结果为： (24, 567)
REACTOME_PI_3K_CASCADE_FGFR1
结果为： (26, 545)
REACTOME_SIGNALING_BY_INSULIN_RECEPTOR
结果为： (22, 318)
REACTOME_INSULIN_RECEPTOR_SIGNALLING_CASCADE
结果为： (23, 368)
REACTOME_NERVOUS_SYSTEM_DEVELOPMENT
结果为： (26, 72)
REACTOME_FORMATION_OF_PARAXIAL_MESODERM
结果为： (20, 381)
REACTOME_GASTRULATION
结果为： (25, 363)
WP_NEURAL_CREST_DIFFERENTIATION
结果为： (29, 368)
WP_THERMOGENESIS
结果为： (21, 226)
WP_BREAST_CANCER_PATHWAY
结果为： (25, 227)
WP_OSTEOBLAST_DIFFERENTIATION_AND_RELATED_DISEASES
结果为： (32, 309)
WP_THYROID_HORMONES_PRODUCTION_AND_PERIPHERAL_DOWNSTREAM_SIGNALING_EFFECTS
结果为： (20, 309)
WP_MESODERMAL_COMMITMENT_PATHWAY
结果为： (18, 1943)
WP_PRION_DISEASE_PATHWAY
结果为： (29, 234)
WP_ENDOCHONDRAL_OSSIFICATION_WITH_SKELETAL_DYSPLASIAS
结果为： (34, 420)
WP_KALLMANN_SYNDROME
结果为： (22, 411)
WP_22Q112_COPY_NUMBER_VARIATION_SYNDROME
结果为： (18, 1943)
WP_HEAD_AND_NECK_SQUAMOUS_CELL_CARCINOMA
结果为： (19, 208)
WP_ENDOCHONDRAL_OSSIFICATION
结果为： (34, 420)
WP_ENDOMETRIAL_CANCER
结果为： (22, 232)
KEGG_ADHERENS_JUNCTION
结果为： (25, 198)
PID_GLYPICAN_1PATHWAY
结果为： (37, 394)
PID_SYNDECAN_4_PATHWAY
结果为： (30, 376)
PID_FGF_PATHWAY
结果为： (28, 309)
PID_NCADHERIN_PATHWAY
结果为： (20, 238)
REACTOME_SIGNALING_BY_VEGF
结果为： (27, 160)
REACTOME_SIGNALING_BY_NOTCH4
结果为： (12, 209)
REACTOME_NOTCH4_INTRACELLULAR_DOMAIN_REGULATES_TRANSCRIPTION
结果为： (20, 327)
WP_NEOVASCULARISATION_PROCESSES
结果为： (29, 278)
BIOCARTA_VEGF_PATHWAY
结果为： (18, 254)
BIOCARTA_NO1_PATHWAY
结果为： (25, 482)
PID_LYMPH_ANGIOGENESIS_PATHWAY
结果为： (26, 240)
REACTOME_SPRY_REGULATION_OF_FGF_SIGNALING
结果为： (10, 218)
REACTOME_SIGNALING_BY_NTRKS
结果为： (25, 178)
REACTOME_PROLONGED_ERK_ACTIVATION_EVENTS
结果为： (18, 210)
REACTOME_ARMS_MEDIATED_ACTIVATION
结果为： (23, 331)
REACTOME_SIGNALLING_TO_ERKS
结果为： (17, 225)
REACTOME_SIGNALING_BY_NOTCH
结果为： (18, 1943)
REACTOME_SIGNALING_BY_FGFR3
结果为： (17, 283)
REACTOME_SIGNALING_BY_FGFR4
结果为： (16, 303)
REACTOME_NEGATIVE_REGULATION_OF_FGFR2_SIGNALING
结果为： (22, 391)
REACTOME_SIGNALING_BY_FGFR2
结果为： (17, 222)
REACTOME_NEGATIVE_REGULATION_OF_FGFR4_SIGNALING
结果为： (16, 392)
REACTOME_NEGATIVE_REGULATION_OF_FGFR3_SIGNALING
结果为： (17, 369)
REACTOME_RAF_ACTIVATION
结果为： (16, 243)
REACTOME_MAP2K_AND_MAPK_ACTIVATION
结果为： (21, 267)
REACTOME_NEGATIVE_REGULATION_OF_MAPK_PATHWAY
结果为： (17, 258)
REACTOME_SIGNALING_BY_MODERATE_KINASE_ACTIVITY_BRAF_MUTANTS
结果为： (21, 269)
REACTOME_SIGNALING_BY_BRAF_AND_RAF1_FUSIONS
结果为： (21, 228)
REACTOME_ONCOGENIC_MAPK_SIGNALING
结果为： (20, 213)
WP_ALZHEIMERS_DISEASE
结果为： (24, 151)
WP_CHROMOSOMAL_AND_MICROSATELLITE_INSTABILITY_IN_COLORECTAL_CANCER
结果为： (23, 196)
WP_HEPATITIS_B_INFECTION
结果为： (18, 1955)
WP_FRAGILE_X_SYNDROME
结果为： (23, 212)
WP_MELANOMA
结果为： (23, 205)
WP_ERBB_SIGNALING_PATHWAY
结果为： (18, 1946)
WP_BLADDER_CANCER
结果为： (20, 345)
WP_THYROID_STIMULATING_HORMONE_TSH_SIGNALING_PATHWAY
结果为： (23, 195)
WP_TCA_CYCLE_IN_SENESCENCE
结果为： (13, 573)
WP_RELATIONSHIP_BETWEEN_INFLAMMATION_COX2_AND_EGFR
结果为： (26, 321)
WP_ALZHEIMERS_DISEASE_AND_MIRNA_EFFECTS
结果为： (18, 1943)
WP_ESTROGEN_SIGNALING_PATHWAY
结果为： (18, 277)
WP_INHIBITION_OF_EXOSOME_BIOGENESIS_AND_SECRETION_BY_MANUMYCIN_A_IN_CRPC_CELLS
结果为： (11, 256)
WP_CORTICOTROPINRELEASING_HORMONE_SIGNALING_PATHWAY
结果为： (25, 272)
WP_CHEMOKINE_SIGNALING_PATHWAY
结果为： (18, 1945)
WP_BDNFTRKB_SIGNALING
结果为： (19, 262)
WP_RETT_SYNDROME_CAUSING_GENES
结果为： (21, 316)
WP_MAPK_CASCADE
结果为： (18, 227)
WP_B_CELL_RECEPTOR_SIGNALING_PATHWAY
结果为： (29, 161)
WP_MAPK_PATHWAY_IN_CONGENITAL_THYROID_CANCER
结果为： (18, 341)
WP_EGFEGFR_SIGNALING_PATHWAY
结果为： (26, 78)
WP_PANCREATIC_ADENOCARCINOMA_PATHWAY
结果为： (24, 160)
WP_REGUCALCIN_IN_PROXIMAL_TUBULE_EPITHELIAL_KIDNEY_CELLS
结果为： (17, 379)
WP_NONSMALL_CELL_LUNG_CANCER
结果为： (23, 207)
WP_SEROTONIN_HTR1_GROUP_AND_FOS_PATHWAY
结果为： (24, 276)
WP_SEROTONIN_RECEPTOR_467_AND_NR3C_SIGNALING
结果为： (19, 262)
KEGG_ERBB_SIGNALING_PATHWAY
结果为： (25, 206)
KEGG_CHEMOKINE_SIGNALING_PATHWAY
结果为： (18, 1945)
KEGG_MTOR_SIGNALING_PATHWAY
结果为： (23, 245)
KEGG_VASCULAR_SMOOTH_MUSCLE_CONTRACTION
结果为： (31, 268)
KEGG_NATURAL_KILLER_CELL_MEDIATED_CYTOTOXICITY
结果为： (18, 1954)
KEGG_LONG_TERM_POTENTIATION
结果为： (25, 283)
KEGG_NEUROTROPHIN_SIGNALING_PATHWAY
结果为： (26, 120)
KEGG_LONG_TERM_DEPRESSION
结果为： (28, 327)
KEGG_INSULIN_SIGNALING_PATHWAY
结果为： (22, 199)
KEGG_PROGESTERONE_MEDIATED_OOCYTE_MATURATION
结果为： (22, 207)
KEGG_RENAL_CELL_CARCINOMA
结果为： (26, 153)
KEGG_COLORECTAL_CANCER
结果为： (25, 175)
KEGG_ENDOMETRIAL_CANCER
结果为： (22, 223)
KEGG_PANCREATIC_CANCER
结果为： (26, 158)
KEGG_CHRONIC_MYELOID_LEUKEMIA
结果为： (23, 148)
KEGG_BLADDER_CANCER
结果为： (20, 315)
KEGG_ACUTE_MYELOID_LEUKEMIA
结果为： (26, 216)
KEGG_THYROID_CANCER
结果为： (15, 316)
KEGG_NON_SMALL_CELL_LUNG_CANCER
结果为： (22, 215)
PID_CDC42_PATHWAY
结果为： (21, 170)
PID_MTOR_4PATHWAY
结果为： (14, 193)
PID_TCR_RAS_PATHWAY
结果为： (23, 238)
PID_ERBB1_DOWNSTREAM_PATHWAY
结果为： (22, 102)
PID_MAPK_TRK_PATHWAY
结果为： (18, 254)
PID_CD8_TCR_DOWNSTREAM_PATHWAY
结果为： (18, 1955)
PID_FAK_PATHWAY
结果为： (25, 138)
PID_VEGFR1_2_PATHWAY
结果为： (25, 156)
REACTOME_HEMOSTASIS
结果为： (18, 1943)
REACTOME_ADAPTIVE_IMMUNE_SYSTEM
结果为： (18, 1945)
REACTOME_INNATE_IMMUNE_SYSTEM
结果为： (18, 1943)
REACTOME_STIMULI_SENSING_CHANNELS
结果为： (25, 452)
REACTOME_TRANSPORT_OF_SMALL_MOLECULES
结果为： (18, 1946)
REACTOME_GP1B_IX_V_ACTIVATION_SIGNALLING
结果为： (18, 1948)
REACTOME_RAP1_SIGNALLING
结果为： (28, 398)
REACTOME_C_TYPE_LECTIN_RECEPTORS_CLRS
结果为： (21, 192)
REACTOME_CD209_DC_SIGN_SIGNALING
结果为： (26, 294)
REACTOME_PLATELET_ACTIVATION_SIGNALING_AND_AGGREGATION
结果为： (18, 1948)
WP_INTERLEUKIN11_SIGNALING_PATHWAY
结果为： (22, 194)
REACTOME_ION_CHANNEL_TRANSPORT
结果为： (26, 350)
WP_KISSPEPTINKISSPEPTIN_RECEPTOR_SYSTEM_IN_THE_OVARY
结果为： (27, 326)
WP_ERK_PATHWAY_IN_HUNTINGTONS_DISEASE
结果为： (19, 299)
WP_PATHWAYS_AFFECTED_IN_ADENOID_CYSTIC_CARCINOMA
结果为： (17, 212)
WP_TGFBETA_SIGNALING_PATHWAY
结果为： (24, 127)
WP_4HYDROXYTAMOXIFEN_DEXAMETHASONE_AND_RETINOIC_ACIDS_REGULATION_OF_P27_EXPRESSION
结果为： (13, 322)
WP_ONCOSTATIN_M_SIGNALING_PATHWAY
结果为： (25, 188)
WP_SEROTONIN_RECEPTOR_2_AND_ELKSRFGATA4_SIGNALING
结果为： (22, 303)
WP_EXTRACELLULAR_VESICLEMEDIATED_SIGNALING_IN_RECIPIENT_CELLS
结果为： (26, 325)
WP_CAMKK2_PATHWAY
结果为： (19, 279)
WP_COMMON_PATHWAYS_UNDERLYING_DRUG_ADDICTION
结果为： (26, 381)
WP_FGFR3_SIGNALING_IN_CHONDROCYTE_PROLIFERATION_AND_TERMINAL_DIFFERENTIATION
结果为： (18, 389)
WP_ANGIOTENSIN_II_RECEPTOR_TYPE_1_PATHWAY
结果为： (22, 393)
WP_IL3_SIGNALING_PATHWAY
结果为： (31, 193)
WP_EPITHELIAL_TO_MESENCHYMAL_TRANSITION_IN_COLORECTAL_CANCER
结果为： (18, 1943)
WP_TCELL_RECEPTOR_SIGNALING_PATHWAY
结果为： (33, 182)
WP_MICRORNAS_IN_CARDIOMYOCYTE_HYPERTROPHY
结果为： (18, 1943)
WP_NANOPARTICLEMEDIATED_ACTIVATION_OF_RECEPTOR_SIGNALING
结果为： (23, 221)
WP_ARYL_HYDROCARBON_RECEPTOR_PATHWAY_WP2586
结果为： (15, 352)
WP_IL5_SIGNALING_PATHWAY
结果为： (27, 212)
WP_ENDOTHELIN_PATHWAYS
结果为： (24, 462)
WP_FOLLICLE_STIMULATING_HORMONE_FSH_SIGNALING_PATHWAY
结果为： (16, 375)
WP_RETINOBLASTOMA_GENE_IN_CANCER
结果为： (18, 1943)
WP_TCELL_ANTIGEN_RECEPTOR_TCR_PATHWAY_DURING_STAPHYLOCOCCUS_AUREUS_INFECTION
结果为： (33, 231)
WP_BRAINDERIVED_NEUROTROPHIC_FACTOR_BDNF_SIGNALING_PATHWAY
结果为： (26, 143)
WP_MAPK_AND_NFKB_SIGNALING_PATHWAYS_INHIBITED_BY_YERSINIA_YOPJ
结果为： (18, 337)
WP_INSULIN_SIGNALING
结果为： (25, 134)
WP_HEPATOCYTE_GROWTH_FACTOR_RECEPTOR_SIGNALING
结果为： (21, 206)
WP_IL2_SIGNALING_PATHWAY
结果为： (29, 235)
WP_LEPTIN_SIGNALING_PATHWAY
结果为： (17, 163)
WP_GASTRIN_SIGNALING_PATHWAY
结果为： (24, 153)
WP_PROLACTIN_SIGNALING_PATHWAY
结果为： (25, 164)
WP_EPO_RECEPTOR_SIGNALING
结果为： (24, 313)
WP_PHYSICOCHEMICAL_FEATURES_AND_TOXICITYASSOCIATED_PATHWAYS
结果为： (23, 287)
WP_CARDIAC_HYPERTROPHIC_RESPONSE
结果为： (24, 248)
WP_AGERAGE_PATHWAY
结果为： (27, 189)
WP_KIT_RECEPTOR_SIGNALING_PATHWAY
结果为： (29, 180)
WP_TNFRELATED_WEAK_INDUCER_OF_APOPTOSIS_TWEAK_SIGNALING_PATHWAY
结果为： (24, 215)
WP_HOSTPATHOGEN_INTERACTION_OF_HUMAN_CORONAVIRUSES_MAPK_SIGNALING
结果为： (20, 354)
WP_TNFALPHA_SIGNALING_PATHWAY
结果为： (18, 1943)
WP_TCELL_ACTIVATION_SARSCOV2
结果为： (34, 233)
WP_ANGIOPOIETINLIKE_PROTEIN_8_REGULATORY_PATHWAY
结果为： (22, 174)
WP_VEGFAVEGFR2_SIGNALING
结果为： (26, 54)
BIOCARTA_SPPA_PATHWAY
结果为： (28, 290)
BIOCARTA_BIOPEPTIDES_PATHWAY
结果为： (24, 261)
BIOCARTA_CDMAC_PATHWAY
结果为： (22, 328)
BIOCARTA_CCR3_PATHWAY
结果为： (23, 306)
BIOCARTA_BCR_PATHWAY
结果为： (27, 227)
BIOCARTA_EGF_PATHWAY
结果为： (22, 207)
BIOCARTA_EPO_PATHWAY
结果为： (23, 252)
BIOCARTA_ERK_PATHWAY
结果为： (18, 313)
BIOCARTA_ECM_PATHWAY
结果为： (20, 247)
BIOCARTA_CERAMIDE_PATHWAY
结果为： (17, 247)
BIOCARTA_CXCR4_PATHWAY
结果为： (23, 234)
BIOCARTA_GH_PATHWAY
结果为： (23, 273)
BIOCARTA_FCER1_PATHWAY
结果为： (27, 211)
BIOCARTA_FMLP_PATHWAY
结果为： (23, 256)
BIOCARTA_IGF1_PATHWAY
结果为： (14, 258)
BIOCARTA_IL2_PATHWAY
结果为： (29, 237)
BIOCARTA_IL3_PATHWAY
结果为： (26, 310)
BIOCARTA_PYK2_PATHWAY
结果为： (20, 210)
BIOCARTA_MAPK_PATHWAY
结果为： (24, 144)
BIOCARTA_IGF1R_PATHWAY
结果为： (16, 272)
BIOCARTA_NGF_PATHWAY
结果为： (16, 318)
BIOCARTA_NFAT_PATHWAY
结果为： (25, 305)
BIOCARTA_IL2RB_PATHWAY
结果为： (27, 202)
BIOCARTA_GLEEVEC_PATHWAY
结果为： (21, 251)
BIOCARTA_IL6_PATHWAY
结果为： (23, 276)
BIOCARTA_RACCYCD_PATHWAY
结果为： (12, 253)
BIOCARTA_INSULIN_PATHWAY
结果为： (14, 267)
BIOCARTA_INTEGRIN_PATHWAY
结果为： (23, 189)
BIOCARTA_KERATINOCYTE_PATHWAY
结果为： (26, 262)
BIOCARTA_BARRESTIN_SRC_PATHWAY
结果为： (28, 327)
BIOCARTA_GPCR_PATHWAY
结果为： (22, 275)
BIOCARTA_BARR_MAPK_PATHWAY
结果为： (25, 359)
BIOCARTA_MET_PATHWAY
结果为： (22, 236)
BIOCARTA_HER2_PATHWAY
结果为： (16, 298)
BIOCARTA_MAL_PATHWAY
结果为： (16, 229)
BIOCARTA_TPO_PATHWAY
结果为： (24, 257)
WP_NETRINUNC5B_SIGNALING_PATHWAY
结果为： (28, 263)
WP_THYROXINE_THYROID_HORMONE_PRODUCTION
结果为： (17, 427)
BIOCARTA_RAS_PATHWAY
结果为： (15, 229)
BIOCARTA_CDK5_PATHWAY
结果为： (14, 417)
BIOCARTA_PDGF_PATHWAY
结果为： (23, 210)
BIOCARTA_AT1R_PATHWAY
结果为： (20, 237)
BIOCARTA_SPRY_PATHWAY
结果为： (16, 287)
BIOCARTA_TCR_PATHWAY
结果为： (30, 197)
KEGG_VEGF_SIGNALING_PATHWAY
结果为： (28, 285)
KEGG_T_CELL_RECEPTOR_SIGNALING_PATHWAY
结果为： (33, 166)
KEGG_B_CELL_RECEPTOR_SIGNALING_PATHWAY
结果为： (30, 241)
KEGG_FC_EPSILON_RI_SIGNALING_PATHWAY
结果为： (31, 279)
KEGG_FC_GAMMA_R_MEDIATED_PHAGOCYTOSIS
结果为： (29, 171)
KEGG_GNRH_SIGNALING_PATHWAY
结果为： (30, 246)
KEGG_MELANOGENESIS
结果为： (29, 307)
PID_FCER1_PATHWAY
结果为： (29, 199)
PID_ENDOTHELIN_PATHWAY
结果为： (32, 240)
PID_MET_PATHWAY
结果为： (21, 126)
PID_BCR_5PATHWAY
结果为： (29, 180)
PID_GMCSF_PATHWAY
结果为： (26, 257)
PID_IL2_1PATHWAY
结果为： (29, 207)
PID_IGF1_PATHWAY
结果为： (13, 212)
PID_CERAMIDE_PATHWAY
结果为： (19, 278)
PID_ERBB2_ERBB3_PATHWAY
结果为： (24, 202)
PID_AR_NONGENOMIC_PATHWAY
结果为： (21, 193)
PID_P38_MK2_PATHWAY
结果为： (17, 234)
PID_ERBB1_INTERNALIZATION_PATHWAY
结果为： (22, 172)
PID_RB_1PATHWAY
结果为： (21, 234)
SIG_IL4RECEPTOR_IN_B_LYPHOCYTES
结果为： (24, 189)
SIG_INSULIN_RECEPTOR_PATHWAY_IN_CARDIAC_MYOCYTES
结果为： (20, 198)
SIG_BCR_SIGNALING_PATHWAY
结果为： (28, 225)
PID_CXCR3_PATHWAY
结果为： (26, 272)
PID_KIT_PATHWAY
结果为： (29, 183)
PID_PI3KCI_AKT_PATHWAY
结果为： (13, 268)
REACTOME_CYTOKINE_SIGNALING_IN_IMMUNE_SYSTEM
结果为： (18, 1943)
REACTOME_FLT3_SIGNALING_IN_DISEASE
结果为： (17, 245)
REACTOME_STAT5_ACTIVATION_DOWNSTREAM_OF_FLT3_ITD_MUTANTS
结果为： (23, 478)
REACTOME_SIGNALING_BY_FLT3_ITD_AND_TKD_MUTANTS
结果为： (19, 339)
REACTOME_FLT3_SIGNALING
结果为： (27, 220)
REACTOME_STAT5_ACTIVATION
结果为： (24, 416)
REACTOME_NEGATIVE_REGULATION_OF_FLT3
结果为： (24, 368)
REACTOME_FLT3_SIGNALING_THROUGH_SRC_FAMILY_KINASES
结果为： (52, 678)
WP_HEMATOPOIETIC_STEM_CELL_GENE_REGULATION_BY_GABP_ALPHABETA_COMPLEX
结果为： (20, 253)
WP_WNTBETACATENIN_SIGNALING_PATHWAY_IN_LEUKEMIA
结果为： (24, 379)
BIOCARTA_ERYTH_PATHWAY
结果为： (36, 764)
KEGG_HEMATOPOIETIC_CELL_LINEAGE
结果为： (18, 1947)
BIOCARTA_MELANOCYTE_PATHWAY
结果为： (25, 349)
PID_CMYB_PATHWAY
结果为： (24, 287)
REACTOME_REGULATION_OF_KIT_SIGNALING
结果为： (32, 301)
REACTOME_SIGNALING_BY_SCF_KIT
结果为： (30, 232)
REACTOME_RNA_POLYMERASE_II_TRANSCRIPTION
结果为： (18, 1943)
REACTOME_TRANSCRIPTIONAL_REGULATION_BY_THE_AP_2_TFAP2_FAMILY_OF_TRANSCRIPTION_FACTORS
结果为： (18, 409)
REACTOME_TFAP2_AP_2_FAMILY_REGULATES_TRANSCRIPTION_OF_GROWTH_FACTORS_AND_THEIR_RECEPTORS
结果为： (24, 582)
REACTOME_SIGNALING_BY_KIT_IN_DISEASE
结果为： (28, 265)
WP_CARDIAC_PROGENITOR_DIFFERENTIATION
结果为： (30, 561)
WP_PLURIPOTENT_STEM_CELL_DIFFERENTIATION_PATHWAY
结果为： (35, 642)
BIOCARTA_BAD_PATHWAY
结果为： (23, 359)
KEGG_ENDOCYTOSIS
结果为： (26, 163)
REACTOME_EXTRACELLULAR_MATRIX_ORGANIZATION
结果为： (18, 1945)
REACTOME_INTEGRIN_CELL_SURFACE_INTERACTIONS
结果为： (18, 1945)
REACTOME_VEGFR2_MEDIATED_CELL_PROLIFERATION
结果为： (21, 291)
REACTOME_SIGNALING_BY_PDGFR_IN_DISEASE
结果为： (23, 208)
WP_ANGIOGENESIS
结果为： (24, 355)
WP_ROBO4_AND_VEGF_SIGNALING_PATHWAYS_CROSSTALK
结果为： (27, 492)
WP_EXTRACELLULAR_VESICLES_IN_THE_CROSSTALK_OF_CARDIAC_CELLS
结果为： (18, 1943)
WP_CELL_INTERACTIONS_OF_THE_PANCREATIC_CANCER_MICROENVIRONMENT
结果为： (45, 525)
WP_NRP1TRIGGERED_SIGNALING_PATHWAYS_IN_PANCREATIC_CANCER
结果为： (23, 265)
WP_16P112_DISTAL_DELETION_SYNDROME
结果为： (18, 1943)
PID_HIF2PATHWAY
结果为： (20, 319)
PID_AVB3_INTEGRIN_PATHWAY
结果为： (32, 229)
PID_HES_HEY_PATHWAY
结果为： (21, 279)
PID_VEGFR1_PATHWAY
结果为： (25, 228)
REACTOME_RET_SIGNALING
结果为： (28, 352)
REACTOME_TRANSCRIPTIONAL_REGULATION_BY_NPAS4
结果为： (20, 363)
REACTOME_NPAS4_REGULATES_EXPRESSION_OF_TARGET_GENES
结果为： (21, 472)
WP_DEVELOPMENT_OF_URETERIC_COLLECTION_SYSTEM
结果为： (29, 453)
WP_SUDDEN_INFANT_DEATH_SYNDROME_SIDS_SUSCEPTIBILITY_PATHWAYS
结果为： (18, 1943)
WP_NEUROGENESIS_REGULATION_IN_THE_OLFACTORY_EPITHELIUM
结果为： (30, 358)
WP_DOPAMINERGIC_NEUROGENESIS
结果为： (29, 779)
WP_GDNFRET_SIGNALING_AXIS
结果为： (27, 629)
PID_RET_PATHWAY
结果为： (19, 226)
PID_AJDISS_2PATHWAY
结果为： (24, 273)
BIOCARTA_EGFR_SMRTE_PATHWAY
结果为： (16, 455)
REACTOME_MAPK3_ERK1_ACTIVATION
结果为： (21, 320)
REACTOME_RAF_INDEPENDENT_MAPK1_3_ACTIVATION
结果为： (20, 382)
REACTOME_DEVELOPMENTAL_BIOLOGY
结果为： (18, 1943)
REACTOME_CYTOKINE_SIGNALING_IN_IMMUNE_SYSTEM
结果为： (18, 1943)
REACTOME_MYD88_INDEPENDENT_TLR4_CASCADE
结果为： (18, 176)
REACTOME_SIGNALING_BY_NTRKS
结果为： (25, 178)
REACTOME_TOLL_LIKE_RECEPTOR_9_TLR9_CASCADE
结果为： (19, 181)
REACTOME_TOLL_LIKE_RECEPTOR_TLR1_TLR2_CASCADE
结果为： (21, 220)
REACTOME_INNATE_IMMUNE_SYSTEM
结果为： (18, 1943)
REACTOME_TOLL_LIKE_RECEPTOR_CASCADES
结果为： (24, 188)
REACTOME_PROLONGED_ERK_ACTIVATION_EVENTS
结果为： (18, 210)
REACTOME_SIGNALLING_TO_ERKS
结果为： (17, 225)
REACTOME_L1CAM_INTERACTIONS
结果为： (25, 284)
REACTOME_SIGNAL_TRANSDUCTION_BY_L1
结果为： (21, 280)
REACTOME_INTERLEUKIN_1_FAMILY_SIGNALING
结果为： (19, 224)
REACTOME_INTERLEUKIN_17_SIGNALING
结果为： (17, 227)
REACTOME_SIGNALING_BY_INTERLEUKINS
结果为： (18, 1944)
REACTOME_UPTAKE_AND_ACTIONS_OF_BACTERIAL_TOXINS
结果为： (21, 504)
REACTOME_DISEASES_OF_SIGNAL_TRANSDUCTION_BY_GROWTH_FACTOR_RECEPTORS_AND_SECOND_MESSENGERS
结果为： (25, 16)
REACTOME_INFECTIOUS_DISEASE
结果为： (18, 1943)
REACTOME_RAF_ACTIVATION
结果为： (16, 243)
REACTOME_MAP2K_AND_MAPK_ACTIVATION
结果为： (21, 267)
REACTOME_NEGATIVE_REGULATION_OF_MAPK_PATHWAY
结果为： (17, 258)
REACTOME_MAPK_FAMILY_SIGNALING_CASCADES
结果为： (18, 1943)
REACTOME_MAP3K8_TPL2_DEPENDENT_MAPK1_3_ACTIVATION
结果为： (10, 339)
REACTOME_SIGNALING_BY_MODERATE_KINASE_ACTIVITY_BRAF_MUTANTS
结果为： (21, 269)
REACTOME_SIGNALING_BY_BRAF_AND_RAF1_FUSIONS
结果为： (21, 228)
REACTOME_ONCOGENIC_MAPK_SIGNALING
结果为： (20, 213)
REACTOME_SIGNALING_BY_RECEPTOR_TYROSINE_KINASES
结果为： (30, 36)
REACTOME_INTERLEUKIN_1_SIGNALING
结果为： (14, 223)
REACTOME_NERVOUS_SYSTEM_DEVELOPMENT
结果为： (26, 72)
WP_FOCAL_ADHESION
结果为： (33, 164)
WP_INTERLEUKIN11_SIGNALING_PATHWAY
结果为： (22, 194)
WP_KISSPEPTINKISSPEPTIN_RECEPTOR_SYSTEM_IN_THE_OVARY
结果为： (27, 326)
WP_MET_IN_TYPE_1_PAPILLARY_RENAL_CELL_CARCINOMA
结果为： (25, 155)
WP_INTEGRINMEDIATED_CELL_ADHESION
结果为： (18, 1943)
WP_TGFBETA_SIGNALING_PATHWAY
结果为： (24, 127)
WP_ALZHEIMERS_DISEASE
结果为： (24, 151)
WP_4HYDROXYTAMOXIFEN_DEXAMETHASONE_AND_RETINOIC_ACIDS_REGULATION_OF_P27_EXPRESSION
结果为： (13, 322)
WP_CHROMOSOMAL_AND_MICROSATELLITE_INSTABILITY_IN_COLORECTAL_CANCER
结果为： (23, 196)
WP_HEPATITIS_B_INFECTION
结果为： (18, 1955)
WP_ONCOSTATIN_M_SIGNALING_PATHWAY
结果为： (25, 188)
WP_PDGFRBETA_PATHWAY
结果为： (25, 194)
WP_BREAST_CANCER_PATHWAY
结果为： (25, 227)
WP_SEROTONIN_RECEPTOR_2_AND_ELKSRFGATA4_SIGNALING
结果为： (22, 303)
WP_FRAGILE_X_SYNDROME
结果为： (23, 212)
WP_EGFR_TYROSINE_KINASE_INHIBITOR_RESISTANCE
结果为： (26, 221)
WP_IL6_SIGNALING_PATHWAY
结果为： (25, 245)
WP_MELANOMA
结果为： (23, 205)
WP_ERBB_SIGNALING_PATHWAY
结果为： (18, 1946)
WP_BLADDER_CANCER
结果为： (20, 345)
WP_RAS_SIGNALING
结果为： (32, 179)
WP_THYROID_STIMULATING_HORMONE_TSH_SIGNALING_PATHWAY
结果为： (23, 195)
WP_IL1_SIGNALING_PATHWAY
结果为： (18, 251)
WP_GLIOBLASTOMA_SIGNALING_PATHWAYS
结果为： (18, 1946)
WP_COMMON_PATHWAYS_UNDERLYING_DRUG_ADDICTION
结果为： (26, 381)
WP_FGFR3_SIGNALING_IN_CHONDROCYTE_PROLIFERATION_AND_TERMINAL_DIFFERENTIATION
结果为： (18, 389)
WP_THYROID_HORMONES_PRODUCTION_AND_PERIPHERAL_DOWNSTREAM_SIGNALING_EFFECTS
结果为： (20, 309)
WP_IL3_SIGNALING_PATHWAY
结果为： (31, 193)
WP_MIRNA_REGULATION_OF_PROSTATE_CANCER_SIGNALING_PATHWAYS
结果为： (18, 1943)
WP_ALZHEIMERS_DISEASE_AND_MIRNA_EFFECTS
结果为： (18, 1943)
WP_EPITHELIAL_TO_MESENCHYMAL_TRANSITION_IN_COLORECTAL_CANCER
结果为： (18, 1943)
WP_TCELL_RECEPTOR_SIGNALING_PATHWAY
结果为： (33, 182)
WP_MICRORNAS_IN_CARDIOMYOCYTE_HYPERTROPHY
结果为： (18, 1943)
WP_ESTROGEN_SIGNALING_PATHWAY
结果为： (18, 277)
WP_NANOPARTICLEMEDIATED_ACTIVATION_OF_RECEPTOR_SIGNALING
结果为： (23, 221)
WP_ARYL_HYDROCARBON_RECEPTOR_PATHWAY_WP2586
结果为： (15, 352)
WP_REGULATION_OF_ACTIN_CYTOSKELETON
结果为： (30, 180)
WP_CORTICOTROPINRELEASING_HORMONE_SIGNALING_PATHWAY
结果为： (25, 272)
WP_IL5_SIGNALING_PATHWAY
结果为： (27, 212)
WP_ENDOTHELIN_PATHWAYS
结果为： (24, 462)
WP_CHEMOKINE_SIGNALING_PATHWAY
结果为： (18, 1945)
WP_ETHANOL_METABOLISM_PRODUCTION_OF_ROS_BY_CYP2E1
结果为： (13, 406)
WP_MAPK_SIGNALING_PATHWAY
结果为： (18, 1944)
WP_FOCAL_ADHESION_PI3KAKTMTORSIGNALING_PATHWAY
结果为： (18, 1953)
WP_TOLLLIKE_RECEPTOR_SIGNALING_PATHWAY
结果为： (18, 1955)
WP_TCELL_ANTIGEN_RECEPTOR_TCR_PATHWAY_DURING_STAPHYLOCOCCUS_AUREUS_INFECTION
结果为： (33, 231)
WP_BRAINDERIVED_NEUROTROPHIC_FACTOR_BDNF_SIGNALING_PATHWAY
结果为： (26, 143)
WP_INSULIN_SIGNALING
结果为： (25, 134)
WP_BDNFTRKB_SIGNALING
结果为： (19, 262)
WP_HEPATOCYTE_GROWTH_FACTOR_RECEPTOR_SIGNALING
结果为： (21, 206)
WP_IL2_SIGNALING_PATHWAY
结果为： (29, 235)
WP_LEPTIN_SIGNALING_PATHWAY
结果为： (17, 163)
WP_MAPK_CASCADE
结果为： (18, 227)
WP_B_CELL_RECEPTOR_SIGNALING_PATHWAY
结果为： (29, 161)
WP_ENVELOPE_PROTEINS_AND_THEIR_POTENTIAL_ROLES_IN_EDMD_PHYSIOPATHOLOGY
结果为： (23, 185)
WP_GASTRIN_SIGNALING_PATHWAY
结果为： (24, 153)
WP_MAPK_PATHWAY_IN_CONGENITAL_THYROID_CANCER
结果为： (18, 341)
WP_EGFEGFR_SIGNALING_PATHWAY
结果为： (26, 78)
WP_PROLACTIN_SIGNALING_PATHWAY
结果为： (25, 164)
WP_NRP1TRIGGERED_SIGNALING_PATHWAYS_IN_PANCREATIC_CANCER
结果为： (23, 265)
WP_THYMIC_STROMAL_LYMPHOPOIETIN_TSLP_SIGNALING_PATHWAY
结果为： (29, 273)
WP_EPO_RECEPTOR_SIGNALING
结果为： (24, 313)
WP_PHYSICOCHEMICAL_FEATURES_AND_TOXICITYASSOCIATED_PATHWAYS
结果为： (23, 287)
WP_INTERLEUKIN1_IL1_STRUCTURAL_PATHWAY
结果为： (17, 257)
WP_PANCREATIC_ADENOCARCINOMA_PATHWAY
结果为： (24, 160)
WP_RANKLRANK_SIGNALING_PATHWAY
结果为： (25, 231)
WP_NONSMALL_CELL_LUNG_CANCER
结果为： (23, 207)
WP_CARDIAC_HYPERTROPHIC_RESPONSE
结果为： (24, 248)
WP_OSTEOPONTIN_SIGNALING
结果为： (23, 310)
WP_IL9_SIGNALING_PATHWAY
结果为： (25, 305)
WP_PDGF_PATHWAY
结果为： (23, 189)
WP_TRANSLATION_INHIBITORS_IN_CHRONICALLY_ACTIVATED_PDGFRA_CELLS
结果为： (20, 241)
WP_AGERAGE_PATHWAY
结果为： (27, 189)
WP_KIT_RECEPTOR_SIGNALING_PATHWAY
结果为： (29, 180)
WP_ENDOMETRIAL_CANCER
结果为： (22, 232)
WP_IL7_SIGNALING_PATHWAY
结果为： (29, 308)
WP_HOSTPATHOGEN_INTERACTION_OF_HUMAN_CORONAVIRUSES_MAPK_SIGNALING
结果为： (20, 354)
WP_SEROTONIN_HTR1_GROUP_AND_FOS_PATHWAY
结果为： (24, 276)
WP_MALIGNANT_PLEURAL_MESOTHELIOMA
结果为： (18, 1944)
WP_TCELL_ACTIVATION_SARSCOV2
结果为： (34, 233)
WP_ANGIOPOIETINLIKE_PROTEIN_8_REGULATORY_PATHWAY
结果为： (22, 174)
WP_PI3KAKT_SIGNALING_PATHWAY
结果为： (18, 1954)
WP_SEROTONIN_RECEPTOR_467_AND_NR3C_SIGNALING
结果为： (19, 262)
WP_VEGFAVEGFR2_SIGNALING
结果为： (26, 54)
BIOCARTA_SPPA_PATHWAY
结果为： (28, 290)
BIOCARTA_BIOPEPTIDES_PATHWAY
结果为： (24, 261)
BIOCARTA_CDMAC_PATHWAY
结果为： (22, 328)
BIOCARTA_CCR3_PATHWAY
结果为： (23, 306)
BIOCARTA_BCR_PATHWAY
结果为： (27, 227)
BIOCARTA_EGF_PATHWAY
结果为： (22, 207)
BIOCARTA_EPO_PATHWAY
结果为： (23, 252)
BIOCARTA_ERK_PATHWAY
结果为： (18, 313)
BIOCARTA_ECM_PATHWAY
结果为： (20, 247)
BIOCARTA_CERAMIDE_PATHWAY
结果为： (17, 247)
BIOCARTA_CXCR4_PATHWAY
结果为： (23, 234)
BIOCARTA_GH_PATHWAY
结果为： (23, 273)
BIOCARTA_FCER1_PATHWAY
结果为： (27, 211)
BIOCARTA_FMLP_PATHWAY
结果为： (23, 256)
BIOCARTA_HCMV_PATHWAY
结果为： (16, 236)
BIOCARTA_IGF1_PATHWAY
结果为： (14, 258)
BIOCARTA_IL2_PATHWAY
结果为： (29, 237)
BIOCARTA_IL3_PATHWAY
结果为： (26, 310)
BIOCARTA_PYK2_PATHWAY
结果为： (20, 210)
BIOCARTA_MAPK_PATHWAY
结果为： (24, 144)
BIOCARTA_IGF1R_PATHWAY
结果为： (16, 272)
BIOCARTA_NGF_PATHWAY
结果为： (16, 318)
BIOCARTA_NFAT_PATHWAY
结果为： (25, 305)
BIOCARTA_GLEEVEC_PATHWAY
结果为： (21, 251)
BIOCARTA_IL6_PATHWAY
结果为： (23, 276)
BIOCARTA_INSULIN_PATHWAY
结果为： (14, 267)
BIOCARTA_INTEGRIN_PATHWAY
结果为： (23, 189)
BIOCARTA_KERATINOCYTE_PATHWAY
结果为： (26, 262)
BIOCARTA_BARRESTIN_SRC_PATHWAY
结果为： (28, 327)
BIOCARTA_GPCR_PATHWAY
结果为： (22, 275)
BIOCARTA_BARR_MAPK_PATHWAY
结果为： (25, 359)
BIOCARTA_MET_PATHWAY
结果为： (22, 236)
BIOCARTA_HER2_PATHWAY
结果为： (16, 298)
BIOCARTA_MAL_PATHWAY
结果为： (16, 229)
BIOCARTA_TPO_PATHWAY
结果为： (24, 257)
WP_NETRINUNC5B_SIGNALING_PATHWAY
结果为： (28, 263)
WP_EMBRYONIC_STEM_CELL_PLURIPOTENCY_PATHWAYS
结果为： (29, 301)
WP_THYROXINE_THYROID_HORMONE_PRODUCTION
结果为： (17, 427)
BIOCARTA_RAS_PATHWAY
结果为： (15, 229)
BIOCARTA_NKCELLS_PATHWAY
结果为： (32, 373)
BIOCARTA_CDK5_PATHWAY
结果为： (14, 417)
BIOCARTA_PDGF_PATHWAY
结果为： (23, 210)
BIOCARTA_AT1R_PATHWAY
结果为： (20, 237)
BIOCARTA_SPRY_PATHWAY
结果为： (16, 287)
BIOCARTA_TCR_PATHWAY
结果为： (30, 197)
BIOCARTA_TGFB_PATHWAY
结果为： (20, 207)
KEGG_ERBB_SIGNALING_PATHWAY
结果为： (25, 206)
KEGG_CHEMOKINE_SIGNALING_PATHWAY
结果为： (18, 1945)
KEGG_MAPK_SIGNALING_PATHWAY
结果为： (31, 176)
KEGG_OOCYTE_MEIOSIS
结果为： (17, 217)
KEGG_DORSO_VENTRAL_AXIS_FORMATION
结果为： (25, 349)
KEGG_VASCULAR_SMOOTH_MUSCLE_CONTRACTION
结果为： (31, 268)
KEGG_VEGF_SIGNALING_PATHWAY
结果为： (28, 285)
KEGG_FOCAL_ADHESION
结果为： (33, 163)
KEGG_GAP_JUNCTION
结果为： (29, 226)
KEGG_NATURAL_KILLER_CELL_MEDIATED_CYTOTOXICITY
结果为： (18, 1954)
KEGG_TOLL_LIKE_RECEPTOR_SIGNALING_PATHWAY
结果为： (18, 1955)
KEGG_T_CELL_RECEPTOR_SIGNALING_PATHWAY
结果为： (33, 166)
KEGG_B_CELL_RECEPTOR_SIGNALING_PATHWAY
结果为： (30, 241)
KEGG_LONG_TERM_POTENTIATION
结果为： (25, 283)
KEGG_NEUROTROPHIN_SIGNALING_PATHWAY
结果为： (26, 120)
KEGG_LONG_TERM_DEPRESSION
结果为： (28, 327)
KEGG_FC_EPSILON_RI_SIGNALING_PATHWAY
结果为： (31, 279)
KEGG_FC_GAMMA_R_MEDIATED_PHAGOCYTOSIS
结果为： (29, 171)
KEGG_INSULIN_SIGNALING_PATHWAY
结果为： (22, 199)
KEGG_REGULATION_OF_ACTIN_CYTOSKELETON
结果为： (32, 150)
KEGG_PROGESTERONE_MEDIATED_OOCYTE_MATURATION
结果为： (22, 207)
KEGG_GNRH_SIGNALING_PATHWAY
结果为： (30, 246)
KEGG_MELANOGENESIS
结果为： (29, 307)
KEGG_PATHWAYS_IN_CANCER
结果为： (30, 90)
KEGG_RENAL_CELL_CARCINOMA
结果为： (26, 153)
KEGG_COLORECTAL_CANCER
结果为： (25, 175)
KEGG_ENDOMETRIAL_CANCER
结果为： (22, 223)
KEGG_PANCREATIC_CANCER
结果为： (26, 158)
KEGG_PROSTATE_CANCER
结果为： (23, 183)
KEGG_GLIOMA
结果为： (24, 255)
KEGG_PRION_DISEASES
结果为： (28, 357)
KEGG_CHRONIC_MYELOID_LEUKEMIA
结果为： (23, 148)
KEGG_BLADDER_CANCER
结果为： (20, 315)
KEGG_ACUTE_MYELOID_LEUKEMIA
结果为： (26, 216)
KEGG_THYROID_CANCER
结果为： (15, 316)
KEGG_MELANOMA
结果为： (28, 333)
KEGG_NON_SMALL_CELL_LUNG_CANCER
结果为： (22, 215)
PID_FCER1_PATHWAY
结果为： (29, 199)
PID_ENDOTHELIN_PATHWAY
结果为： (32, 240)
PID_MET_PATHWAY
结果为： (21, 126)
PID_EPHB_FWD_PATHWAY
结果为： (19, 228)
PID_BCR_5PATHWAY
结果为： (29, 180)
PID_GMCSF_PATHWAY
结果为： (26, 257)
PID_SHP2_PATHWAY
结果为： (31, 246)
PID_NETRIN_PATHWAY
结果为： (26, 233)
PID_MTOR_4PATHWAY
结果为： (14, 193)
PID_IL2_1PATHWAY
结果为： (29, 207)
PID_TCR_RAS_PATHWAY
结果为： (23, 238)
PID_CERAMIDE_PATHWAY
结果为： (19, 278)
PID_IFNG_PATHWAY
结果为： (24, 230)
PID_ERBB1_DOWNSTREAM_PATHWAY
结果为： (22, 102)
PID_ERBB2_ERBB3_PATHWAY
结果为： (24, 202)
PID_FOXM1_PATHWAY
结果为： (16, 234)
PID_PDGFRB_PATHWAY
结果为： (27, 94)
PID_TRKR_PATHWAY
结果为： (23, 227)
PID_AR_NONGENOMIC_PATHWAY
结果为： (21, 193)
PID_HEDGEHOG_GLI_PATHWAY
结果为： (21, 207)
PID_ANTHRAX_PATHWAY
结果为： (18, 1943)
PID_MAPK_TRK_PATHWAY
结果为： (18, 254)
PID_CD8_TCR_DOWNSTREAM_PATHWAY
结果为： (18, 1955)
PID_FAK_PATHWAY
结果为： (25, 138)
SA_B_CELL_RECEPTOR_COMPLEXES
结果为： (23, 249)
SA_TRKA_RECEPTOR
结果为： (26, 279)
PID_CXCR3_PATHWAY
结果为： (26, 272)
PID_KIT_PATHWAY
结果为： (29, 183)
PID_VEGFR1_2_PATHWAY
结果为： (25, 156)
WP_PATHWAYS_AFFECTED_IN_ADENOID_CYSTIC_CARCINOMA
结果为： (17, 212)
WP_AMYOTROPHIC_LATERAL_SCLEROSIS_ALS
结果为： (18, 1944)
WP_KALLMANN_SYNDROME
结果为： (22, 411)
REACTOME_DOWNSTREAM_SIGNAL_TRANSDUCTION
结果为： (22, 3212)
REACTOME_SIGNALING_BY_PDGF
结果为： (27, 3119)
REACTOME_NEGATIVE_REGULATION_OF_THE_PI3K_AKT_NETWORK
结果为： (32, 3126)
REACTOME_PI3K_AKT_SIGNALING_IN_CANCER
结果为： (31, 3099)
REACTOME_CONSTITUTIVE_SIGNALING_BY_ABERRANT_PI3K_IN_CANCER
结果为： (35, 2965)
REACTOME_DISEASES_OF_SIGNAL_TRANSDUCTION_BY_GROWTH_FACTOR_RECEPTORS_AND_SECOND_MESSENGERS
结果为： (25, 3560)
REACTOME_MAPK_FAMILY_SIGNALING_CASCADES
结果为： (18, 26)
REACTOME_INTRACELLULAR_SIGNALING_BY_SECOND_MESSENGERS
结果为： (25, 3462)
REACTOME_SIGNALING_BY_RECEPTOR_TYROSINE_KINASES
结果为： (30, 3541)
WP_FOCAL_ADHESION
结果为： (33, 3314)
WP_IMATINIB_AND_CHRONIC_MYELOID_LEUKEMIA
结果为： (27, 2802)
WP_PDGFRBETA_PATHWAY
结果为： (25, 3236)
WP_EGFR_TYROSINE_KINASE_INHIBITOR_RESISTANCE
结果为： (26, 3190)
WP_RAS_SIGNALING
结果为： (32, 3285)
WP_CLEAR_CELL_RENAL_CELL_CARCINOMA_PATHWAYS
结果为： (18, 21)
WP_GLIOBLASTOMA_SIGNALING_PATHWAYS
结果为： (18, 21)
WP_HIPPO_SIGNALING_REGULATION_PATHWAYS
结果为： (30, 3131)
WP_MIRNA_REGULATION_OF_PROSTATE_CANCER_SIGNALING_PATHWAYS
结果为： (18, 27)
WP_REGULATION_OF_ACTIN_CYTOSKELETON
结果为： (30, 3278)
WP_BURN_WOUND_HEALING
结果为： (18, 27)
WP_MAPK_SIGNALING_PATHWAY
结果为： (18, 24)
WP_FOCAL_ADHESION_PI3KAKTMTORSIGNALING_PATHWAY
结果为： (18, 6)
WP_REGULATORY_CIRCUITS_OF_THE_STAT3_SIGNALING_PATHWAY
结果为： (29, 3062)
WP_GENES_CONTROLLING_NEPHROGENESIS
结果为： (34, 2817)
WP_MARKERS_OF_KIDNEY_CELL_LINEAGE
结果为： (32, 2752)
WP_HIPPOMERLIN_SIGNALING_DYSREGULATION
结果为： (31, 3160)
WP_OSTEOBLAST_SIGNALING
结果为： (28, 2196)
WP_PDGF_PATHWAY
结果为： (23, 3241)
WP_MALIGNANT_PLEURAL_MESOTHELIOMA
结果为： (18, 25)
WP_PI3KAKT_SIGNALING_PATHWAY
结果为： (18, 4)
WP_EMBRYONIC_STEM_CELL_PLURIPOTENCY_PATHWAYS
结果为： (29, 3054)
KEGG_CALCIUM_SIGNALING_PATHWAY
结果为： (35, 2958)
KEGG_CYTOKINE_CYTOKINE_RECEPTOR_INTERACTION
结果为： (18, 27)
KEGG_MAPK_SIGNALING_PATHWAY
结果为： (31, 3287)
KEGG_FOCAL_ADHESION
结果为： (33, 3317)
KEGG_GAP_JUNCTION
结果为： (29, 3191)
KEGG_REGULATION_OF_ACTIN_CYTOSKELETON
结果为： (32, 3336)
KEGG_PATHWAYS_IN_CANCER
结果为： (30, 3442)
KEGG_PROSTATE_CANCER
结果为： (23, 3252)
KEGG_GLIOMA
结果为： (24, 3123)
KEGG_MELANOMA
结果为： (28, 2991)
PID_INTEGRIN3_PATHWAY
结果为： (32, 2755)
PID_S1P_S1P3_PATHWAY
结果为： (27, 3113)
PID_PTP1B_PATHWAY
结果为： (32, 3097)
PID_NECTIN_PATHWAY
结果为： (20, 3097)
PID_TCPTP_PATHWAY
结果为： (27, 3176)
PID_SHP2_PATHWAY
结果为： (31, 3159)
PID_S1P_S1P1_PATHWAY
结果为： (26, 3054)
PID_UPA_UPAR_PATHWAY
结果为： (31, 2865)
PID_PDGFRB_PATHWAY
结果为： (27, 3426)
PID_MYC_REPRESS_PATHWAY
结果为： (23, 3065)
REACTOME_IRS_MEDIATED_SIGNALLING
结果为： (23, 2857)
REACTOME_SIGNALING_BY_FGFR_IN_DISEASE
结果为： (21, 3093)
REACTOME_DEVELOPMENTAL_BIOLOGY
结果为： (18, 27)
REACTOME_FGFR1_MUTANT_RECEPTOR_ACTIVATION
结果为： (25, 2913)
REACTOME_SIGNALING_BY_FGFR
结果为： (19, 3171)
REACTOME_SIGNALING_BY_TYPE_1_INSULIN_LIKE_GROWTH_FACTOR_1_RECEPTOR_IGF1R
结果为： (24, 2862)
REACTOME_L1CAM_INTERACTIONS
结果为： (25, 3074)
REACTOME_NCAM_SIGNALING_FOR_NEURITE_OUT_GROWTH
结果为： (30, 2995)
REACTOME_SIGNAL_TRANSDUCTION_BY_L1
结果为： (21, 3070)
REACTOME_SIGNALING_BY_FGFR1_IN_DISEASE
结果为： (22, 3038)
REACTOME_NEGATIVE_REGULATION_OF_FGFR1_SIGNALING
结果为： (21, 2911)
REACTOME_SIGNALING_BY_FGFR1
结果为： (20, 3059)
REACTOME_DOWNSTREAM_SIGNALING_OF_ACTIVATED_FGFR1
结果为： (23, 2809)
REACTOME_FRS_MEDIATED_FGFR1_SIGNALING
结果为： (23, 2672)
REACTOME_SHC_MEDIATED_CASCADE_FGFR1
结果为： (24, 2554)
REACTOME_PI_3K_CASCADE_FGFR1
结果为： (26, 2600)
REACTOME_SIGNALING_BY_INSULIN_RECEPTOR
结果为： (22, 3002)
REACTOME_INSULIN_RECEPTOR_SIGNALLING_CASCADE
结果为： (23, 2914)
REACTOME_NERVOUS_SYSTEM_DEVELOPMENT
结果为： (26, 3462)
REACTOME_FORMATION_OF_PARAXIAL_MESODERM
结果为： (20, 2880)
REACTOME_GASTRULATION
结果为： (25, 2929)
WP_NEURAL_CREST_DIFFERENTIATION
结果为： (29, 2932)
WP_THERMOGENESIS
结果为： (21, 3166)
WP_BREAST_CANCER_PATHWAY
结果为： (25, 3178)
WP_OSTEOBLAST_DIFFERENTIATION_AND_RELATED_DISEASES
结果为： (32, 3048)
WP_THYROID_HORMONES_PRODUCTION_AND_PERIPHERAL_DOWNSTREAM_SIGNALING_EFFECTS
结果为： (20, 3012)
WP_MESODERMAL_COMMITMENT_PATHWAY
结果为： (18, 27)
WP_PRION_DISEASE_PATHWAY
结果为： (29, 3175)
WP_ENDOCHONDRAL_OSSIFICATION_WITH_SKELETAL_DYSPLASIAS
结果为： (34, 2850)
WP_KALLMANN_SYNDROME
结果为： (22, 2833)
WP_22Q112_COPY_NUMBER_VARIATION_SYNDROME
结果为： (18, 27)
WP_HEAD_AND_NECK_SQUAMOUS_CELL_CARCINOMA
结果为： (19, 3196)
WP_ENDOCHONDRAL_OSSIFICATION
结果为： (34, 2850)
WP_ENDOMETRIAL_CANCER
结果为： (22, 3160)
KEGG_ADHERENS_JUNCTION
结果为： (25, 3229)
PID_GLYPICAN_1PATHWAY
结果为： (37, 2906)
PID_SYNDECAN_4_PATHWAY
结果为： (30, 2920)
PID_FGF_PATHWAY
结果为： (28, 3036)
PID_NCADHERIN_PATHWAY
结果为： (20, 3141)
REACTOME_SIGNALING_BY_VEGF
结果为： (27, 3306)
REACTOME_SIGNALING_BY_NOTCH4
结果为： (12, 3171)
REACTOME_NOTCH4_INTRACELLULAR_DOMAIN_REGULATES_TRANSCRIPTION
结果为： (20, 2981)
WP_NEOVASCULARISATION_PROCESSES
结果为： (29, 3093)
BIOCARTA_VEGF_PATHWAY
结果为： (18, 3109)
BIOCARTA_NO1_PATHWAY
结果为： (25, 2710)
PID_LYMPH_ANGIOGENESIS_PATHWAY
结果为： (26, 3156)
REACTOME_SPRY_REGULATION_OF_FGF_SIGNALING
结果为： (10, 3152)
REACTOME_SIGNALING_BY_NTRKS
结果为： (25, 3265)
REACTOME_PROLONGED_ERK_ACTIVATION_EVENTS
结果为： (18, 3189)
REACTOME_ARMS_MEDIATED_ACTIVATION
结果为： (23, 2980)
REACTOME_SIGNALLING_TO_ERKS
结果为： (17, 3159)
REACTOME_SIGNALING_BY_NOTCH
结果为： (18, 26)
REACTOME_SIGNALING_BY_FGFR3
结果为： (17, 3051)
REACTOME_SIGNALING_BY_FGFR4
结果为： (16, 3012)
REACTOME_NEGATIVE_REGULATION_OF_FGFR2_SIGNALING
结果为： (22, 2869)
REACTOME_SIGNALING_BY_FGFR2
结果为： (17, 3165)
REACTOME_NEGATIVE_REGULATION_OF_FGFR4_SIGNALING
结果为： (16, 2852)
REACTOME_NEGATIVE_REGULATION_OF_FGFR3_SIGNALING
结果为： (17, 2896)
REACTOME_RAF_ACTIVATION
结果为： (16, 3121)
REACTOME_MAP2K_AND_MAPK_ACTIVATION
结果为： (21, 3093)
REACTOME_NEGATIVE_REGULATION_OF_MAPK_PATHWAY
结果为： (17, 3098)
REACTOME_SIGNALING_BY_MODERATE_KINASE_ACTIVITY_BRAF_MUTANTS
结果为： (21, 3089)
REACTOME_SIGNALING_BY_BRAF_AND_RAF1_FUSIONS
结果为： (21, 3164)
REACTOME_ONCOGENIC_MAPK_SIGNALING
结果为： (20, 3190)
WP_ALZHEIMERS_DISEASE
结果为： (24, 3315)
WP_CHROMOSOMAL_AND_MICROSATELLITE_INSTABILITY_IN_COLORECTAL_CANCER
结果为： (23, 3227)
WP_HEPATITIS_B_INFECTION
结果为： (18, 2)
WP_FRAGILE_X_SYNDROME
结果为： (23, 3201)
WP_MELANOMA
结果为： (23, 3212)
WP_ERBB_SIGNALING_PATHWAY
结果为： (18, 21)
WP_BLADDER_CANCER
结果为： (20, 2946)
WP_THYROID_STIMULATING_HORMONE_TSH_SIGNALING_PATHWAY
结果为： (23, 3230)
WP_TCA_CYCLE_IN_SENESCENCE
结果为： (13, 2511)
WP_RELATIONSHIP_BETWEEN_INFLAMMATION_COX2_AND_EGFR
结果为： (26, 3007)
WP_ALZHEIMERS_DISEASE_AND_MIRNA_EFFECTS
结果为： (18, 27)
WP_ESTROGEN_SIGNALING_PATHWAY
结果为： (18, 3067)
WP_INHIBITION_OF_EXOSOME_BIOGENESIS_AND_SECRETION_BY_MANUMYCIN_A_IN_CRPC_CELLS
结果为： (11, 3084)
WP_CORTICOTROPINRELEASING_HORMONE_SIGNALING_PATHWAY
结果为： (25, 3095)
WP_CHEMOKINE_SIGNALING_PATHWAY
结果为： (18, 22)
WP_BDNFTRKB_SIGNALING
结果为： (19, 3096)
WP_RETT_SYNDROME_CAUSING_GENES
结果为： (21, 3003)
WP_MAPK_CASCADE
结果为： (18, 3159)
WP_B_CELL_RECEPTOR_SIGNALING_PATHWAY
结果为： (29, 3309)
WP_MAPK_PATHWAY_IN_CONGENITAL_THYROID_CANCER
结果为： (18, 2947)
WP_EGFEGFR_SIGNALING_PATHWAY
结果为： (26, 3451)
WP_PANCREATIC_ADENOCARCINOMA_PATHWAY
结果为： (24, 3297)
WP_REGUCALCIN_IN_PROXIMAL_TUBULE_EPITHELIAL_KIDNEY_CELLS
结果为： (17, 2879)
WP_NONSMALL_CELL_LUNG_CANCER
结果为： (23, 3207)
WP_SEROTONIN_HTR1_GROUP_AND_FOS_PATHWAY
结果为： (24, 3083)
WP_SEROTONIN_RECEPTOR_467_AND_NR3C_SIGNALING
结果为： (19, 3097)
KEGG_ERBB_SIGNALING_PATHWAY
结果为： (25, 3217)
KEGG_CHEMOKINE_SIGNALING_PATHWAY
结果为： (18, 22)
KEGG_MTOR_SIGNALING_PATHWAY
结果为： (23, 3137)
KEGG_VASCULAR_SMOOTH_MUSCLE_CONTRACTION
结果为： (31, 3118)
KEGG_NATURAL_KILLER_CELL_MEDIATED_CYTOTOXICITY
结果为： (18, 3)
KEGG_LONG_TERM_POTENTIATION
结果为： (25, 3076)
KEGG_NEUROTROPHIN_SIGNALING_PATHWAY
结果为： (26, 3376)
KEGG_LONG_TERM_DEPRESSION
结果为： (28, 3002)
KEGG_INSULIN_SIGNALING_PATHWAY
结果为： (22, 3221)
KEGG_PROGESTERONE_MEDIATED_OOCYTE_MATURATION
结果为： (22, 3206)
KEGG_RENAL_CELL_CARCINOMA
结果为： (26, 3314)
KEGG_COLORECTAL_CANCER
结果为： (25, 3271)
KEGG_ENDOMETRIAL_CANCER
结果为： (22, 3175)
KEGG_PANCREATIC_CANCER
结果为： (26, 3306)
KEGG_CHRONIC_MYELOID_LEUKEMIA
结果为： (23, 3317)
KEGG_BLADDER_CANCER
结果为： (20, 3003)
KEGG_ACUTE_MYELOID_LEUKEMIA
结果为： (26, 3199)
KEGG_THYROID_CANCER
结果为： (15, 2986)
KEGG_NON_SMALL_CELL_LUNG_CANCER
结果为： (22, 3191)
PID_CDC42_PATHWAY
结果为： (21, 3269)
PID_MTOR_4PATHWAY
结果为： (14, 3208)
PID_TCR_RAS_PATHWAY
结果为： (23, 3150)
PID_ERBB1_DOWNSTREAM_PATHWAY
结果为： (22, 3397)
PID_MAPK_TRK_PATHWAY
结果为： (18, 3107)
PID_CD8_TCR_DOWNSTREAM_PATHWAY
结果为： (18, 3)
PID_FAK_PATHWAY
结果为： (25, 3340)
PID_VEGFR1_2_PATHWAY
结果为： (25, 3305)
REACTOME_HEMOSTASIS
结果为： (18, 27)
REACTOME_ADAPTIVE_IMMUNE_SYSTEM
结果为： (18, 23)
REACTOME_INNATE_IMMUNE_SYSTEM
结果为： (18, 27)
REACTOME_STIMULI_SENSING_CHANNELS
结果为： (25, 2766)
REACTOME_TRANSPORT_OF_SMALL_MOLECULES
结果为： (18, 21)
REACTOME_GP1B_IX_V_ACTIVATION_SIGNALLING
结果为： (18, 17)
REACTOME_RAP1_SIGNALLING
结果为： (28, 2873)
REACTOME_C_TYPE_LECTIN_RECEPTORS_CLRS
结果为： (21, 3228)
REACTOME_CD209_DC_SIGN_SIGNALING
结果为： (26, 3057)
REACTOME_PLATELET_ACTIVATION_SIGNALING_AND_AGGREGATION
结果为： (18, 17)
WP_INTERLEUKIN11_SIGNALING_PATHWAY
结果为： (22, 3230)
REACTOME_ION_CHANNEL_TRANSPORT
结果为： (26, 2954)
WP_KISSPEPTINKISSPEPTIN_RECEPTOR_SYSTEM_IN_THE_OVARY
结果为： (27, 3003)
WP_ERK_PATHWAY_IN_HUNTINGTONS_DISEASE
结果为： (19, 3028)
WP_PATHWAYS_AFFECTED_IN_ADENOID_CYSTIC_CARCINOMA
结果为： (17, 3182)
WP_TGFBETA_SIGNALING_PATHWAY
结果为： (24, 3356)
WP_4HYDROXYTAMOXIFEN_DEXAMETHASONE_AND_RETINOIC_ACIDS_REGULATION_OF_P27_EXPRESSION
结果为： (13, 2968)
WP_ONCOSTATIN_M_SIGNALING_PATHWAY
结果为： (25, 3249)
WP_SEROTONIN_RECEPTOR_2_AND_ELKSRFGATA4_SIGNALING
结果为： (22, 3030)
WP_EXTRACELLULAR_VESICLEMEDIATED_SIGNALING_IN_RECIPIENT_CELLS
结果为： (26, 3001)
WP_CAMKK2_PATHWAY
结果为： (19, 3064)
WP_COMMON_PATHWAYS_UNDERLYING_DRUG_ADDICTION
结果为： (26, 2898)
WP_FGFR3_SIGNALING_IN_CHONDROCYTE_PROLIFERATION_AND_TERMINAL_DIFFERENTIATION
结果为： (18, 2860)
WP_ANGIOTENSIN_II_RECEPTOR_TYPE_1_PATHWAY
结果为： (22, 2866)
WP_IL3_SIGNALING_PATHWAY
结果为： (31, 3255)
WP_EPITHELIAL_TO_MESENCHYMAL_TRANSITION_IN_COLORECTAL_CANCER
结果为： (18, 27)
WP_TCELL_RECEPTOR_SIGNALING_PATHWAY
结果为： (33, 3281)
WP_MICRORNAS_IN_CARDIOMYOCYTE_HYPERTROPHY
结果为： (18, 27)
WP_NANOPARTICLEMEDIATED_ACTIVATION_OF_RECEPTOR_SIGNALING
结果为： (23, 3182)
WP_ARYL_HYDROCARBON_RECEPTOR_PATHWAY_WP2586
结果为： (15, 2922)
WP_IL5_SIGNALING_PATHWAY
结果为： (27, 3209)
WP_ENDOTHELIN_PATHWAYS
结果为： (24, 2746)
WP_FOLLICLE_STIMULATING_HORMONE_FSH_SIGNALING_PATHWAY
结果为： (16, 2881)
WP_RETINOBLASTOMA_GENE_IN_CANCER
结果为： (18, 27)
WP_TCELL_ANTIGEN_RECEPTOR_TCR_PATHWAY_DURING_STAPHYLOCOCCUS_AUREUS_INFECTION
结果为： (33, 3193)
WP_BRAINDERIVED_NEUROTROPHIC_FACTOR_BDNF_SIGNALING_PATHWAY
结果为： (26, 3333)
WP_MAPK_AND_NFKB_SIGNALING_PATHWAYS_INHIBITED_BY_YERSINIA_YOPJ
结果为： (18, 2956)
WP_INSULIN_SIGNALING
结果为： (25, 3347)
WP_HEPATOCYTE_GROWTH_FACTOR_RECEPTOR_SIGNALING
结果为： (21, 3205)
WP_IL2_SIGNALING_PATHWAY
结果为： (29, 3174)
WP_LEPTIN_SIGNALING_PATHWAY
结果为： (17, 3272)
WP_GASTRIN_SIGNALING_PATHWAY
结果为： (24, 3310)
WP_PROLACTIN_SIGNALING_PATHWAY
结果为： (25, 3293)
WP_EPO_RECEPTOR_SIGNALING
结果为： (24, 3017)
WP_PHYSICOCHEMICAL_FEATURES_AND_TOXICITYASSOCIATED_PATHWAYS
结果为： (23, 3062)
WP_CARDIAC_HYPERTROPHIC_RESPONSE
结果为： (24, 3137)
WP_AGERAGE_PATHWAY
结果为： (27, 3252)
WP_KIT_RECEPTOR_SIGNALING_PATHWAY
结果为： (29, 3273)
WP_TNFRELATED_WEAK_INDUCER_OF_APOPTOSIS_TWEAK_SIGNALING_PATHWAY
结果为： (24, 3196)
WP_HOSTPATHOGEN_INTERACTION_OF_HUMAN_CORONAVIRUSES_MAPK_SIGNALING
结果为： (20, 2930)
WP_TNFALPHA_SIGNALING_PATHWAY
结果为： (18, 27)
WP_TCELL_ACTIVATION_SARSCOV2
结果为： (34, 3191)
WP_ANGIOPOIETINLIKE_PROTEIN_8_REGULATORY_PATHWAY
结果为： (22, 3265)
WP_VEGFAVEGFR2_SIGNALING
结果为： (26, 3495)
BIOCARTA_SPPA_PATHWAY
结果为： (28, 3069)
BIOCARTA_BIOPEPTIDES_PATHWAY
结果为： (24, 3111)
BIOCARTA_CDMAC_PATHWAY
结果为： (22, 2982)
BIOCARTA_CCR3_PATHWAY
结果为： (23, 3027)
BIOCARTA_BCR_PATHWAY
结果为： (27, 3184)
BIOCARTA_EGF_PATHWAY
结果为： (22, 3203)
BIOCARTA_EPO_PATHWAY
结果为： (23, 3124)
BIOCARTA_ERK_PATHWAY
结果为： (18, 3000)
BIOCARTA_ECM_PATHWAY
结果为： (20, 3125)
BIOCARTA_CERAMIDE_PATHWAY
结果为： (17, 3117)
BIOCARTA_CXCR4_PATHWAY
结果为： (23, 3159)
BIOCARTA_GH_PATHWAY
结果为： (23, 3087)
BIOCARTA_FCER1_PATHWAY
结果为： (27, 3211)
BIOCARTA_FMLP_PATHWAY
结果为： (23, 3119)
BIOCARTA_IGF1_PATHWAY
结果为： (14, 3090)
BIOCARTA_IL2_PATHWAY
结果为： (29, 3169)
BIOCARTA_IL3_PATHWAY
结果为： (26, 3028)
BIOCARTA_PYK2_PATHWAY
结果为： (20, 3194)
BIOCARTA_MAPK_PATHWAY
结果为： (24, 3324)
BIOCARTA_IGF1R_PATHWAY
结果为： (16, 3068)
BIOCARTA_NGF_PATHWAY
结果为： (16, 2986)
BIOCARTA_NFAT_PATHWAY
结果为： (25, 3033)
BIOCARTA_IL2RB_PATHWAY
结果为： (27, 3230)
BIOCARTA_GLEEVEC_PATHWAY
结果为： (21, 3123)
BIOCARTA_IL6_PATHWAY
结果为： (23, 3082)
BIOCARTA_RACCYCD_PATHWAY
结果为： (12, 3094)
BIOCARTA_INSULIN_PATHWAY
结果为： (14, 3073)
BIOCARTA_INTEGRIN_PATHWAY
结果为： (23, 3241)
BIOCARTA_KERATINOCYTE_PATHWAY
结果为： (26, 3116)
BIOCARTA_BARRESTIN_SRC_PATHWAY
结果为： (28, 3003)
BIOCARTA_GPCR_PATHWAY
结果为： (22, 3081)
BIOCARTA_BARR_MAPK_PATHWAY
结果为： (25, 2935)
BIOCARTA_MET_PATHWAY
结果为： (22, 3151)
BIOCARTA_HER2_PATHWAY
结果为： (16, 3022)
BIOCARTA_MAL_PATHWAY
结果为： (16, 3149)
BIOCARTA_TPO_PATHWAY
结果为： (24, 3118)
WP_NETRINUNC5B_SIGNALING_PATHWAY
结果为： (28, 3121)
WP_THYROXINE_THYROID_HORMONE_PRODUCTION
结果为： (17, 2790)
BIOCARTA_RAS_PATHWAY
结果为： (15, 3146)
BIOCARTA_CDK5_PATHWAY
结果为： (14, 2799)
BIOCARTA_PDGF_PATHWAY
结果为： (23, 3202)
BIOCARTA_AT1R_PATHWAY
结果为： (20, 3143)
BIOCARTA_SPRY_PATHWAY
结果为： (16, 3043)
BIOCARTA_TCR_PATHWAY
结果为： (30, 3248)
KEGG_VEGF_SIGNALING_PATHWAY
结果为： (28, 3079)
KEGG_T_CELL_RECEPTOR_SIGNALING_PATHWAY
结果为： (33, 3311)
KEGG_B_CELL_RECEPTOR_SIGNALING_PATHWAY
结果为： (30, 3165)
KEGG_FC_EPSILON_RI_SIGNALING_PATHWAY
结果为： (31, 3100)
KEGG_FC_GAMMA_R_MEDIATED_PHAGOCYTOSIS
结果为： (29, 3291)
KEGG_GNRH_SIGNALING_PATHWAY
结果为： (30, 3155)
KEGG_MELANOGENESIS
结果为： (29, 3042)
PID_FCER1_PATHWAY
结果为： (29, 3241)
PID_ENDOTHELIN_PATHWAY
结果为： (32, 3172)
PID_MET_PATHWAY
结果为： (21, 3350)
PID_BCR_5PATHWAY
结果为： (29, 3274)
PID_GMCSF_PATHWAY
结果为： (26, 3125)
PID_IL2_1PATHWAY
结果为： (29, 3223)
PID_IGF1_PATHWAY
结果为： (13, 3172)
PID_CERAMIDE_PATHWAY
结果为： (19, 3066)
PID_ERBB2_ERBB3_PATHWAY
结果为： (24, 3218)
PID_AR_NONGENOMIC_PATHWAY
结果为： (21, 3229)
PID_P38_MK2_PATHWAY
结果为： (17, 3142)
PID_ERBB1_INTERNALIZATION_PATHWAY
结果为： (22, 3271)
PID_RB_1PATHWAY
结果为： (21, 3151)
SIG_IL4RECEPTOR_IN_B_LYPHOCYTES
结果为： (24, 3245)
SIG_INSULIN_RECEPTOR_PATHWAY_IN_CARDIAC_MYOCYTES
结果为： (20, 3218)
SIG_BCR_SIGNALING_PATHWAY
结果为： (28, 3189)
PID_CXCR3_PATHWAY
结果为： (26, 3097)
PID_KIT_PATHWAY
结果为： (29, 3268)
PID_PI3KCI_AKT_PATHWAY
结果为： (13, 3067)
REACTOME_CYTOKINE_SIGNALING_IN_IMMUNE_SYSTEM
结果为： (18, 27)
REACTOME_FLT3_SIGNALING_IN_DISEASE
结果为： (17, 3122)
REACTOME_STAT5_ACTIVATION_DOWNSTREAM_OF_FLT3_ITD_MUTANTS
结果为： (23, 2712)
REACTOME_SIGNALING_BY_FLT3_ITD_AND_TKD_MUTANTS
结果为： (19, 2955)
REACTOME_FLT3_SIGNALING
结果为： (27, 3193)
REACTOME_STAT5_ACTIVATION
结果为： (24, 2830)
REACTOME_NEGATIVE_REGULATION_OF_FLT3
结果为： (24, 2916)
REACTOME_FLT3_SIGNALING_THROUGH_SRC_FAMILY_KINASES
结果为： (52, 2429)
WP_HEMATOPOIETIC_STEM_CELL_GENE_REGULATION_BY_GABP_ALPHABETA_COMPLEX
结果为： (20, 3116)
WP_WNTBETACATENIN_SIGNALING_PATHWAY_IN_LEUKEMIA
结果为： (24, 2896)
BIOCARTA_ERYTH_PATHWAY
结果为： (36, 2229)
KEGG_HEMATOPOIETIC_CELL_LINEAGE
结果为： (18, 18)
BIOCARTA_MELANOCYTE_PATHWAY
结果为： (25, 2953)
PID_CMYB_PATHWAY
结果为： (24, 3065)
REACTOME_REGULATION_OF_KIT_SIGNALING
结果为： (32, 3063)
REACTOME_SIGNALING_BY_SCF_KIT
结果为： (30, 3182)
REACTOME_RNA_POLYMERASE_II_TRANSCRIPTION
结果为： (18, 27)
REACTOME_TRANSCRIPTIONAL_REGULATION_BY_THE_AP_2_TFAP2_FAMILY_OF_TRANSCRIPTION_FACTORS
结果为： (18, 2825)
REACTOME_TFAP2_AP_2_FAMILY_REGULATES_TRANSCRIPTION_OF_GROWTH_FACTORS_AND_THEIR_RECEPTORS
结果为： (24, 2527)
REACTOME_SIGNALING_BY_KIT_IN_DISEASE
结果为： (28, 3116)
WP_CARDIAC_PROGENITOR_DIFFERENTIATION
结果为： (30, 2583)
WP_PLURIPOTENT_STEM_CELL_DIFFERENTIATION_PATHWAY
结果为： (35, 2446)
BIOCARTA_BAD_PATHWAY
结果为： (23, 2931)
KEGG_ENDOCYTOSIS
结果为： (26, 3295)
REACTOME_EXTRACELLULAR_MATRIX_ORGANIZATION
结果为： (18, 23)
REACTOME_INTEGRIN_CELL_SURFACE_INTERACTIONS
结果为： (18, 23)
REACTOME_VEGFR2_MEDIATED_CELL_PROLIFERATION
结果为： (21, 3048)
REACTOME_SIGNALING_BY_PDGFR_IN_DISEASE
结果为： (23, 3204)
WP_ANGIOGENESIS
结果为： (24, 2940)
WP_ROBO4_AND_VEGF_SIGNALING_PATHWAYS_CROSSTALK
结果为： (27, 2700)
WP_EXTRACELLULAR_VESICLES_IN_THE_CROSSTALK_OF_CARDIAC_CELLS
结果为： (18, 27)
WP_CELL_INTERACTIONS_OF_THE_PANCREATIC_CANCER_MICROENVIRONMENT
结果为： (45, 2689)
WP_NRP1TRIGGERED_SIGNALING_PATHWAYS_IN_PANCREATIC_CANCER
结果为： (23, 3103)
WP_16P112_DISTAL_DELETION_SYNDROME
结果为： (18, 27)
PID_HIF2PATHWAY
结果为： (20, 2996)
PID_AVB3_INTEGRIN_PATHWAY
结果为： (32, 3192)
PID_HES_HEY_PATHWAY
结果为： (21, 3071)
PID_VEGFR1_PATHWAY
结果为： (25, 3177)
REACTOME_RET_SIGNALING
结果为： (28, 2956)
REACTOME_TRANSCRIPTIONAL_REGULATION_BY_NPAS4
结果为： (20, 2913)
REACTOME_NPAS4_REGULATES_EXPRESSION_OF_TARGET_GENES
结果为： (21, 2718)
WP_DEVELOPMENT_OF_URETERIC_COLLECTION_SYSTEM
结果为： (29, 2775)
WP_SUDDEN_INFANT_DEATH_SYNDROME_SIDS_SUSCEPTIBILITY_PATHWAYS
结果为： (18, 27)
WP_NEUROGENESIS_REGULATION_IN_THE_OLFACTORY_EPITHELIUM
结果为： (30, 2952)
WP_DOPAMINERGIC_NEUROGENESIS
结果为： (29, 2180)
WP_GDNFRET_SIGNALING_AXIS
结果为： (27, 2449)
PID_RET_PATHWAY
结果为： (19, 3161)
PID_AJDISS_2PATHWAY
结果为： (24, 3089)
BIOCARTA_EGFR_SMRTE_PATHWAY
结果为： (16, 2736)
REACTOME_MAPK3_ERK1_ACTIVATION
结果为： (21, 2994)
REACTOME_RAF_INDEPENDENT_MAPK1_3_ACTIVATION
结果为： (20, 2882)
REACTOME_DEVELOPMENTAL_BIOLOGY
结果为： (18, 27)
REACTOME_CYTOKINE_SIGNALING_IN_IMMUNE_SYSTEM
结果为： (18, 27)
REACTOME_MYD88_INDEPENDENT_TLR4_CASCADE
结果为： (18, 3251)
REACTOME_SIGNALING_BY_NTRKS
结果为： (25, 3265)
REACTOME_TOLL_LIKE_RECEPTOR_9_TLR9_CASCADE
结果为： (19, 3243)
REACTOME_TOLL_LIKE_RECEPTOR_TLR1_TLR2_CASCADE
结果为： (21, 3179)
REACTOME_INNATE_IMMUNE_SYSTEM
结果为： (18, 27)
REACTOME_TOLL_LIKE_RECEPTOR_CASCADES
结果为： (24, 3245)
REACTOME_PROLONGED_ERK_ACTIVATION_EVENTS
结果为： (18, 3189)
REACTOME_SIGNALLING_TO_ERKS
结果为： (17, 3159)
REACTOME_L1CAM_INTERACTIONS
结果为： (25, 3074)
REACTOME_SIGNAL_TRANSDUCTION_BY_L1
结果为： (21, 3070)
REACTOME_INTERLEUKIN_1_FAMILY_SIGNALING
结果为： (19, 3165)
REACTOME_INTERLEUKIN_17_SIGNALING
结果为： (17, 3156)
REACTOME_SIGNALING_BY_INTERLEUKINS
结果为： (18, 24)
REACTOME_UPTAKE_AND_ACTIONS_OF_BACTERIAL_TOXINS
结果为： (21, 2661)
REACTOME_DISEASES_OF_SIGNAL_TRANSDUCTION_BY_GROWTH_FACTOR_RECEPTORS_AND_SECOND_MESSENGERS
结果为： (25, 3560)
REACTOME_INFECTIOUS_DISEASE
结果为： (18, 27)
REACTOME_RAF_ACTIVATION
结果为： (16, 3121)
REACTOME_MAP2K_AND_MAPK_ACTIVATION
结果为： (21, 3093)
REACTOME_NEGATIVE_REGULATION_OF_MAPK_PATHWAY
结果为： (17, 3098)
REACTOME_MAPK_FAMILY_SIGNALING_CASCADES
结果为： (18, 26)
REACTOME_MAP3K8_TPL2_DEPENDENT_MAPK1_3_ACTIVATION
结果为： (10, 2931)
REACTOME_SIGNALING_BY_MODERATE_KINASE_ACTIVITY_BRAF_MUTANTS
结果为： (21, 3089)
REACTOME_SIGNALING_BY_BRAF_AND_RAF1_FUSIONS
结果为： (21, 3164)
REACTOME_ONCOGENIC_MAPK_SIGNALING
结果为： (20, 3190)
REACTOME_SIGNALING_BY_RECEPTOR_TYROSINE_KINASES
结果为： (30, 3541)
REACTOME_INTERLEUKIN_1_SIGNALING
结果为： (14, 3152)
REACTOME_NERVOUS_SYSTEM_DEVELOPMENT
结果为： (26, 3462)
WP_FOCAL_ADHESION
结果为： (33, 3314)
WP_INTERLEUKIN11_SIGNALING_PATHWAY
结果为： (22, 3230)
WP_KISSPEPTINKISSPEPTIN_RECEPTOR_SYSTEM_IN_THE_OVARY
结果为： (27, 3003)
WP_MET_IN_TYPE_1_PAPILLARY_RENAL_CELL_CARCINOMA
结果为： (25, 3307)
WP_INTEGRINMEDIATED_CELL_ADHESION
结果为： (18, 27)
WP_TGFBETA_SIGNALING_PATHWAY
结果为： (24, 3356)
WP_ALZHEIMERS_DISEASE
结果为： (24, 3315)
WP_4HYDROXYTAMOXIFEN_DEXAMETHASONE_AND_RETINOIC_ACIDS_REGULATION_OF_P27_EXPRESSION
结果为： (13, 2968)
WP_CHROMOSOMAL_AND_MICROSATELLITE_INSTABILITY_IN_COLORECTAL_CANCER
结果为： (23, 3227)
WP_HEPATITIS_B_INFECTION
结果为： (18, 2)
WP_ONCOSTATIN_M_SIGNALING_PATHWAY
结果为： (25, 3249)
WP_PDGFRBETA_PATHWAY
结果为： (25, 3236)
WP_BREAST_CANCER_PATHWAY
结果为： (25, 3178)
WP_SEROTONIN_RECEPTOR_2_AND_ELKSRFGATA4_SIGNALING
结果为： (22, 3030)
WP_FRAGILE_X_SYNDROME
结果为： (23, 3201)
WP_EGFR_TYROSINE_KINASE_INHIBITOR_RESISTANCE
结果为： (26, 3190)
WP_IL6_SIGNALING_PATHWAY
结果为： (25, 3143)
WP_MELANOMA
结果为： (23, 3212)
WP_ERBB_SIGNALING_PATHWAY
结果为： (18, 21)
WP_BLADDER_CANCER
结果为： (20, 2946)
WP_RAS_SIGNALING
结果为： (32, 3285)
WP_THYROID_STIMULATING_HORMONE_TSH_SIGNALING_PATHWAY
结果为： (23, 3230)
WP_IL1_SIGNALING_PATHWAY
结果为： (18, 3112)
WP_GLIOBLASTOMA_SIGNALING_PATHWAYS
结果为： (18, 21)
WP_COMMON_PATHWAYS_UNDERLYING_DRUG_ADDICTION
结果为： (26, 2898)
WP_FGFR3_SIGNALING_IN_CHONDROCYTE_PROLIFERATION_AND_TERMINAL_DIFFERENTIATION
结果为： (18, 2860)
WP_THYROID_HORMONES_PRODUCTION_AND_PERIPHERAL_DOWNSTREAM_SIGNALING_EFFECTS
结果为： (20, 3012)
WP_IL3_SIGNALING_PATHWAY
结果为： (31, 3255)
WP_MIRNA_REGULATION_OF_PROSTATE_CANCER_SIGNALING_PATHWAYS
结果为： (18, 27)
WP_ALZHEIMERS_DISEASE_AND_MIRNA_EFFECTS
结果为： (18, 27)
WP_EPITHELIAL_TO_MESENCHYMAL_TRANSITION_IN_COLORECTAL_CANCER
结果为： (18, 27)
WP_TCELL_RECEPTOR_SIGNALING_PATHWAY
结果为： (33, 3281)
WP_MICRORNAS_IN_CARDIOMYOCYTE_HYPERTROPHY
结果为： (18, 27)
WP_ESTROGEN_SIGNALING_PATHWAY
结果为： (18, 3067)
WP_NANOPARTICLEMEDIATED_ACTIVATION_OF_RECEPTOR_SIGNALING
结果为： (23, 3182)
WP_ARYL_HYDROCARBON_RECEPTOR_PATHWAY_WP2586
结果为： (15, 2922)
WP_REGULATION_OF_ACTIN_CYTOSKELETON
结果为： (30, 3278)
WP_CORTICOTROPINRELEASING_HORMONE_SIGNALING_PATHWAY
结果为： (25, 3095)
WP_IL5_SIGNALING_PATHWAY
结果为： (27, 3209)
WP_ENDOTHELIN_PATHWAYS
结果为： (24, 2746)
WP_CHEMOKINE_SIGNALING_PATHWAY
结果为： (18, 22)
WP_ETHANOL_METABOLISM_PRODUCTION_OF_ROS_BY_CYP2E1
结果为： (13, 2815)
WP_MAPK_SIGNALING_PATHWAY
结果为： (18, 24)
WP_FOCAL_ADHESION_PI3KAKTMTORSIGNALING_PATHWAY
结果为： (18, 6)
WP_TOLLLIKE_RECEPTOR_SIGNALING_PATHWAY
结果为： (18, 2)
WP_TCELL_ANTIGEN_RECEPTOR_TCR_PATHWAY_DURING_STAPHYLOCOCCUS_AUREUS_INFECTION
结果为： (33, 3193)
WP_BRAINDERIVED_NEUROTROPHIC_FACTOR_BDNF_SIGNALING_PATHWAY
结果为： (26, 3333)
WP_INSULIN_SIGNALING
结果为： (25, 3347)
WP_BDNFTRKB_SIGNALING
结果为： (19, 3096)
WP_HEPATOCYTE_GROWTH_FACTOR_RECEPTOR_SIGNALING
结果为： (21, 3205)
WP_IL2_SIGNALING_PATHWAY
结果为： (29, 3174)
WP_LEPTIN_SIGNALING_PATHWAY
结果为： (17, 3272)
WP_MAPK_CASCADE
结果为： (18, 3159)
WP_B_CELL_RECEPTOR_SIGNALING_PATHWAY
结果为： (29, 3309)
WP_ENVELOPE_PROTEINS_AND_THEIR_POTENTIAL_ROLES_IN_EDMD_PHYSIOPATHOLOGY
结果为： (23, 3247)
WP_GASTRIN_SIGNALING_PATHWAY
结果为： (24, 3310)
WP_MAPK_PATHWAY_IN_CONGENITAL_THYROID_CANCER
结果为： (18, 2947)
WP_EGFEGFR_SIGNALING_PATHWAY
结果为： (26, 3451)
WP_PROLACTIN_SIGNALING_PATHWAY
结果为： (25, 3293)
WP_NRP1TRIGGERED_SIGNALING_PATHWAYS_IN_PANCREATIC_CANCER
结果为： (23, 3103)
WP_THYMIC_STROMAL_LYMPHOPOIETIN_TSLP_SIGNALING_PATHWAY
结果为： (29, 3104)
WP_EPO_RECEPTOR_SIGNALING
结果为： (24, 3017)
WP_PHYSICOCHEMICAL_FEATURES_AND_TOXICITYASSOCIATED_PATHWAYS
结果为： (23, 3062)
WP_INTERLEUKIN1_IL1_STRUCTURAL_PATHWAY
结果为： (17, 3101)
WP_PANCREATIC_ADENOCARCINOMA_PATHWAY
结果为： (24, 3297)
WP_RANKLRANK_SIGNALING_PATHWAY
结果为： (25, 3170)
WP_NONSMALL_CELL_LUNG_CANCER
结果为： (23, 3207)
WP_CARDIAC_HYPERTROPHIC_RESPONSE
结果为： (24, 3137)
WP_OSTEOPONTIN_SIGNALING
结果为： (23, 3019)
WP_IL9_SIGNALING_PATHWAY
结果为： (25, 3036)
WP_PDGF_PATHWAY
结果为： (23, 3241)
WP_TRANSLATION_INHIBITORS_IN_CHRONICALLY_ACTIVATED_PDGFRA_CELLS
结果为： (20, 3138)
WP_AGERAGE_PATHWAY
结果为： (27, 3252)
WP_KIT_RECEPTOR_SIGNALING_PATHWAY
结果为： (29, 3273)
WP_ENDOMETRIAL_CANCER
结果为： (22, 3160)
WP_IL7_SIGNALING_PATHWAY
结果为： (29, 3039)
WP_HOSTPATHOGEN_INTERACTION_OF_HUMAN_CORONAVIRUSES_MAPK_SIGNALING
结果为： (20, 2930)
WP_SEROTONIN_HTR1_GROUP_AND_FOS_PATHWAY
结果为： (24, 3083)
WP_MALIGNANT_PLEURAL_MESOTHELIOMA
结果为： (18, 25)
WP_TCELL_ACTIVATION_SARSCOV2
结果为： (34, 3191)
WP_ANGIOPOIETINLIKE_PROTEIN_8_REGULATORY_PATHWAY
结果为： (22, 3265)
WP_PI3KAKT_SIGNALING_PATHWAY
结果为： (18, 4)
WP_SEROTONIN_RECEPTOR_467_AND_NR3C_SIGNALING
结果为： (19, 3097)
WP_VEGFAVEGFR2_SIGNALING
结果为： (26, 3495)
BIOCARTA_SPPA_PATHWAY
结果为： (28, 3069)
BIOCARTA_BIOPEPTIDES_PATHWAY
结果为： (24, 3111)
BIOCARTA_CDMAC_PATHWAY
结果为： (22, 2982)
BIOCARTA_CCR3_PATHWAY
结果为： (23, 3027)
BIOCARTA_BCR_PATHWAY
结果为： (27, 3184)
BIOCARTA_EGF_PATHWAY
结果为： (22, 3203)
BIOCARTA_EPO_PATHWAY
结果为： (23, 3124)
BIOCARTA_ERK_PATHWAY
结果为： (18, 3000)
BIOCARTA_ECM_PATHWAY
结果为： (20, 3125)
BIOCARTA_CERAMIDE_PATHWAY
结果为： (17, 3117)
BIOCARTA_CXCR4_PATHWAY
结果为： (23, 3159)
BIOCARTA_GH_PATHWAY
结果为： (23, 3087)
BIOCARTA_FCER1_PATHWAY
结果为： (27, 3211)
BIOCARTA_FMLP_PATHWAY
结果为： (23, 3119)
BIOCARTA_HCMV_PATHWAY
结果为： (16, 3136)
BIOCARTA_IGF1_PATHWAY
结果为： (14, 3090)
BIOCARTA_IL2_PATHWAY
结果为： (29, 3169)
BIOCARTA_IL3_PATHWAY
结果为： (26, 3028)
BIOCARTA_PYK2_PATHWAY
结果为： (20, 3194)
BIOCARTA_MAPK_PATHWAY
结果为： (24, 3324)
BIOCARTA_IGF1R_PATHWAY
结果为： (16, 3068)
BIOCARTA_NGF_PATHWAY
结果为： (16, 2986)
BIOCARTA_NFAT_PATHWAY
结果为： (25, 3033)
BIOCARTA_GLEEVEC_PATHWAY
结果为： (21, 3123)
BIOCARTA_IL6_PATHWAY
结果为： (23, 3082)
BIOCARTA_INSULIN_PATHWAY
结果为： (14, 3073)
BIOCARTA_INTEGRIN_PATHWAY
结果为： (23, 3241)
BIOCARTA_KERATINOCYTE_PATHWAY
结果为： (26, 3116)
BIOCARTA_BARRESTIN_SRC_PATHWAY
结果为： (28, 3003)
BIOCARTA_GPCR_PATHWAY
结果为： (22, 3081)
BIOCARTA_BARR_MAPK_PATHWAY
结果为： (25, 2935)
BIOCARTA_MET_PATHWAY
结果为： (22, 3151)
BIOCARTA_HER2_PATHWAY
结果为： (16, 3022)
BIOCARTA_MAL_PATHWAY
结果为： (16, 3149)
BIOCARTA_TPO_PATHWAY
结果为： (24, 3118)
WP_NETRINUNC5B_SIGNALING_PATHWAY
结果为： (28, 3121)
WP_EMBRYONIC_STEM_CELL_PLURIPOTENCY_PATHWAYS
结果为： (29, 3054)
WP_THYROXINE_THYROID_HORMONE_PRODUCTION
结果为： (17, 2790)
BIOCARTA_RAS_PATHWAY
结果为： (15, 3146)
BIOCARTA_NKCELLS_PATHWAY
结果为： (32, 2931)
BIOCARTA_CDK5_PATHWAY
结果为： (14, 2799)
BIOCARTA_PDGF_PATHWAY
结果为： (23, 3202)
BIOCARTA_AT1R_PATHWAY
结果为： (20, 3143)
BIOCARTA_SPRY_PATHWAY
结果为： (16, 3043)
BIOCARTA_TCR_PATHWAY
结果为： (30, 3248)
BIOCARTA_TGFB_PATHWAY
结果为： (20, 3198)
KEGG_ERBB_SIGNALING_PATHWAY
结果为： (25, 3217)
KEGG_CHEMOKINE_SIGNALING_PATHWAY
结果为： (18, 22)
KEGG_MAPK_SIGNALING_PATHWAY
结果为： (31, 3287)
KEGG_OOCYTE_MEIOSIS
结果为： (17, 3175)
KEGG_DORSO_VENTRAL_AXIS_FORMATION
结果为： (25, 2954)
KEGG_VASCULAR_SMOOTH_MUSCLE_CONTRACTION
结果为： (31, 3118)
KEGG_VEGF_SIGNALING_PATHWAY
结果为： (28, 3079)
KEGG_FOCAL_ADHESION
结果为： (33, 3317)
KEGG_GAP_JUNCTION
结果为： (29, 3191)
KEGG_NATURAL_KILLER_CELL_MEDIATED_CYTOTOXICITY
结果为： (18, 3)
KEGG_TOLL_LIKE_RECEPTOR_SIGNALING_PATHWAY
结果为： (18, 2)
KEGG_T_CELL_RECEPTOR_SIGNALING_PATHWAY
结果为： (33, 3311)
KEGG_B_CELL_RECEPTOR_SIGNALING_PATHWAY
结果为： (30, 3165)
KEGG_LONG_TERM_POTENTIATION
结果为： (25, 3076)
KEGG_NEUROTROPHIN_SIGNALING_PATHWAY
结果为： (26, 3376)
KEGG_LONG_TERM_DEPRESSION
结果为： (28, 3002)
KEGG_FC_EPSILON_RI_SIGNALING_PATHWAY
结果为： (31, 3100)
KEGG_FC_GAMMA_R_MEDIATED_PHAGOCYTOSIS
结果为： (29, 3291)
KEGG_INSULIN_SIGNALING_PATHWAY
结果为： (22, 3221)
KEGG_REGULATION_OF_ACTIN_CYTOSKELETON
结果为： (32, 3336)
KEGG_PROGESTERONE_MEDIATED_OOCYTE_MATURATION
结果为： (22, 3206)
KEGG_GNRH_SIGNALING_PATHWAY
结果为： (30, 3155)
KEGG_MELANOGENESIS
结果为： (29, 3042)
KEGG_PATHWAYS_IN_CANCER
结果为： (30, 3442)
KEGG_RENAL_CELL_CARCINOMA
结果为： (26, 3314)
KEGG_COLORECTAL_CANCER
结果为： (25, 3271)
KEGG_ENDOMETRIAL_CANCER
结果为： (22, 3175)
KEGG_PANCREATIC_CANCER
结果为： (26, 3306)
KEGG_PROSTATE_CANCER
结果为： (23, 3252)
KEGG_GLIOMA
结果为： (24, 3123)
KEGG_PRION_DISEASES
结果为： (28, 2947)
KEGG_CHRONIC_MYELOID_LEUKEMIA
结果为： (23, 3317)
KEGG_BLADDER_CANCER
结果为： (20, 3003)
KEGG_ACUTE_MYELOID_LEUKEMIA
结果为： (26, 3199)
KEGG_THYROID_CANCER
结果为： (15, 2986)
KEGG_MELANOMA
结果为： (28, 2991)
KEGG_NON_SMALL_CELL_LUNG_CANCER
结果为： (22, 3191)
PID_FCER1_PATHWAY
结果为： (29, 3241)
PID_ENDOTHELIN_PATHWAY
结果为： (32, 3172)
PID_MET_PATHWAY
结果为： (21, 3350)
PID_EPHB_FWD_PATHWAY
结果为： (19, 3159)
PID_BCR_5PATHWAY
结果为： (29, 3274)
PID_GMCSF_PATHWAY
结果为： (26, 3125)
PID_SHP2_PATHWAY
结果为： (31, 3159)
PID_NETRIN_PATHWAY
结果为： (26, 3167)
PID_MTOR_4PATHWAY
结果为： (14, 3208)
PID_IL2_1PATHWAY
结果为： (29, 3223)
PID_TCR_RAS_PATHWAY
结果为： (23, 3150)
PID_CERAMIDE_PATHWAY
结果为： (19, 3066)
PID_IFNG_PATHWAY
结果为： (24, 3168)
PID_ERBB1_DOWNSTREAM_PATHWAY
结果为： (22, 3397)
PID_ERBB2_ERBB3_PATHWAY
结果为： (24, 3218)
PID_FOXM1_PATHWAY
结果为： (16, 3139)
PID_PDGFRB_PATHWAY
结果为： (27, 3426)
PID_TRKR_PATHWAY
结果为： (23, 3171)
PID_AR_NONGENOMIC_PATHWAY
结果为： (21, 3229)
PID_HEDGEHOG_GLI_PATHWAY
结果为： (21, 3203)
PID_ANTHRAX_PATHWAY
结果为： (18, 27)
PID_MAPK_TRK_PATHWAY
结果为： (18, 3107)
PID_CD8_TCR_DOWNSTREAM_PATHWAY
结果为： (18, 3)
PID_FAK_PATHWAY
结果为： (25, 3340)
SA_B_CELL_RECEPTOR_COMPLEXES
结果为： (23, 3132)
SA_TRKA_RECEPTOR
结果为： (26, 3085)
PID_CXCR3_PATHWAY
结果为： (26, 3097)
PID_KIT_PATHWAY
结果为： (29, 3268)
PID_VEGFR1_2_PATHWAY
结果为： (25, 3305)
WP_PATHWAYS_AFFECTED_IN_ADENOID_CYSTIC_CARCINOMA
结果为： (17, 3182)
WP_AMYOTROPHIC_LATERAL_SCLEROSIS_ALS
结果为： (18, 24)
WP_KALLMANN_SYNDROME
结果为： (22, 2833)
