Learning rate:  0.0001
Epochs:  100
The code uses GPU...
Pre-processed data found: data/processed/independent_gat_1252_drug1.pt, loading ...
Pre-processed data found: data/processed/independent_gat_1252_drug2.pt, loading ...
0
Pre-processed data found: data/processed/new_labels_0_10_drug1.pt, loading ...
Pre-processed data found: data/processed/new_labels_0_10_drug2.pt, loading ...
Training on 12415 samples...
Train epoch: 1  Loss: 0.694129
Train epoch: 1  Loss: 0.692586
Train epoch: 1  Loss: 0.693389
Training on 12415 samples...
Train epoch: 2  Loss: 0.692138
Train epoch: 2  Loss: 0.688837
Train epoch: 2  Loss: 0.683137
Training on 12415 samples...
Train epoch: 3  Loss: 0.635695
Train epoch: 3  Loss: 0.675552
Train epoch: 3  Loss: 0.642443
Training on 12415 samples...
Train epoch: 4  Loss: 0.669819
Train epoch: 4  Loss: 0.636740
Train epoch: 4  Loss: 0.657330
Training on 12415 samples...
Train epoch: 5  Loss: 0.639589
Train epoch: 5  Loss: 0.651758
Train epoch: 5  Loss: 0.650180
Training on 12415 samples...
Train epoch: 6  Loss: 0.658430
Train epoch: 6  Loss: 0.639707
Train epoch: 6  Loss: 0.683678
Training on 12415 samples...
Train epoch: 7  Loss: 0.610741
Train epoch: 7  Loss: 0.645057
Train epoch: 7  Loss: 0.591483
Training on 12415 samples...
Train epoch: 8  Loss: 0.664413
Train epoch: 8  Loss: 0.634728
Train epoch: 8  Loss: 0.643393
Training on 12415 samples...
Train epoch: 9  Loss: 0.612956
Train epoch: 9  Loss: 0.629643
Train epoch: 9  Loss: 0.594677
Training on 12415 samples...
Train epoch: 10  Loss: 0.619605
Train epoch: 10  Loss: 0.604457
Train epoch: 10  Loss: 0.618253
Training on 12415 samples...
Train epoch: 11  Loss: 0.619155
Train epoch: 11  Loss: 0.568369
Train epoch: 11  Loss: 0.591173
Training on 12415 samples...
Train epoch: 12  Loss: 0.611676
Train epoch: 12  Loss: 0.627716
Train epoch: 12  Loss: 0.642122
Training on 12415 samples...
Train epoch: 13  Loss: 0.589550
Train epoch: 13  Loss: 0.642892
Train epoch: 13  Loss: 0.601802
Training on 12415 samples...
Train epoch: 14  Loss: 0.615540
Train epoch: 14  Loss: 0.619297
Train epoch: 14  Loss: 0.679370
Training on 12415 samples...
Train epoch: 15  Loss: 0.611433
Train epoch: 15  Loss: 0.631822
Train epoch: 15  Loss: 0.603876
Training on 12415 samples...
Train epoch: 16  Loss: 0.649647
Train epoch: 16  Loss: 0.619368
Train epoch: 16  Loss: 0.628439
Training on 12415 samples...
Train epoch: 17  Loss: 0.642399
Train epoch: 17  Loss: 0.617016
Train epoch: 17  Loss: 0.585989
Training on 12415 samples...
Train epoch: 18  Loss: 0.647769
Train epoch: 18  Loss: 0.606805
Train epoch: 18  Loss: 0.651897
Training on 12415 samples...
Train epoch: 19  Loss: 0.635818
Train epoch: 19  Loss: 0.616459
Train epoch: 19  Loss: 0.628798
Training on 12415 samples...
Train epoch: 20  Loss: 0.601254
Train epoch: 20  Loss: 0.610685
Train epoch: 20  Loss: 0.595047
Training on 12415 samples...
Train epoch: 21  Loss: 0.581494
Train epoch: 21  Loss: 0.597038
Train epoch: 21  Loss: 0.667585
Training on 12415 samples...
Train epoch: 22  Loss: 0.627446
Train epoch: 22  Loss: 0.622271
Train epoch: 22  Loss: 0.600032
Training on 12415 samples...
Train epoch: 23  Loss: 0.585222
Train epoch: 23  Loss: 0.631387
Train epoch: 23  Loss: 0.560172
Training on 12415 samples...
Train epoch: 24  Loss: 0.626908
Train epoch: 24  Loss: 0.633654
Train epoch: 24  Loss: 0.602754
Training on 12415 samples...
Train epoch: 25  Loss: 0.627656
Train epoch: 25  Loss: 0.660071
Train epoch: 25  Loss: 0.658233
Training on 12415 samples...
Train epoch: 26  Loss: 0.607624
Train epoch: 26  Loss: 0.661654
Train epoch: 26  Loss: 0.601173
Training on 12415 samples...
Train epoch: 27  Loss: 0.594907
Train epoch: 27  Loss: 0.633606
Train epoch: 27  Loss: 0.611304
Training on 12415 samples...
Train epoch: 28  Loss: 0.620964
Train epoch: 28  Loss: 0.604302
Train epoch: 28  Loss: 0.607192
Training on 12415 samples...
Train epoch: 29  Loss: 0.615272
Train epoch: 29  Loss: 0.630892
Train epoch: 29  Loss: 0.617562
Training on 12415 samples...
Train epoch: 30  Loss: 0.630929
Train epoch: 30  Loss: 0.646654
Train epoch: 30  Loss: 0.579481
Training on 12415 samples...
Train epoch: 31  Loss: 0.585611
Train epoch: 31  Loss: 0.621661
Train epoch: 31  Loss: 0.596349
Training on 12415 samples...
Train epoch: 32  Loss: 0.592641
Train epoch: 32  Loss: 0.620150
Train epoch: 32  Loss: 0.597191
Training on 12415 samples...
Train epoch: 33  Loss: 0.583742
Train epoch: 33  Loss: 0.632874
Train epoch: 33  Loss: 0.604566
Training on 12415 samples...
Train epoch: 34  Loss: 0.606501
Train epoch: 34  Loss: 0.573226
Train epoch: 34  Loss: 0.614585
Training on 12415 samples...
Train epoch: 35  Loss: 0.538458
Train epoch: 35  Loss: 0.605173
Train epoch: 35  Loss: 0.561260
Training on 12415 samples...
Train epoch: 36  Loss: 0.609529
Train epoch: 36  Loss: 0.634121
Train epoch: 36  Loss: 0.577033
Training on 12415 samples...
Train epoch: 37  Loss: 0.599392
Train epoch: 37  Loss: 0.627422
Train epoch: 37  Loss: 0.593569
Training on 12415 samples...
Train epoch: 38  Loss: 0.623492
Train epoch: 38  Loss: 0.585212
Train epoch: 38  Loss: 0.594841
Training on 12415 samples...
Train epoch: 39  Loss: 0.592814
Train epoch: 39  Loss: 0.605619
Train epoch: 39  Loss: 0.617346
Training on 12415 samples...
Train epoch: 40  Loss: 0.608812
Train epoch: 40  Loss: 0.593767
Train epoch: 40  Loss: 0.568645
Training on 12415 samples...
Train epoch: 41  Loss: 0.568485
Train epoch: 41  Loss: 0.612455
Train epoch: 41  Loss: 0.601078
Training on 12415 samples...
Train epoch: 42  Loss: 0.620243
Train epoch: 42  Loss: 0.639227
Train epoch: 42  Loss: 0.602366
Training on 12415 samples...
Train epoch: 43  Loss: 0.600135
Train epoch: 43  Loss: 0.600423
Train epoch: 43  Loss: 0.628071
Training on 12415 samples...
Train epoch: 44  Loss: 0.606008
Train epoch: 44  Loss: 0.614788
Train epoch: 44  Loss: 0.585910
Training on 12415 samples...
Train epoch: 45  Loss: 0.581030
Train epoch: 45  Loss: 0.573187
Train epoch: 45  Loss: 0.622233
Training on 12415 samples...
Train epoch: 46  Loss: 0.629849
Train epoch: 46  Loss: 0.639094
Train epoch: 46  Loss: 0.594055
Training on 12415 samples...
Train epoch: 47  Loss: 0.592015
Train epoch: 47  Loss: 0.606947
Train epoch: 47  Loss: 0.613566
Training on 12415 samples...
Train epoch: 48  Loss: 0.607508
Train epoch: 48  Loss: 0.597694
Train epoch: 48  Loss: 0.582898
Training on 12415 samples...
Train epoch: 49  Loss: 0.615905
Train epoch: 49  Loss: 0.609345
Train epoch: 49  Loss: 0.608981
Training on 12415 samples...
Train epoch: 50  Loss: 0.596259
Train epoch: 50  Loss: 0.606338
Train epoch: 50  Loss: 0.584449
Training on 12415 samples...
Train epoch: 51  Loss: 0.568538
Train epoch: 51  Loss: 0.582081
Train epoch: 51  Loss: 0.609287
Training on 12415 samples...
Train epoch: 52  Loss: 0.624282
Train epoch: 52  Loss: 0.619478
Train epoch: 52  Loss: 0.621588
Training on 12415 samples...
Train epoch: 53  Loss: 0.589689
Train epoch: 53  Loss: 0.600393
Train epoch: 53  Loss: 0.622735
Training on 12415 samples...
Train epoch: 54  Loss: 0.562316
Train epoch: 54  Loss: 0.652304
Train epoch: 54  Loss: 0.589648
Training on 12415 samples...
Train epoch: 55  Loss: 0.584502
Train epoch: 55  Loss: 0.602258
Train epoch: 55  Loss: 0.629145
Training on 12415 samples...
Train epoch: 56  Loss: 0.599338
Train epoch: 56  Loss: 0.619140
Train epoch: 56  Loss: 0.567131
Training on 12415 samples...
Train epoch: 57  Loss: 0.609497
Train epoch: 57  Loss: 0.628245
Train epoch: 57  Loss: 0.646493
Training on 12415 samples...
Train epoch: 58  Loss: 0.617344
Train epoch: 58  Loss: 0.571443
Train epoch: 58  Loss: 0.608974
Training on 12415 samples...
Train epoch: 59  Loss: 0.614949
Train epoch: 59  Loss: 0.601625
Train epoch: 59  Loss: 0.609926
Training on 12415 samples...
Train epoch: 60  Loss: 0.685478
Train epoch: 60  Loss: 0.651387
Train epoch: 60  Loss: 0.592004
Training on 12415 samples...
Train epoch: 61  Loss: 0.580855
Train epoch: 61  Loss: 0.592547
Train epoch: 61  Loss: 0.616735
Training on 12415 samples...
Train epoch: 62  Loss: 0.602943
Train epoch: 62  Loss: 0.607114
Train epoch: 62  Loss: 0.614462
Training on 12415 samples...
Train epoch: 63  Loss: 0.608685
Train epoch: 63  Loss: 0.610642
Train epoch: 63  Loss: 0.597328
Training on 12415 samples...
Train epoch: 64  Loss: 0.611538
Train epoch: 64  Loss: 0.605025
Train epoch: 64  Loss: 0.536008
Training on 12415 samples...
Train epoch: 65  Loss: 0.629088
Train epoch: 65  Loss: 0.591750
Train epoch: 65  Loss: 0.585377
Training on 12415 samples...
Train epoch: 66  Loss: 0.609087
Train epoch: 66  Loss: 0.590440
Train epoch: 66  Loss: 0.546455
Training on 12415 samples...
Train epoch: 67  Loss: 0.586360
Train epoch: 67  Loss: 0.597045
Train epoch: 67  Loss: 0.610914
Training on 12415 samples...
Train epoch: 68  Loss: 0.624521
Train epoch: 68  Loss: 0.618231
Train epoch: 68  Loss: 0.613061
Training on 12415 samples...
Train epoch: 69  Loss: 0.627371
Train epoch: 69  Loss: 0.582142
Train epoch: 69  Loss: 0.608192
Training on 12415 samples...
Train epoch: 70  Loss: 0.612979
Train epoch: 70  Loss: 0.632911
Train epoch: 70  Loss: 0.619740
Training on 12415 samples...
Train epoch: 71  Loss: 0.552413
Train epoch: 71  Loss: 0.583463
Train epoch: 71  Loss: 0.648368
Training on 12415 samples...
Train epoch: 72  Loss: 0.588565
Train epoch: 72  Loss: 0.587195
Train epoch: 72  Loss: 0.580505
Training on 12415 samples...
Train epoch: 73  Loss: 0.607510
Train epoch: 73  Loss: 0.614587
Train epoch: 73  Loss: 0.592249
Training on 12415 samples...
Train epoch: 74  Loss: 0.637783
Train epoch: 74  Loss: 0.618032
Train epoch: 74  Loss: 0.603959
Training on 12415 samples...
Train epoch: 75  Loss: 0.602870
Train epoch: 75  Loss: 0.597061
Train epoch: 75  Loss: 0.576090
Training on 12415 samples...
Train epoch: 76  Loss: 0.647146
Train epoch: 76  Loss: 0.622700
Train epoch: 76  Loss: 0.576937
Training on 12415 samples...
Train epoch: 77  Loss: 0.569938
Train epoch: 77  Loss: 0.575302
Train epoch: 77  Loss: 0.619261
Training on 12415 samples...
Train epoch: 78  Loss: 0.590503
Train epoch: 78  Loss: 0.578216
Train epoch: 78  Loss: 0.576573
Training on 12415 samples...
Train epoch: 79  Loss: 0.611583
Train epoch: 79  Loss: 0.610087
Train epoch: 79  Loss: 0.589066
Training on 12415 samples...
Train epoch: 80  Loss: 0.582005
Train epoch: 80  Loss: 0.600235
Train epoch: 80  Loss: 0.606953
Training on 12415 samples...
Train epoch: 81  Loss: 0.614771
Train epoch: 81  Loss: 0.609834
Train epoch: 81  Loss: 0.618575
Training on 12415 samples...
Train epoch: 82  Loss: 0.578675
Train epoch: 82  Loss: 0.597076
Train epoch: 82  Loss: 0.600564
Training on 12415 samples...
Train epoch: 83  Loss: 0.566006
Train epoch: 83  Loss: 0.606139
Train epoch: 83  Loss: 0.561062
Training on 12415 samples...
Train epoch: 84  Loss: 0.607268
Train epoch: 84  Loss: 0.606554
Train epoch: 84  Loss: 0.616322
Training on 12415 samples...
Train epoch: 85  Loss: 0.588144
Train epoch: 85  Loss: 0.567230
Train epoch: 85  Loss: 0.599142
Training on 12415 samples...
Train epoch: 86  Loss: 0.601296
Train epoch: 86  Loss: 0.645721
Train epoch: 86  Loss: 0.616039
Training on 12415 samples...
Train epoch: 87  Loss: 0.619590
Train epoch: 87  Loss: 0.615143
Train epoch: 87  Loss: 0.617249
Training on 12415 samples...
Train epoch: 88  Loss: 0.584161
Train epoch: 88  Loss: 0.608954
Train epoch: 88  Loss: 0.589435
Training on 12415 samples...
Train epoch: 89  Loss: 0.605543
Train epoch: 89  Loss: 0.629336
Train epoch: 89  Loss: 0.594233
Training on 12415 samples...
Train epoch: 90  Loss: 0.592597
Train epoch: 90  Loss: 0.626977
Train epoch: 90  Loss: 0.604313
Training on 12415 samples...
Train epoch: 91  Loss: 0.599672
Train epoch: 91  Loss: 0.586159
Train epoch: 91  Loss: 0.615788
Training on 12415 samples...
Train epoch: 92  Loss: 0.605422
Train epoch: 92  Loss: 0.586001
Train epoch: 92  Loss: 0.651456
Training on 12415 samples...
Train epoch: 93  Loss: 0.622223
Train epoch: 93  Loss: 0.573116
Train epoch: 93  Loss: 0.585666
Training on 12415 samples...
Train epoch: 94  Loss: 0.618390
Train epoch: 94  Loss: 0.626995
Train epoch: 94  Loss: 0.597084
Training on 12415 samples...
Train epoch: 95  Loss: 0.610211
Train epoch: 95  Loss: 0.609611
Train epoch: 95  Loss: 0.623124
Training on 12415 samples...
Train epoch: 96  Loss: 0.624059
Train epoch: 96  Loss: 0.604308
Train epoch: 96  Loss: 0.608124
Training on 12415 samples...
Train epoch: 97  Loss: 0.596179
Train epoch: 97  Loss: 0.616350
Train epoch: 97  Loss: 0.628985
Training on 12415 samples...
Train epoch: 98  Loss: 0.618597
Train epoch: 98  Loss: 0.624285
Train epoch: 98  Loss: 0.567046
Training on 12415 samples...
Train epoch: 99  Loss: 0.592255
Train epoch: 99  Loss: 0.572376
Train epoch: 99  Loss: 0.622918
Training on 12415 samples...
Train epoch: 100  Loss: 0.609705
Train epoch: 100  Loss: 0.559950
Train epoch: 100  Loss: 0.597553
1
Pre-processed data found: data/processed/new_labels_0_10_drug1.pt, loading ...
Pre-processed data found: data/processed/new_labels_0_10_drug2.pt, loading ...
Training on 12415 samples...
Train epoch: 1  Loss: 0.693861
Train epoch: 1  Loss: 0.692898
Train epoch: 1  Loss: 0.695621
Training on 12415 samples...
Train epoch: 2  Loss: 0.693724
Train epoch: 2  Loss: 0.693036
Train epoch: 2  Loss: 0.688898
Training on 12415 samples...
Train epoch: 3  Loss: 0.685162
Train epoch: 3  Loss: 0.670889
Train epoch: 3  Loss: 0.654389
Training on 12415 samples...
Train epoch: 4  Loss: 0.661944
Train epoch: 4  Loss: 0.642327
Train epoch: 4  Loss: 0.658324
Training on 12415 samples...
Train epoch: 5  Loss: 0.628464
Train epoch: 5  Loss: 0.615699
Train epoch: 5  Loss: 0.648896
Training on 12415 samples...
Train epoch: 6  Loss: 0.636691
Train epoch: 6  Loss: 0.628385
Train epoch: 6  Loss: 0.645100
Training on 12415 samples...
Train epoch: 7  Loss: 0.589708
Train epoch: 7  Loss: 0.633770
Train epoch: 7  Loss: 0.637508
Training on 12415 samples...
Train epoch: 8  Loss: 0.607583
Train epoch: 8  Loss: 0.623237
Train epoch: 8  Loss: 0.623690
Training on 12415 samples...
Train epoch: 9  Loss: 0.604547
Train epoch: 9  Loss: 0.562595
Train epoch: 9  Loss: 0.599807
Training on 12415 samples...
Train epoch: 10  Loss: 0.635893
Train epoch: 10  Loss: 0.665910
Train epoch: 10  Loss: 0.669784
Training on 12415 samples...
Train epoch: 11  Loss: 0.620483
Train epoch: 11  Loss: 0.634467
Train epoch: 11  Loss: 0.632779
Training on 12415 samples...
Train epoch: 12  Loss: 0.587901
Train epoch: 12  Loss: 0.599980
Train epoch: 12  Loss: 0.590100
Training on 12415 samples...
Train epoch: 13  Loss: 0.606822
Train epoch: 13  Loss: 0.607994
Train epoch: 13  Loss: 0.587317
Training on 12415 samples...
Train epoch: 14  Loss: 0.597693
Train epoch: 14  Loss: 0.655896
Train epoch: 14  Loss: 0.625494
Training on 12415 samples...
Train epoch: 15  Loss: 0.664128
Train epoch: 15  Loss: 0.625715
Train epoch: 15  Loss: 0.627061
Training on 12415 samples...
Train epoch: 16  Loss: 0.565914
Train epoch: 16  Loss: 0.591504
Train epoch: 16  Loss: 0.654567
Training on 12415 samples...
Train epoch: 17  Loss: 0.637480
Train epoch: 17  Loss: 0.624536
Train epoch: 17  Loss: 0.594547
Training on 12415 samples...
Train epoch: 18  Loss: 0.628287
Train epoch: 18  Loss: 0.587370
Train epoch: 18  Loss: 0.612588
Training on 12415 samples...
Train epoch: 19  Loss: 0.628969
Train epoch: 19  Loss: 0.609416
Train epoch: 19  Loss: 0.585816
Training on 12415 samples...
Train epoch: 20  Loss: 0.605019
Train epoch: 20  Loss: 0.669209
Train epoch: 20  Loss: 0.584959
Training on 12415 samples...
Train epoch: 21  Loss: 0.595718
Train epoch: 21  Loss: 0.601435
Train epoch: 21  Loss: 0.650262
Training on 12415 samples...
Train epoch: 22  Loss: 0.586591
Train epoch: 22  Loss: 0.578599
Train epoch: 22  Loss: 0.637345
Training on 12415 samples...
Train epoch: 23  Loss: 0.605140
Train epoch: 23  Loss: 0.607980
Train epoch: 23  Loss: 0.634773
Training on 12415 samples...
Train epoch: 24  Loss: 0.572475
Train epoch: 24  Loss: 0.605644
Train epoch: 24  Loss: 0.623774
Training on 12415 samples...
Train epoch: 25  Loss: 0.607857
Train epoch: 25  Loss: 0.588717
Train epoch: 25  Loss: 0.624776
Training on 12415 samples...
Train epoch: 26  Loss: 0.619822
Train epoch: 26  Loss: 0.615262
Train epoch: 26  Loss: 0.626250
Training on 12415 samples...
Train epoch: 27  Loss: 0.593289
Train epoch: 27  Loss: 0.646862
Train epoch: 27  Loss: 0.614727
Training on 12415 samples...
Train epoch: 28  Loss: 0.633537
Train epoch: 28  Loss: 0.594387
Train epoch: 28  Loss: 0.611484
Training on 12415 samples...
Train epoch: 29  Loss: 0.664822
Train epoch: 29  Loss: 0.614999
Train epoch: 29  Loss: 0.642485
Training on 12415 samples...
Train epoch: 30  Loss: 0.597048
Train epoch: 30  Loss: 0.601916
Train epoch: 30  Loss: 0.631428
Training on 12415 samples...
Train epoch: 31  Loss: 0.585596
Train epoch: 31  Loss: 0.582530
Train epoch: 31  Loss: 0.611064
Training on 12415 samples...
Train epoch: 32  Loss: 0.610568
Train epoch: 32  Loss: 0.632095
Train epoch: 32  Loss: 0.592084
Training on 12415 samples...
Train epoch: 33  Loss: 0.617035
Train epoch: 33  Loss: 0.607197
Train epoch: 33  Loss: 0.612216
Training on 12415 samples...
Train epoch: 34  Loss: 0.622747
Train epoch: 34  Loss: 0.614019
Train epoch: 34  Loss: 0.620860
Training on 12415 samples...
Train epoch: 35  Loss: 0.601582
Train epoch: 35  Loss: 0.573756
Train epoch: 35  Loss: 0.637188
Training on 12415 samples...
Train epoch: 36  Loss: 0.580373
Train epoch: 36  Loss: 0.608684
Train epoch: 36  Loss: 0.642711
Training on 12415 samples...
Train epoch: 37  Loss: 0.629420
Train epoch: 37  Loss: 0.560328
Train epoch: 37  Loss: 0.615541
Training on 12415 samples...
Train epoch: 38  Loss: 0.575082
Train epoch: 38  Loss: 0.580402
Train epoch: 38  Loss: 0.594610
Training on 12415 samples...
Train epoch: 39  Loss: 0.597118
Train epoch: 39  Loss: 0.592712
Train epoch: 39  Loss: 0.548907
Training on 12415 samples...
Train epoch: 40  Loss: 0.621010
Train epoch: 40  Loss: 0.567599
Train epoch: 40  Loss: 0.563783
Training on 12415 samples...
Train epoch: 41  Loss: 0.581411
Train epoch: 41  Loss: 0.624630
Train epoch: 41  Loss: 0.612707
Training on 12415 samples...
Train epoch: 42  Loss: 0.636020
Train epoch: 42  Loss: 0.579835
Train epoch: 42  Loss: 0.576835
Training on 12415 samples...
Train epoch: 43  Loss: 0.652231
Train epoch: 43  Loss: 0.630067
Train epoch: 43  Loss: 0.616495
Training on 12415 samples...
Train epoch: 44  Loss: 0.607704
Train epoch: 44  Loss: 0.646817
Train epoch: 44  Loss: 0.605576
Training on 12415 samples...
Train epoch: 45  Loss: 0.608050
Train epoch: 45  Loss: 0.608296
Train epoch: 45  Loss: 0.589760
Training on 12415 samples...
Train epoch: 46  Loss: 0.605104
Train epoch: 46  Loss: 0.599793
Train epoch: 46  Loss: 0.631001
Training on 12415 samples...
Train epoch: 47  Loss: 0.577702
Train epoch: 47  Loss: 0.623606
Train epoch: 47  Loss: 0.595333
Training on 12415 samples...
Train epoch: 48  Loss: 0.604289
Train epoch: 48  Loss: 0.580568
Train epoch: 48  Loss: 0.614531
Training on 12415 samples...
Train epoch: 49  Loss: 0.634538
Train epoch: 49  Loss: 0.639972
Train epoch: 49  Loss: 0.642306
Training on 12415 samples...
Train epoch: 50  Loss: 0.598716
Train epoch: 50  Loss: 0.614582
Train epoch: 50  Loss: 0.594432
Training on 12415 samples...
Train epoch: 51  Loss: 0.613318
Train epoch: 51  Loss: 0.622744
Train epoch: 51  Loss: 0.586012
Training on 12415 samples...
Train epoch: 52  Loss: 0.650954
Train epoch: 52  Loss: 0.561848
Train epoch: 52  Loss: 0.616241
Training on 12415 samples...
Train epoch: 53  Loss: 0.611880
Train epoch: 53  Loss: 0.641590
Train epoch: 53  Loss: 0.613221
Training on 12415 samples...
Train epoch: 54  Loss: 0.609654
Train epoch: 54  Loss: 0.589123
Train epoch: 54  Loss: 0.623341
Training on 12415 samples...
Train epoch: 55  Loss: 0.634333
Train epoch: 55  Loss: 0.603281
Train epoch: 55  Loss: 0.615493
Training on 12415 samples...
Train epoch: 56  Loss: 0.599053
Train epoch: 56  Loss: 0.592650
Train epoch: 56  Loss: 0.614061
Training on 12415 samples...
Train epoch: 57  Loss: 0.596301
Train epoch: 57  Loss: 0.587807
Train epoch: 57  Loss: 0.590993
Training on 12415 samples...
Train epoch: 58  Loss: 0.568589
Train epoch: 58  Loss: 0.579564
Train epoch: 58  Loss: 0.640085
Training on 12415 samples...
Train epoch: 59  Loss: 0.627650
Train epoch: 59  Loss: 0.647114
Train epoch: 59  Loss: 0.583359
Training on 12415 samples...
Train epoch: 60  Loss: 0.582770
Train epoch: 60  Loss: 0.594446
Train epoch: 60  Loss: 0.640941
Training on 12415 samples...
Train epoch: 61  Loss: 0.575315
Train epoch: 61  Loss: 0.614323
Train epoch: 61  Loss: 0.610500
Training on 12415 samples...
Train epoch: 62  Loss: 0.572991
Train epoch: 62  Loss: 0.642236
Train epoch: 62  Loss: 0.613461
Training on 12415 samples...
Train epoch: 63  Loss: 0.616494
Train epoch: 63  Loss: 0.629876
Train epoch: 63  Loss: 0.603739
Training on 12415 samples...
Train epoch: 64  Loss: 0.602680
Train epoch: 64  Loss: 0.633482
Train epoch: 64  Loss: 0.649338
Training on 12415 samples...
Train epoch: 65  Loss: 0.594214
Train epoch: 65  Loss: 0.591891
Train epoch: 65  Loss: 0.586804
Training on 12415 samples...
Train epoch: 66  Loss: 0.575113
Train epoch: 66  Loss: 0.630869
Train epoch: 66  Loss: 0.604913
Training on 12415 samples...
Train epoch: 67  Loss: 0.626491
Train epoch: 67  Loss: 0.604918
Train epoch: 67  Loss: 0.617157
Training on 12415 samples...
Train epoch: 68  Loss: 0.624763
Train epoch: 68  Loss: 0.608914
Train epoch: 68  Loss: 0.615298
Training on 12415 samples...
Train epoch: 69  Loss: 0.616520
Train epoch: 69  Loss: 0.629512
Train epoch: 69  Loss: 0.633185
Training on 12415 samples...
Train epoch: 70  Loss: 0.597445
Train epoch: 70  Loss: 0.608306
Train epoch: 70  Loss: 0.632732
Training on 12415 samples...
Train epoch: 71  Loss: 0.568946
Train epoch: 71  Loss: 0.604181
Train epoch: 71  Loss: 0.617631
Training on 12415 samples...
Train epoch: 72  Loss: 0.571819
Train epoch: 72  Loss: 0.585015
Train epoch: 72  Loss: 0.581683
Training on 12415 samples...
Train epoch: 73  Loss: 0.590416
Train epoch: 73  Loss: 0.594987
Train epoch: 73  Loss: 0.584473
Training on 12415 samples...
Train epoch: 74  Loss: 0.561110
Train epoch: 74  Loss: 0.616818
Train epoch: 74  Loss: 0.623270
Training on 12415 samples...
Train epoch: 75  Loss: 0.581084
Train epoch: 75  Loss: 0.587733
Train epoch: 75  Loss: 0.619591
Training on 12415 samples...
Train epoch: 76  Loss: 0.650980
Train epoch: 76  Loss: 0.632135
Train epoch: 76  Loss: 0.619422
Training on 12415 samples...
Train epoch: 77  Loss: 0.653496
Train epoch: 77  Loss: 0.604862
Train epoch: 77  Loss: 0.623694
Training on 12415 samples...
Train epoch: 78  Loss: 0.633016
Train epoch: 78  Loss: 0.626432
Train epoch: 78  Loss: 0.622691
Training on 12415 samples...
Train epoch: 79  Loss: 0.598436
Train epoch: 79  Loss: 0.589183
Train epoch: 79  Loss: 0.577574
Training on 12415 samples...
Train epoch: 80  Loss: 0.589509
Train epoch: 80  Loss: 0.634376
Train epoch: 80  Loss: 0.601139
Training on 12415 samples...
Train epoch: 81  Loss: 0.594865
Train epoch: 81  Loss: 0.630958
Train epoch: 81  Loss: 0.625099
Training on 12415 samples...
Train epoch: 82  Loss: 0.596697
Train epoch: 82  Loss: 0.575010
Train epoch: 82  Loss: 0.584484
Training on 12415 samples...
Train epoch: 83  Loss: 0.545079
Train epoch: 83  Loss: 0.615978
Train epoch: 83  Loss: 0.594173
Training on 12415 samples...
Train epoch: 84  Loss: 0.618857
Train epoch: 84  Loss: 0.606178
Train epoch: 84  Loss: 0.608926
Training on 12415 samples...
Train epoch: 85  Loss: 0.605465
Train epoch: 85  Loss: 0.636006
Train epoch: 85  Loss: 0.591630
Training on 12415 samples...
Train epoch: 86  Loss: 0.569130
Train epoch: 86  Loss: 0.616460
Train epoch: 86  Loss: 0.611638
Training on 12415 samples...
Train epoch: 87  Loss: 0.578531
Train epoch: 87  Loss: 0.587159
Train epoch: 87  Loss: 0.572793
Training on 12415 samples...
Train epoch: 88  Loss: 0.604354
Train epoch: 88  Loss: 0.574238
Train epoch: 88  Loss: 0.582254
Training on 12415 samples...
Train epoch: 89  Loss: 0.645525
Train epoch: 89  Loss: 0.631103
Train epoch: 89  Loss: 0.594611
Training on 12415 samples...
Train epoch: 90  Loss: 0.612530
Train epoch: 90  Loss: 0.578457
Train epoch: 90  Loss: 0.625762
Training on 12415 samples...
Train epoch: 91  Loss: 0.577786
Train epoch: 91  Loss: 0.603576
Train epoch: 91  Loss: 0.587393
Training on 12415 samples...
Train epoch: 92  Loss: 0.597918
Train epoch: 92  Loss: 0.603495
Train epoch: 92  Loss: 0.636360
Training on 12415 samples...
Train epoch: 93  Loss: 0.591233
Train epoch: 93  Loss: 0.607653
Train epoch: 93  Loss: 0.605670
Training on 12415 samples...
Train epoch: 94  Loss: 0.595656
Train epoch: 94  Loss: 0.595638
Train epoch: 94  Loss: 0.599663
Training on 12415 samples...
Train epoch: 95  Loss: 0.588200
Train epoch: 95  Loss: 0.608645
Train epoch: 95  Loss: 0.567502
Training on 12415 samples...
Train epoch: 96  Loss: 0.610027
Train epoch: 96  Loss: 0.591138
Train epoch: 96  Loss: 0.600205
Training on 12415 samples...
Train epoch: 97  Loss: 0.628410
Train epoch: 97  Loss: 0.590676
Train epoch: 97  Loss: 0.657713
Training on 12415 samples...
Train epoch: 98  Loss: 0.590561
Train epoch: 98  Loss: 0.628440
Train epoch: 98  Loss: 0.592993
Training on 12415 samples...
Train epoch: 99  Loss: 0.597806
Train epoch: 99  Loss: 0.587032
Train epoch: 99  Loss: 0.612807
Training on 12415 samples...
Train epoch: 100  Loss: 0.559463
Train epoch: 100  Loss: 0.576625
Train epoch: 100  Loss: 0.630100
2
Pre-processed data found: data/processed/new_labels_0_10_drug1.pt, loading ...
Pre-processed data found: data/processed/new_labels_0_10_drug2.pt, loading ...
Training on 12415 samples...
Train epoch: 1  Loss: 0.693055
Train epoch: 1  Loss: 0.692243
Train epoch: 1  Loss: 0.692514
Training on 12415 samples...
Train epoch: 2  Loss: 0.692180
Train epoch: 2  Loss: 0.691477
Train epoch: 2  Loss: 0.677401
Training on 12415 samples...
Train epoch: 3  Loss: 0.652893
Train epoch: 3  Loss: 0.693307
Train epoch: 3  Loss: 0.653514
Training on 12415 samples...
Train epoch: 4  Loss: 0.686063
Train epoch: 4  Loss: 0.646223
Train epoch: 4  Loss: 0.644935
Training on 12415 samples...
Train epoch: 5  Loss: 0.611421
Train epoch: 5  Loss: 0.617186
Train epoch: 5  Loss: 0.605490
Training on 12415 samples...
Train epoch: 6  Loss: 0.615804
Train epoch: 6  Loss: 0.592947
Train epoch: 6  Loss: 0.639155
Training on 12415 samples...
Train epoch: 7  Loss: 0.627745
Train epoch: 7  Loss: 0.606155
Train epoch: 7  Loss: 0.664335
Training on 12415 samples...
Train epoch: 8  Loss: 0.610139
Train epoch: 8  Loss: 0.682133
Train epoch: 8  Loss: 0.642626
Training on 12415 samples...
Train epoch: 9  Loss: 0.620250
Train epoch: 9  Loss: 0.606453
Train epoch: 9  Loss: 0.668272
Training on 12415 samples...
Train epoch: 10  Loss: 0.640593
Train epoch: 10  Loss: 0.618078
Train epoch: 10  Loss: 0.617932
Training on 12415 samples...
Train epoch: 11  Loss: 0.622798
Train epoch: 11  Loss: 0.597481
Train epoch: 11  Loss: 0.611725
Training on 12415 samples...
Train epoch: 12  Loss: 0.601072
Train epoch: 12  Loss: 0.613473
Train epoch: 12  Loss: 0.620874
Training on 12415 samples...
Train epoch: 13  Loss: 0.579576
Train epoch: 13  Loss: 0.604149
Train epoch: 13  Loss: 0.619108
Training on 12415 samples...
Train epoch: 14  Loss: 0.609240
Train epoch: 14  Loss: 0.604369
Train epoch: 14  Loss: 0.641055
Training on 12415 samples...
Train epoch: 15  Loss: 0.605833
Train epoch: 15  Loss: 0.603198
Train epoch: 15  Loss: 0.619150
Training on 12415 samples...
Train epoch: 16  Loss: 0.625437
Train epoch: 16  Loss: 0.626939
Train epoch: 16  Loss: 0.633986
Training on 12415 samples...
Train epoch: 17  Loss: 0.608685
Train epoch: 17  Loss: 0.575069
Train epoch: 17  Loss: 0.672514
Training on 12415 samples...
Train epoch: 18  Loss: 0.569420
Train epoch: 18  Loss: 0.587860
Train epoch: 18  Loss: 0.646924
Training on 12415 samples...
Train epoch: 19  Loss: 0.617533
Train epoch: 19  Loss: 0.643856
Train epoch: 19  Loss: 0.634156
Training on 12415 samples...
Train epoch: 20  Loss: 0.610493
Train epoch: 20  Loss: 0.618978
Train epoch: 20  Loss: 0.576709
Training on 12415 samples...
Train epoch: 21  Loss: 0.594023
Train epoch: 21  Loss: 0.623585
Train epoch: 21  Loss: 0.627250
Training on 12415 samples...
Train epoch: 22  Loss: 0.624958
Train epoch: 22  Loss: 0.613257
Train epoch: 22  Loss: 0.587111
Training on 12415 samples...
Train epoch: 23  Loss: 0.594298
Train epoch: 23  Loss: 0.636437
Train epoch: 23  Loss: 0.626036
Training on 12415 samples...
Train epoch: 24  Loss: 0.587556
Train epoch: 24  Loss: 0.639193
Train epoch: 24  Loss: 0.633036
Training on 12415 samples...
Train epoch: 25  Loss: 0.577280
Train epoch: 25  Loss: 0.617114
Train epoch: 25  Loss: 0.629458
Training on 12415 samples...
Train epoch: 26  Loss: 0.634399
Train epoch: 26  Loss: 0.607348
Train epoch: 26  Loss: 0.602616
Training on 12415 samples...
Train epoch: 27  Loss: 0.592821
Train epoch: 27  Loss: 0.627044
Train epoch: 27  Loss: 0.604440
Training on 12415 samples...
Train epoch: 28  Loss: 0.578393
Train epoch: 28  Loss: 0.583638
Train epoch: 28  Loss: 0.626628
Training on 12415 samples...
Train epoch: 29  Loss: 0.626044
Train epoch: 29  Loss: 0.608642
Train epoch: 29  Loss: 0.614215
Training on 12415 samples...
Train epoch: 30  Loss: 0.638602
Train epoch: 30  Loss: 0.603209
Train epoch: 30  Loss: 0.603907
Training on 12415 samples...
Train epoch: 31  Loss: 0.584842
Train epoch: 31  Loss: 0.625187
Train epoch: 31  Loss: 0.625927
Training on 12415 samples...
Train epoch: 32  Loss: 0.609705
Train epoch: 32  Loss: 0.583732
Train epoch: 32  Loss: 0.641596
Training on 12415 samples...
Train epoch: 33  Loss: 0.631653
Train epoch: 33  Loss: 0.570290
Train epoch: 33  Loss: 0.622539
Training on 12415 samples...
Train epoch: 34  Loss: 0.624425
Train epoch: 34  Loss: 0.592455
Train epoch: 34  Loss: 0.637073
Training on 12415 samples...
Train epoch: 35  Loss: 0.617094
Train epoch: 35  Loss: 0.585793
Train epoch: 35  Loss: 0.635076
Training on 12415 samples...
Train epoch: 36  Loss: 0.592895
Train epoch: 36  Loss: 0.595124
Train epoch: 36  Loss: 0.604775
Training on 12415 samples...
Train epoch: 37  Loss: 0.609810
Train epoch: 37  Loss: 0.623082
Train epoch: 37  Loss: 0.610417
Training on 12415 samples...
Train epoch: 38  Loss: 0.592905
Train epoch: 38  Loss: 0.600173
Train epoch: 38  Loss: 0.614525
Training on 12415 samples...
Train epoch: 39  Loss: 0.575993
Train epoch: 39  Loss: 0.636498
Train epoch: 39  Loss: 0.619156
Training on 12415 samples...
Train epoch: 40  Loss: 0.616265
Train epoch: 40  Loss: 0.603454
Train epoch: 40  Loss: 0.578829
Training on 12415 samples...
Train epoch: 41  Loss: 0.624316
Train epoch: 41  Loss: 0.617098
Train epoch: 41  Loss: 0.618873
Training on 12415 samples...
Train epoch: 42  Loss: 0.598577
Train epoch: 42  Loss: 0.590599
Train epoch: 42  Loss: 0.604888
Training on 12415 samples...
Train epoch: 43  Loss: 0.625731
Train epoch: 43  Loss: 0.626050
Train epoch: 43  Loss: 0.624135
Training on 12415 samples...
Train epoch: 44  Loss: 0.632021
Train epoch: 44  Loss: 0.585878
Train epoch: 44  Loss: 0.577365
Training on 12415 samples...
Train epoch: 45  Loss: 0.596860
Train epoch: 45  Loss: 0.596579
Train epoch: 45  Loss: 0.578486
Training on 12415 samples...
Train epoch: 46  Loss: 0.580439
Train epoch: 46  Loss: 0.583184
Train epoch: 46  Loss: 0.599911
Training on 12415 samples...
Train epoch: 47  Loss: 0.594329
Train epoch: 47  Loss: 0.549211
Train epoch: 47  Loss: 0.611148
Training on 12415 samples...
Train epoch: 48  Loss: 0.607102
Train epoch: 48  Loss: 0.592333
Train epoch: 48  Loss: 0.593004
Training on 12415 samples...
Train epoch: 49  Loss: 0.614819
Train epoch: 49  Loss: 0.615667
Train epoch: 49  Loss: 0.636571
Training on 12415 samples...
Train epoch: 50  Loss: 0.604645
Train epoch: 50  Loss: 0.598007
Train epoch: 50  Loss: 0.626067
Training on 12415 samples...
Train epoch: 51  Loss: 0.629163
Train epoch: 51  Loss: 0.629847
Train epoch: 51  Loss: 0.595334
Training on 12415 samples...
Train epoch: 52  Loss: 0.608999
Train epoch: 52  Loss: 0.620654
Train epoch: 52  Loss: 0.607757
Training on 12415 samples...
Train epoch: 53  Loss: 0.568082
Train epoch: 53  Loss: 0.616824
Train epoch: 53  Loss: 0.601002
Training on 12415 samples...
Train epoch: 54  Loss: 0.616159
Train epoch: 54  Loss: 0.585768
Train epoch: 54  Loss: 0.593708
Training on 12415 samples...
Train epoch: 55  Loss: 0.608934
Train epoch: 55  Loss: 0.630504
Train epoch: 55  Loss: 0.586077
Training on 12415 samples...
Train epoch: 56  Loss: 0.602334
Train epoch: 56  Loss: 0.639154
Train epoch: 56  Loss: 0.626037
Training on 12415 samples...
Train epoch: 57  Loss: 0.600486
Train epoch: 57  Loss: 0.641995
Train epoch: 57  Loss: 0.576235
Training on 12415 samples...
Train epoch: 58  Loss: 0.620800
Train epoch: 58  Loss: 0.597043
Train epoch: 58  Loss: 0.593994
Training on 12415 samples...
Train epoch: 59  Loss: 0.621289
Train epoch: 59  Loss: 0.590270
Train epoch: 59  Loss: 0.609247
Training on 12415 samples...
Train epoch: 60  Loss: 0.622405
Train epoch: 60  Loss: 0.585638
Train epoch: 60  Loss: 0.613187
Training on 12415 samples...
Train epoch: 61  Loss: 0.599118
Train epoch: 61  Loss: 0.567045
Train epoch: 61  Loss: 0.659760
Training on 12415 samples...
Train epoch: 62  Loss: 0.583717
Train epoch: 62  Loss: 0.609438
Train epoch: 62  Loss: 0.612408
Training on 12415 samples...
Train epoch: 63  Loss: 0.677066
Train epoch: 63  Loss: 0.633391
Train epoch: 63  Loss: 0.618084
Training on 12415 samples...
Train epoch: 64  Loss: 0.600030
Train epoch: 64  Loss: 0.629515
Train epoch: 64  Loss: 0.628458
Training on 12415 samples...
Train epoch: 65  Loss: 0.640915
Train epoch: 65  Loss: 0.612721
Train epoch: 65  Loss: 0.584119
Training on 12415 samples...
Train epoch: 66  Loss: 0.591481
Train epoch: 66  Loss: 0.565488
Train epoch: 66  Loss: 0.583756
Training on 12415 samples...
Train epoch: 67  Loss: 0.574487
Train epoch: 67  Loss: 0.574922
Train epoch: 67  Loss: 0.630778
Training on 12415 samples...
Train epoch: 68  Loss: 0.580815
Train epoch: 68  Loss: 0.564435
Train epoch: 68  Loss: 0.615026
Training on 12415 samples...
Train epoch: 69  Loss: 0.613623
Train epoch: 69  Loss: 0.614884
Train epoch: 69  Loss: 0.614158
Training on 12415 samples...
Train epoch: 70  Loss: 0.617597
Train epoch: 70  Loss: 0.614031
Train epoch: 70  Loss: 0.590019
Training on 12415 samples...
Train epoch: 71  Loss: 0.601065
Train epoch: 71  Loss: 0.605190
Train epoch: 71  Loss: 0.594210
Training on 12415 samples...
Train epoch: 72  Loss: 0.608114
Train epoch: 72  Loss: 0.573809
Train epoch: 72  Loss: 0.620280
Training on 12415 samples...
Train epoch: 73  Loss: 0.595283
Train epoch: 73  Loss: 0.592300
Train epoch: 73  Loss: 0.591225
Training on 12415 samples...
Train epoch: 74  Loss: 0.623190
Train epoch: 74  Loss: 0.614785
Train epoch: 74  Loss: 0.634328
Training on 12415 samples...
Train epoch: 75  Loss: 0.606055
Train epoch: 75  Loss: 0.596512
Train epoch: 75  Loss: 0.653489
Training on 12415 samples...
Train epoch: 76  Loss: 0.593843
Train epoch: 76  Loss: 0.560790
Train epoch: 76  Loss: 0.618043
Training on 12415 samples...
Train epoch: 77  Loss: 0.644230
Train epoch: 77  Loss: 0.616773
Train epoch: 77  Loss: 0.618269
Training on 12415 samples...
Train epoch: 78  Loss: 0.592601
Train epoch: 78  Loss: 0.580801
Train epoch: 78  Loss: 0.649376
Training on 12415 samples...
Train epoch: 79  Loss: 0.603620
Train epoch: 79  Loss: 0.601706
Train epoch: 79  Loss: 0.590621
Training on 12415 samples...
Train epoch: 80  Loss: 0.614572
Train epoch: 80  Loss: 0.635533
Train epoch: 80  Loss: 0.624528
Training on 12415 samples...
Train epoch: 81  Loss: 0.595846
Train epoch: 81  Loss: 0.594058
Train epoch: 81  Loss: 0.605104
Training on 12415 samples...
Train epoch: 82  Loss: 0.634880
Train epoch: 82  Loss: 0.576003
Train epoch: 82  Loss: 0.613370
Training on 12415 samples...
Train epoch: 83  Loss: 0.619641
Train epoch: 83  Loss: 0.594687
Train epoch: 83  Loss: 0.589991
Training on 12415 samples...
Train epoch: 84  Loss: 0.610790
Train epoch: 84  Loss: 0.600728
Train epoch: 84  Loss: 0.608571
Training on 12415 samples...
Train epoch: 85  Loss: 0.623969
Train epoch: 85  Loss: 0.583928
Train epoch: 85  Loss: 0.603867
Training on 12415 samples...
Train epoch: 86  Loss: 0.618572
Train epoch: 86  Loss: 0.595210
Train epoch: 86  Loss: 0.629343
Training on 12415 samples...
Train epoch: 87  Loss: 0.598635
Train epoch: 87  Loss: 0.605394
Train epoch: 87  Loss: 0.626259
Training on 12415 samples...
Train epoch: 88  Loss: 0.620939
Train epoch: 88  Loss: 0.613769
Train epoch: 88  Loss: 0.595388
Training on 12415 samples...
Train epoch: 89  Loss: 0.585880
Train epoch: 89  Loss: 0.607601
Train epoch: 89  Loss: 0.626778
Training on 12415 samples...
Train epoch: 90  Loss: 0.558699
Train epoch: 90  Loss: 0.629357
Train epoch: 90  Loss: 0.574639
Training on 12415 samples...
Train epoch: 91  Loss: 0.598692
Train epoch: 91  Loss: 0.569248
Train epoch: 91  Loss: 0.630228
Training on 12415 samples...
Train epoch: 92  Loss: 0.603090
Train epoch: 92  Loss: 0.610451
Train epoch: 92  Loss: 0.633372
Training on 12415 samples...
Train epoch: 93  Loss: 0.579315
Train epoch: 93  Loss: 0.565527
Train epoch: 93  Loss: 0.591274
Training on 12415 samples...
Train epoch: 94  Loss: 0.636201
Train epoch: 94  Loss: 0.605649
Train epoch: 94  Loss: 0.602232
Training on 12415 samples...
Train epoch: 95  Loss: 0.591630
Train epoch: 95  Loss: 0.590019
Train epoch: 95  Loss: 0.594825
Training on 12415 samples...
Train epoch: 96  Loss: 0.575869
Train epoch: 96  Loss: 0.557874
Train epoch: 96  Loss: 0.607677
Training on 12415 samples...
Train epoch: 97  Loss: 0.625472
Train epoch: 97  Loss: 0.596517
Train epoch: 97  Loss: 0.585495
Training on 12415 samples...
Train epoch: 98  Loss: 0.556418
Train epoch: 98  Loss: 0.634473
Train epoch: 98  Loss: 0.603038
Training on 12415 samples...
Train epoch: 99  Loss: 0.683417
Train epoch: 99  Loss: 0.573619
Train epoch: 99  Loss: 0.607020
Training on 12415 samples...
Train epoch: 100  Loss: 0.635556
Train epoch: 100  Loss: 0.607395
Train epoch: 100  Loss: 0.561943
3
Pre-processed data found: data/processed/new_labels_0_10_drug1.pt, loading ...
Pre-processed data found: data/processed/new_labels_0_10_drug2.pt, loading ...
Training on 12415 samples...
Train epoch: 1  Loss: 0.691543
Train epoch: 1  Loss: 0.686586
Train epoch: 1  Loss: 0.692916
Training on 12415 samples...
Train epoch: 2  Loss: 0.693154
Train epoch: 2  Loss: 0.693219
Train epoch: 2  Loss: 0.685660
Training on 12415 samples...
Train epoch: 3  Loss: 0.682461
Train epoch: 3  Loss: 0.676442
Train epoch: 3  Loss: 0.653606
Training on 12415 samples...
Train epoch: 4  Loss: 0.670249
Train epoch: 4  Loss: 0.645741
Train epoch: 4  Loss: 0.638937
Training on 12415 samples...
Train epoch: 5  Loss: 0.636026
Train epoch: 5  Loss: 0.619376
Train epoch: 5  Loss: 0.657386
Training on 12415 samples...
Train epoch: 6  Loss: 0.625992
Train epoch: 6  Loss: 0.634334
Train epoch: 6  Loss: 0.627715
Training on 12415 samples...
Train epoch: 7  Loss: 0.626662
Train epoch: 7  Loss: 0.660213
Train epoch: 7  Loss: 0.667622
Training on 12415 samples...
Train epoch: 8  Loss: 0.618699
Train epoch: 8  Loss: 0.657816
Train epoch: 8  Loss: 0.586558
Training on 12415 samples...
Train epoch: 9  Loss: 0.638867
Train epoch: 9  Loss: 0.614615
Train epoch: 9  Loss: 0.610091
Training on 12415 samples...
Train epoch: 10  Loss: 0.634329
Train epoch: 10  Loss: 0.626167
Train epoch: 10  Loss: 0.645443
Training on 12415 samples...
Train epoch: 11  Loss: 0.612030
Train epoch: 11  Loss: 0.604327
Train epoch: 11  Loss: 0.618761
Training on 12415 samples...
Train epoch: 12  Loss: 0.618796
Train epoch: 12  Loss: 0.611167
Train epoch: 12  Loss: 0.636080
Training on 12415 samples...
Train epoch: 13  Loss: 0.634086
Train epoch: 13  Loss: 0.609150
Train epoch: 13  Loss: 0.598481
Training on 12415 samples...
Train epoch: 14  Loss: 0.630480
Train epoch: 14  Loss: 0.606999
Train epoch: 14  Loss: 0.580270
Training on 12415 samples...
Train epoch: 15  Loss: 0.613971
Train epoch: 15  Loss: 0.619421
Train epoch: 15  Loss: 0.608731
Training on 12415 samples...
Train epoch: 16  Loss: 0.646233
Train epoch: 16  Loss: 0.604446
Train epoch: 16  Loss: 0.640547
Training on 12415 samples...
Train epoch: 17  Loss: 0.578812
Train epoch: 17  Loss: 0.634715
Train epoch: 17  Loss: 0.650962
Training on 12415 samples...
Train epoch: 18  Loss: 0.679129
Train epoch: 18  Loss: 0.659009
Train epoch: 18  Loss: 0.599325
Training on 12415 samples...
Train epoch: 19  Loss: 0.620591
Train epoch: 19  Loss: 0.611096
Train epoch: 19  Loss: 0.572505
Training on 12415 samples...
Train epoch: 20  Loss: 0.618457
Train epoch: 20  Loss: 0.628850
Train epoch: 20  Loss: 0.628660
Training on 12415 samples...
Train epoch: 21  Loss: 0.602596
Train epoch: 21  Loss: 0.626861
Train epoch: 21  Loss: 0.593942
Training on 12415 samples...
Train epoch: 22  Loss: 0.639067
Train epoch: 22  Loss: 0.644343
Train epoch: 22  Loss: 0.581673
Training on 12415 samples...
Train epoch: 23  Loss: 0.625152
Train epoch: 23  Loss: 0.566137
Train epoch: 23  Loss: 0.607275
Training on 12415 samples...
Train epoch: 24  Loss: 0.597762
Train epoch: 24  Loss: 0.631308
Train epoch: 24  Loss: 0.619735
Training on 12415 samples...
Train epoch: 25  Loss: 0.596015
Train epoch: 25  Loss: 0.569156
Train epoch: 25  Loss: 0.605713
Training on 12415 samples...
Train epoch: 26  Loss: 0.628550
Train epoch: 26  Loss: 0.596646
Train epoch: 26  Loss: 0.589521
Training on 12415 samples...
Train epoch: 27  Loss: 0.597599
Train epoch: 27  Loss: 0.602240
Train epoch: 27  Loss: 0.578200
Training on 12415 samples...
Train epoch: 28  Loss: 0.618080
Train epoch: 28  Loss: 0.570541
Train epoch: 28  Loss: 0.597630
Training on 12415 samples...
Train epoch: 29  Loss: 0.612746
Train epoch: 29  Loss: 0.605426
Train epoch: 29  Loss: 0.620061
Training on 12415 samples...
Train epoch: 30  Loss: 0.584215
Train epoch: 30  Loss: 0.636154
Train epoch: 30  Loss: 0.583129
Training on 12415 samples...
Train epoch: 31  Loss: 0.622632
Train epoch: 31  Loss: 0.615658
Train epoch: 31  Loss: 0.610054
Training on 12415 samples...
Train epoch: 32  Loss: 0.624329
Train epoch: 32  Loss: 0.599070
Train epoch: 32  Loss: 0.582902
Training on 12415 samples...
Train epoch: 33  Loss: 0.603107
Train epoch: 33  Loss: 0.590341
Train epoch: 33  Loss: 0.630916
Training on 12415 samples...
Train epoch: 34  Loss: 0.569381
Train epoch: 34  Loss: 0.624283
Train epoch: 34  Loss: 0.622342
Training on 12415 samples...
Train epoch: 35  Loss: 0.594784
Train epoch: 35  Loss: 0.565115
Train epoch: 35  Loss: 0.605572
Training on 12415 samples...
Train epoch: 36  Loss: 0.620279
Train epoch: 36  Loss: 0.646476
Train epoch: 36  Loss: 0.636567
Training on 12415 samples...
Train epoch: 37  Loss: 0.616116
Train epoch: 37  Loss: 0.625137
Train epoch: 37  Loss: 0.587402
Training on 12415 samples...
Train epoch: 38  Loss: 0.604799
Train epoch: 38  Loss: 0.594488
Train epoch: 38  Loss: 0.617473
Training on 12415 samples...
Train epoch: 39  Loss: 0.602739
Train epoch: 39  Loss: 0.619772
Train epoch: 39  Loss: 0.646505
Training on 12415 samples...
Train epoch: 40  Loss: 0.597362
Train epoch: 40  Loss: 0.605316
Train epoch: 40  Loss: 0.591539
Training on 12415 samples...
Train epoch: 41  Loss: 0.611396
Train epoch: 41  Loss: 0.579092
Train epoch: 41  Loss: 0.629855
Training on 12415 samples...
Train epoch: 42  Loss: 0.590394
Train epoch: 42  Loss: 0.563390
Train epoch: 42  Loss: 0.603809
Training on 12415 samples...
Train epoch: 43  Loss: 0.629780
Train epoch: 43  Loss: 0.579922
Train epoch: 43  Loss: 0.594357
Training on 12415 samples...
Train epoch: 44  Loss: 0.588470
Train epoch: 44  Loss: 0.625685
Train epoch: 44  Loss: 0.646520
Training on 12415 samples...
Train epoch: 45  Loss: 0.607502
Train epoch: 45  Loss: 0.621214
Train epoch: 45  Loss: 0.596333
Training on 12415 samples...
Train epoch: 46  Loss: 0.600115
Train epoch: 46  Loss: 0.617573
Train epoch: 46  Loss: 0.612407
Training on 12415 samples...
Train epoch: 47  Loss: 0.622243
Train epoch: 47  Loss: 0.590503
Train epoch: 47  Loss: 0.610014
Training on 12415 samples...
Train epoch: 48  Loss: 0.589369
Train epoch: 48  Loss: 0.674099
Train epoch: 48  Loss: 0.643377
Training on 12415 samples...
Train epoch: 49  Loss: 0.630878
Train epoch: 49  Loss: 0.592901
Train epoch: 49  Loss: 0.628842
Training on 12415 samples...
Train epoch: 50  Loss: 0.632202
Train epoch: 50  Loss: 0.622761
Train epoch: 50  Loss: 0.615614
Training on 12415 samples...
Train epoch: 51  Loss: 0.624067
Train epoch: 51  Loss: 0.591585
Train epoch: 51  Loss: 0.599996
Training on 12415 samples...
Train epoch: 52  Loss: 0.581605
Train epoch: 52  Loss: 0.580418
Train epoch: 52  Loss: 0.672999
Training on 12415 samples...
Train epoch: 53  Loss: 0.632822
Train epoch: 53  Loss: 0.650560
Train epoch: 53  Loss: 0.659065
Training on 12415 samples...
Train epoch: 54  Loss: 0.604639
Train epoch: 54  Loss: 0.600361
Train epoch: 54  Loss: 0.612947
Training on 12415 samples...
Train epoch: 55  Loss: 0.593637
Train epoch: 55  Loss: 0.648936
Train epoch: 55  Loss: 0.605749
Training on 12415 samples...
Train epoch: 56  Loss: 0.634250
Train epoch: 56  Loss: 0.589483
Train epoch: 56  Loss: 0.623538
Training on 12415 samples...
Train epoch: 57  Loss: 0.616642
Train epoch: 57  Loss: 0.678410
Train epoch: 57  Loss: 0.568075
Training on 12415 samples...
Train epoch: 58  Loss: 0.612246
Train epoch: 58  Loss: 0.607764
Train epoch: 58  Loss: 0.602883
Training on 12415 samples...
Train epoch: 59  Loss: 0.608036
Train epoch: 59  Loss: 0.635442
Train epoch: 59  Loss: 0.586327
Training on 12415 samples...
Train epoch: 60  Loss: 0.630870
Train epoch: 60  Loss: 0.597791
Train epoch: 60  Loss: 0.585180
Training on 12415 samples...
Train epoch: 61  Loss: 0.583480
Train epoch: 61  Loss: 0.601158
Train epoch: 61  Loss: 0.608253
Training on 12415 samples...
Train epoch: 62  Loss: 0.593606
Train epoch: 62  Loss: 0.628297
Train epoch: 62  Loss: 0.607800
Training on 12415 samples...
Train epoch: 63  Loss: 0.617081
Train epoch: 63  Loss: 0.615735
Train epoch: 63  Loss: 0.618605
Training on 12415 samples...
Train epoch: 64  Loss: 0.591685
Train epoch: 64  Loss: 0.615006
Train epoch: 64  Loss: 0.584015
Training on 12415 samples...
Train epoch: 65  Loss: 0.578957
Train epoch: 65  Loss: 0.618263
Train epoch: 65  Loss: 0.627424
Training on 12415 samples...
Train epoch: 66  Loss: 0.612399
Train epoch: 66  Loss: 0.609418
Train epoch: 66  Loss: 0.597895
Training on 12415 samples...
Train epoch: 67  Loss: 0.604154
Train epoch: 67  Loss: 0.620634
Train epoch: 67  Loss: 0.611251
Training on 12415 samples...
Train epoch: 68  Loss: 0.624128
Train epoch: 68  Loss: 0.600638
Train epoch: 68  Loss: 0.576191
Training on 12415 samples...
Train epoch: 69  Loss: 0.567489
Train epoch: 69  Loss: 0.583031
Train epoch: 69  Loss: 0.618934
Training on 12415 samples...
Train epoch: 70  Loss: 0.558989
Train epoch: 70  Loss: 0.613545
Train epoch: 70  Loss: 0.629931
Training on 12415 samples...
Train epoch: 71  Loss: 0.631887
Train epoch: 71  Loss: 0.605664
Train epoch: 71  Loss: 0.641132
Training on 12415 samples...
Train epoch: 72  Loss: 0.599078
Train epoch: 72  Loss: 0.629068
Train epoch: 72  Loss: 0.635827
Training on 12415 samples...
Train epoch: 73  Loss: 0.590897
Train epoch: 73  Loss: 0.615827
Train epoch: 73  Loss: 0.622955
Training on 12415 samples...
Train epoch: 74  Loss: 0.583928
Train epoch: 74  Loss: 0.632326
Train epoch: 74  Loss: 0.582395
Training on 12415 samples...
Train epoch: 75  Loss: 0.614978
Train epoch: 75  Loss: 0.594647
Train epoch: 75  Loss: 0.598433
Training on 12415 samples...
Train epoch: 76  Loss: 0.597857
Train epoch: 76  Loss: 0.589680
Train epoch: 76  Loss: 0.575139
Training on 12415 samples...
Train epoch: 77  Loss: 0.580161
Train epoch: 77  Loss: 0.598574
Train epoch: 77  Loss: 0.630856
Training on 12415 samples...
Train epoch: 78  Loss: 0.603151
Train epoch: 78  Loss: 0.619718
Train epoch: 78  Loss: 0.591875
Training on 12415 samples...
Train epoch: 79  Loss: 0.593253
Train epoch: 79  Loss: 0.629302
Train epoch: 79  Loss: 0.575573
Training on 12415 samples...
Train epoch: 80  Loss: 0.591858
Train epoch: 80  Loss: 0.631211
Train epoch: 80  Loss: 0.535398
Training on 12415 samples...
Train epoch: 81  Loss: 0.587533
Train epoch: 81  Loss: 0.648345
Train epoch: 81  Loss: 0.647105
Training on 12415 samples...
Train epoch: 82  Loss: 0.606055
Train epoch: 82  Loss: 0.615756
Train epoch: 82  Loss: 0.560351
Training on 12415 samples...
Train epoch: 83  Loss: 0.603569
Train epoch: 83  Loss: 0.618042
Train epoch: 83  Loss: 0.585014
Training on 12415 samples...
Train epoch: 84  Loss: 0.613552
Train epoch: 84  Loss: 0.597237
Train epoch: 84  Loss: 0.587267
Training on 12415 samples...
Train epoch: 85  Loss: 0.635219
Train epoch: 85  Loss: 0.573205
Train epoch: 85  Loss: 0.627870
Training on 12415 samples...
Train epoch: 86  Loss: 0.598069
Train epoch: 86  Loss: 0.575688
Train epoch: 86  Loss: 0.586679
Training on 12415 samples...
Train epoch: 87  Loss: 0.592310
Train epoch: 87  Loss: 0.598493
Train epoch: 87  Loss: 0.586742
Training on 12415 samples...
Train epoch: 88  Loss: 0.604033
Train epoch: 88  Loss: 0.598070
Train epoch: 88  Loss: 0.611954
Training on 12415 samples...
Train epoch: 89  Loss: 0.596815
Train epoch: 89  Loss: 0.551107
Train epoch: 89  Loss: 0.602457
Training on 12415 samples...
Train epoch: 90  Loss: 0.610974
Train epoch: 90  Loss: 0.634960
Train epoch: 90  Loss: 0.623541
Training on 12415 samples...
Train epoch: 91  Loss: 0.601355
Train epoch: 91  Loss: 0.637397
Train epoch: 91  Loss: 0.588956
Training on 12415 samples...
Train epoch: 92  Loss: 0.597407
Train epoch: 92  Loss: 0.648809
Train epoch: 92  Loss: 0.586306
Training on 12415 samples...
Train epoch: 93  Loss: 0.619473
Train epoch: 93  Loss: 0.584432
Train epoch: 93  Loss: 0.578962
Training on 12415 samples...
Train epoch: 94  Loss: 0.628237
Train epoch: 94  Loss: 0.597272
Train epoch: 94  Loss: 0.609981
Training on 12415 samples...
Train epoch: 95  Loss: 0.601256
Train epoch: 95  Loss: 0.580722
Train epoch: 95  Loss: 0.589454
Training on 12415 samples...
Train epoch: 96  Loss: 0.616810
Train epoch: 96  Loss: 0.567247
Train epoch: 96  Loss: 0.619549
Training on 12415 samples...
Train epoch: 97  Loss: 0.575827
Train epoch: 97  Loss: 0.633050
Train epoch: 97  Loss: 0.610135
Training on 12415 samples...
Train epoch: 98  Loss: 0.652070
Train epoch: 98  Loss: 0.594657
Train epoch: 98  Loss: 0.558765
Training on 12415 samples...
Train epoch: 99  Loss: 0.600597
Train epoch: 99  Loss: 0.610743
Train epoch: 99  Loss: 0.591017
Training on 12415 samples...
Train epoch: 100  Loss: 0.558738
Train epoch: 100  Loss: 0.618918
Train epoch: 100  Loss: 0.622763
4
Pre-processed data found: data/processed/new_labels_0_10_drug1.pt, loading ...
Pre-processed data found: data/processed/new_labels_0_10_drug2.pt, loading ...
Training on 12415 samples...
Train epoch: 1  Loss: 0.694661
Train epoch: 1  Loss: 0.692646
Train epoch: 1  Loss: 0.692695
Training on 12415 samples...
Train epoch: 2  Loss: 0.691825
Train epoch: 2  Loss: 0.692838
Train epoch: 2  Loss: 0.691655
Training on 12415 samples...
Train epoch: 3  Loss: 0.686069
Train epoch: 3  Loss: 0.657633
Train epoch: 3  Loss: 0.660074
Training on 12415 samples...
Train epoch: 4  Loss: 0.666491
Train epoch: 4  Loss: 0.644597
Train epoch: 4  Loss: 0.623914
Training on 12415 samples...
Train epoch: 5  Loss: 0.619638
Train epoch: 5  Loss: 0.645081
Train epoch: 5  Loss: 0.614402
Training on 12415 samples...
Train epoch: 6  Loss: 0.645549
Train epoch: 6  Loss: 0.637514
Train epoch: 6  Loss: 0.619370
Training on 12415 samples...
Train epoch: 7  Loss: 0.626071
Train epoch: 7  Loss: 0.588531
Train epoch: 7  Loss: 0.661172
Training on 12415 samples...
Train epoch: 8  Loss: 0.643682
Train epoch: 8  Loss: 0.641210
Train epoch: 8  Loss: 0.638865
Training on 12415 samples...
Train epoch: 9  Loss: 0.600098
Train epoch: 9  Loss: 0.631990
Train epoch: 9  Loss: 0.642325
Training on 12415 samples...
Train epoch: 10  Loss: 0.614504
Train epoch: 10  Loss: 0.613083
Train epoch: 10  Loss: 0.632320
Training on 12415 samples...
Train epoch: 11  Loss: 0.591390
Train epoch: 11  Loss: 0.615597
Train epoch: 11  Loss: 0.609513
Training on 12415 samples...
Train epoch: 12  Loss: 0.632327
Train epoch: 12  Loss: 0.643991
Train epoch: 12  Loss: 0.630579
Training on 12415 samples...
Train epoch: 13  Loss: 0.594158
Train epoch: 13  Loss: 0.631440
Train epoch: 13  Loss: 0.604349
Training on 12415 samples...
Train epoch: 14  Loss: 0.644740
Train epoch: 14  Loss: 0.604298
Train epoch: 14  Loss: 0.650062
Training on 12415 samples...
Train epoch: 15  Loss: 0.603073
Train epoch: 15  Loss: 0.598007
Train epoch: 15  Loss: 0.632553
Training on 12415 samples...
Train epoch: 16  Loss: 0.616944
Train epoch: 16  Loss: 0.591810
Train epoch: 16  Loss: 0.626620
Training on 12415 samples...
Train epoch: 17  Loss: 0.629892
Train epoch: 17  Loss: 0.613685
Train epoch: 17  Loss: 0.583707
Training on 12415 samples...
Train epoch: 18  Loss: 0.633677
Train epoch: 18  Loss: 0.594921
Train epoch: 18  Loss: 0.600486
Training on 12415 samples...
Train epoch: 19  Loss: 0.635425
Train epoch: 19  Loss: 0.583688
Train epoch: 19  Loss: 0.638678
Training on 12415 samples...
Train epoch: 20  Loss: 0.629742
Train epoch: 20  Loss: 0.588994
Train epoch: 20  Loss: 0.617839
Training on 12415 samples...
Train epoch: 21  Loss: 0.633306
Train epoch: 21  Loss: 0.616661
Train epoch: 21  Loss: 0.603789
Training on 12415 samples...
Train epoch: 22  Loss: 0.597556
Train epoch: 22  Loss: 0.588311
Train epoch: 22  Loss: 0.615445
Training on 12415 samples...
Train epoch: 23  Loss: 0.617593
Train epoch: 23  Loss: 0.585312
Train epoch: 23  Loss: 0.643523
Training on 12415 samples...
Train epoch: 24  Loss: 0.634733
Train epoch: 24  Loss: 0.642147
Train epoch: 24  Loss: 0.599399
Training on 12415 samples...
Train epoch: 25  Loss: 0.640476
Train epoch: 25  Loss: 0.637520
Train epoch: 25  Loss: 0.606641
Training on 12415 samples...
Train epoch: 26  Loss: 0.584683
Train epoch: 26  Loss: 0.621516
Train epoch: 26  Loss: 0.589958
Training on 12415 samples...
Train epoch: 27  Loss: 0.635783
Train epoch: 27  Loss: 0.615805
Train epoch: 27  Loss: 0.605831
Training on 12415 samples...
Train epoch: 28  Loss: 0.599108
Train epoch: 28  Loss: 0.595975
Train epoch: 28  Loss: 0.616913
Training on 12415 samples...
Train epoch: 29  Loss: 0.621773
Train epoch: 29  Loss: 0.562402
Train epoch: 29  Loss: 0.600506
Training on 12415 samples...
Train epoch: 30  Loss: 0.656776
Train epoch: 30  Loss: 0.617628
Train epoch: 30  Loss: 0.585727
Training on 12415 samples...
Train epoch: 31  Loss: 0.604061
Train epoch: 31  Loss: 0.619428
Train epoch: 31  Loss: 0.663840
Training on 12415 samples...
Train epoch: 32  Loss: 0.614563
Train epoch: 32  Loss: 0.552503
Train epoch: 32  Loss: 0.640571
Training on 12415 samples...
Train epoch: 33  Loss: 0.622016
Train epoch: 33  Loss: 0.611738
Train epoch: 33  Loss: 0.550215
Training on 12415 samples...
Train epoch: 34  Loss: 0.634328
Train epoch: 34  Loss: 0.642931
Train epoch: 34  Loss: 0.599831
Training on 12415 samples...
Train epoch: 35  Loss: 0.608996
Train epoch: 35  Loss: 0.625512
Train epoch: 35  Loss: 0.562208
Training on 12415 samples...
Train epoch: 36  Loss: 0.606770
Train epoch: 36  Loss: 0.646122
Train epoch: 36  Loss: 0.612477
Training on 12415 samples...
Train epoch: 37  Loss: 0.618177
Train epoch: 37  Loss: 0.569946
Train epoch: 37  Loss: 0.618239
Training on 12415 samples...
Train epoch: 38  Loss: 0.613422
Train epoch: 38  Loss: 0.608535
Train epoch: 38  Loss: 0.636373
Training on 12415 samples...
Train epoch: 39  Loss: 0.605559
Train epoch: 39  Loss: 0.602501
Train epoch: 39  Loss: 0.596750
Training on 12415 samples...
Train epoch: 40  Loss: 0.630426
Train epoch: 40  Loss: 0.556625
Train epoch: 40  Loss: 0.598119
Training on 12415 samples...
Train epoch: 41  Loss: 0.649572
Train epoch: 41  Loss: 0.601600
Train epoch: 41  Loss: 0.600413
Training on 12415 samples...
Train epoch: 42  Loss: 0.596348
Train epoch: 42  Loss: 0.598231
Train epoch: 42  Loss: 0.651019
Training on 12415 samples...
Train epoch: 43  Loss: 0.625541
Train epoch: 43  Loss: 0.612807
Train epoch: 43  Loss: 0.649982
Training on 12415 samples...
Train epoch: 44  Loss: 0.598465
Train epoch: 44  Loss: 0.601163
Train epoch: 44  Loss: 0.635111
Training on 12415 samples...
Train epoch: 45  Loss: 0.607593
Train epoch: 45  Loss: 0.617510
Train epoch: 45  Loss: 0.626916
Training on 12415 samples...
Train epoch: 46  Loss: 0.614491
Train epoch: 46  Loss: 0.608931
Train epoch: 46  Loss: 0.607326
Training on 12415 samples...
Train epoch: 47  Loss: 0.584114
Train epoch: 47  Loss: 0.615614
Train epoch: 47  Loss: 0.614788
Training on 12415 samples...
Train epoch: 48  Loss: 0.604554
Train epoch: 48  Loss: 0.629049
Train epoch: 48  Loss: 0.590697
Training on 12415 samples...
Train epoch: 49  Loss: 0.629108
Train epoch: 49  Loss: 0.619412
Train epoch: 49  Loss: 0.635294
Training on 12415 samples...
Train epoch: 50  Loss: 0.616260
Train epoch: 50  Loss: 0.584564
Train epoch: 50  Loss: 0.627497
Training on 12415 samples...
Train epoch: 51  Loss: 0.593024
Train epoch: 51  Loss: 0.595884
Train epoch: 51  Loss: 0.632870
Training on 12415 samples...
Train epoch: 52  Loss: 0.639416
Train epoch: 52  Loss: 0.585997
Train epoch: 52  Loss: 0.593579
Training on 12415 samples...
Train epoch: 53  Loss: 0.623393
Train epoch: 53  Loss: 0.648096
Train epoch: 53  Loss: 0.594355
Training on 12415 samples...
Train epoch: 54  Loss: 0.593816
Train epoch: 54  Loss: 0.622591
Train epoch: 54  Loss: 0.616158
Training on 12415 samples...
Train epoch: 55  Loss: 0.606221
Train epoch: 55  Loss: 0.629967
Train epoch: 55  Loss: 0.608801
Training on 12415 samples...
Train epoch: 56  Loss: 0.598449
Train epoch: 56  Loss: 0.573547
Train epoch: 56  Loss: 0.614786
Training on 12415 samples...
Train epoch: 57  Loss: 0.625545
Train epoch: 57  Loss: 0.567585
Train epoch: 57  Loss: 0.585502
Training on 12415 samples...
Train epoch: 58  Loss: 0.595907
Train epoch: 58  Loss: 0.615345
Train epoch: 58  Loss: 0.600784
Training on 12415 samples...
Train epoch: 59  Loss: 0.585232
Train epoch: 59  Loss: 0.575882
Train epoch: 59  Loss: 0.550002
Training on 12415 samples...
Train epoch: 60  Loss: 0.605880
Train epoch: 60  Loss: 0.625789
Train epoch: 60  Loss: 0.584143
Training on 12415 samples...
Train epoch: 61  Loss: 0.612659
Train epoch: 61  Loss: 0.595141
Train epoch: 61  Loss: 0.672683
Training on 12415 samples...
Train epoch: 62  Loss: 0.624006
Train epoch: 62  Loss: 0.620738
Train epoch: 62  Loss: 0.637435
Training on 12415 samples...
Train epoch: 63  Loss: 0.566236
Train epoch: 63  Loss: 0.611994
Train epoch: 63  Loss: 0.594133
Training on 12415 samples...
Train epoch: 64  Loss: 0.569632
Train epoch: 64  Loss: 0.608377
Train epoch: 64  Loss: 0.641756
Training on 12415 samples...
Train epoch: 65  Loss: 0.589345
Train epoch: 65  Loss: 0.622678
Train epoch: 65  Loss: 0.618787
Training on 12415 samples...
Train epoch: 66  Loss: 0.601436
Train epoch: 66  Loss: 0.610250
Train epoch: 66  Loss: 0.616973
Training on 12415 samples...
Train epoch: 67  Loss: 0.648243
Train epoch: 67  Loss: 0.597788
Train epoch: 67  Loss: 0.615355
Training on 12415 samples...
Train epoch: 68  Loss: 0.598922
Train epoch: 68  Loss: 0.662513
Train epoch: 68  Loss: 0.621148
Training on 12415 samples...
Train epoch: 69  Loss: 0.651440
Train epoch: 69  Loss: 0.585231
Train epoch: 69  Loss: 0.620406
Training on 12415 samples...
Train epoch: 70  Loss: 0.608533
Train epoch: 70  Loss: 0.615615
Train epoch: 70  Loss: 0.580926
Training on 12415 samples...
Train epoch: 71  Loss: 0.552368
Train epoch: 71  Loss: 0.611740
Train epoch: 71  Loss: 0.621199
Training on 12415 samples...
Train epoch: 72  Loss: 0.590798
Train epoch: 72  Loss: 0.630078
Train epoch: 72  Loss: 0.590243
Training on 12415 samples...
Train epoch: 73  Loss: 0.602259
Train epoch: 73  Loss: 0.570780
Train epoch: 73  Loss: 0.598389
Training on 12415 samples...
Train epoch: 74  Loss: 0.572541
Train epoch: 74  Loss: 0.600173
Train epoch: 74  Loss: 0.614957
Training on 12415 samples...
Train epoch: 75  Loss: 0.580014
Train epoch: 75  Loss: 0.608662
Train epoch: 75  Loss: 0.627255
Training on 12415 samples...
Train epoch: 76  Loss: 0.598952
Train epoch: 76  Loss: 0.598698
Train epoch: 76  Loss: 0.601742
Training on 12415 samples...
Train epoch: 77  Loss: 0.620809
Train epoch: 77  Loss: 0.609684
Train epoch: 77  Loss: 0.581721
Training on 12415 samples...
Train epoch: 78  Loss: 0.560059
Train epoch: 78  Loss: 0.576872
Train epoch: 78  Loss: 0.612104
Training on 12415 samples...
Train epoch: 79  Loss: 0.602130
Train epoch: 79  Loss: 0.570287
Train epoch: 79  Loss: 0.573174
Training on 12415 samples...
Train epoch: 80  Loss: 0.604469
Train epoch: 80  Loss: 0.611373
Train epoch: 80  Loss: 0.603169
Training on 12415 samples...
Train epoch: 81  Loss: 0.585625
Train epoch: 81  Loss: 0.608548
Train epoch: 81  Loss: 0.614928
Training on 12415 samples...
Train epoch: 82  Loss: 0.587188
Train epoch: 82  Loss: 0.590825
Train epoch: 82  Loss: 0.627676
Training on 12415 samples...
Train epoch: 83  Loss: 0.621368
Train epoch: 83  Loss: 0.630114
Train epoch: 83  Loss: 0.574064
Training on 12415 samples...
Train epoch: 84  Loss: 0.660022
Train epoch: 84  Loss: 0.597011
Train epoch: 84  Loss: 0.598595
Training on 12415 samples...
Train epoch: 85  Loss: 0.586569
Train epoch: 85  Loss: 0.595143
Train epoch: 85  Loss: 0.566719
Training on 12415 samples...
Train epoch: 86  Loss: 0.627793
Train epoch: 86  Loss: 0.624301
Train epoch: 86  Loss: 0.573551
Training on 12415 samples...
Train epoch: 87  Loss: 0.597586
Train epoch: 87  Loss: 0.615450
Train epoch: 87  Loss: 0.630795
Training on 12415 samples...
Train epoch: 88  Loss: 0.599663
Train epoch: 88  Loss: 0.598742
Train epoch: 88  Loss: 0.576335
Training on 12415 samples...
Train epoch: 89  Loss: 0.606275
Train epoch: 89  Loss: 0.610478
Train epoch: 89  Loss: 0.590919
Training on 12415 samples...
Train epoch: 90  Loss: 0.572297
Train epoch: 90  Loss: 0.617369
Train epoch: 90  Loss: 0.615143
Training on 12415 samples...
Train epoch: 91  Loss: 0.561782
Train epoch: 91  Loss: 0.550887
Train epoch: 91  Loss: 0.611521
Training on 12415 samples...
Train epoch: 92  Loss: 0.600641
Train epoch: 92  Loss: 0.604921
Train epoch: 92  Loss: 0.627682
Training on 12415 samples...
Train epoch: 93  Loss: 0.612145
Train epoch: 93  Loss: 0.637322
Train epoch: 93  Loss: 0.590289
Training on 12415 samples...
Train epoch: 94  Loss: 0.589348
Train epoch: 94  Loss: 0.589035
Train epoch: 94  Loss: 0.607796
Training on 12415 samples...
Train epoch: 95  Loss: 0.576406
Train epoch: 95  Loss: 0.597531
Train epoch: 95  Loss: 0.604942
Training on 12415 samples...
Train epoch: 96  Loss: 0.600350
Train epoch: 96  Loss: 0.603902
Train epoch: 96  Loss: 0.588117
Training on 12415 samples...
Train epoch: 97  Loss: 0.578073
Train epoch: 97  Loss: 0.594812
Train epoch: 97  Loss: 0.626986
Training on 12415 samples...
Train epoch: 98  Loss: 0.598086
Train epoch: 98  Loss: 0.641824
Train epoch: 98  Loss: 0.623150
Training on 12415 samples...
Train epoch: 99  Loss: 0.600890
Train epoch: 99  Loss: 0.618194
Train epoch: 99  Loss: 0.593433
Training on 12415 samples...
Train epoch: 100  Loss: 0.593895
Train epoch: 100  Loss: 0.595118
Train epoch: 100  Loss: 0.616152
Make prediction for 1252 samples...
ROC AUC: 0.7278162679425838
PR AUC: 0.7390686440751943
ACC: 0.6573482428115016
BACC: 0.6571904306220095
PREC: 0.6952191235059761
TPR: 0.5584
KAPPA: 0.3144795687067329
Recall: 0.5584
F1 Score: 0.619343389529725
